<testsuites id="" name="" tests="380" failures="0" skipped="85" errors="10" time="1492.358714">
<testsuite name="admin.spec.js" timestamp="2026-08-14T12:11:25.539Z" hostname="chromium" tests="25" failures="0" skipped="13" time="229.018" errors="1">
<testcase name="OrangeHRM Admin Module › TC_ADMIN_01: Add new user (Pre-requisite: Add Employee first)" classname="admin.spec.js" time="87.609">
<system-out>
<![CDATA[
[[ATTACHMENT|..\..\Evidence\admin-OrangeHRM-Admin-Modu-2950a-quisite-Add-Employee-first--chromium-retry1\test-failed-1.png]]

[[ATTACHMENT|..\..\Evidence\admin-OrangeHRM-Admin-Modu-2950a-quisite-Add-Employee-first--chromium-retry1\video.webm]]

[[ATTACHMENT|..\..\Evidence\admin-OrangeHRM-Admin-Modu-2950a-quisite-Add-Employee-first--chromium-retry1\error-context.md]]

[[ATTACHMENT|..\..\Evidence\admin-OrangeHRM-Admin-Modu-2950a-quisite-Add-Employee-first--chromium-retry1\trace.zip]]
]]>
</system-out>
</testcase>
<testcase name="OrangeHRM Admin Module › TC_ADMIN_02: Search user by username" classname="admin.spec.js" time="7.084">
</testcase>
<testcase name="OrangeHRM Admin Module › TC_ADMIN_03: Update user details" classname="admin.spec.js" time="15.705">
</testcase>
<testcase name="OrangeHRM Admin Module › TC_ADMIN_04: Verify user role displays correctly in search results" classname="admin.spec.js" time="7.663">
</testcase>
<testcase name="OrangeHRM Admin Module › TC_ADMIN_05: Verify Admin page has Add button visible" classname="admin.spec.js" time="13.535">
</testcase>
<testcase name="OrangeHRM Admin Module › TC_ADMIN_06: Delete existing user and cleanup employee" classname="admin.spec.js" time="22.317">
</testcase>
<testcase name="OrangeHRM Admin Module › TC_ADMIN_07: Verify resetting the search form clears username field" classname="admin.spec.js" time="8.562">
</testcase>
<testcase name="OrangeHRM Admin Module › TC_ADMIN_08: Verify search with non-existent username returns zero records" classname="admin.spec.js" time="13.787">
</testcase>
<testcase name="OrangeHRM Admin Module › TC_ADMIN_09: Verify Admin sub-menu bar contains User Management item" classname="admin.spec.js" time="13.095">
</testcase>
<testcase name="OrangeHRM Admin Module › TC_ADMIN_10: Verify Job dropdown menu is visible in top navigation bar" classname="admin.spec.js" time="7.703">
</testcase>
<testcase name="OrangeHRM Admin Module › TC_ADMIN_11: Verify Organization dropdown menu is visible in top navigation bar" classname="admin.spec.js" time="8.052">
</testcase>
<testcase name="OrangeHRM Admin Module › TC_ADMIN_12: Verify Qualifications dropdown menu is visible in top navigation bar" classname="admin.spec.js" time="23.906">
<system-out>
<![CDATA[
[[ATTACHMENT|..\..\Evidence\admin-OrangeHRM-Admin-Modu-37c32-sible-in-top-navigation-bar-chromium\test-failed-1.png]]

[[ATTACHMENT|..\..\Evidence\admin-OrangeHRM-Admin-Modu-37c32-sible-in-top-navigation-bar-chromium\video.webm]]

[[ATTACHMENT|..\..\Evidence\admin-OrangeHRM-Admin-Modu-37c32-sible-in-top-navigation-bar-chromium\error-context.md]]

[[ATTACHMENT|..\..\Evidence\admin-OrangeHRM-Admin-Modu-37c32-sible-in-top-navigation-bar-chromium\trace.zip]]
]]>
</system-out>
<error message="locator.waitFor: Timeout 20000ms exceeded." type="TimeoutError">
<![CDATA[  [chromium] › admin.spec.js:104:3 › OrangeHRM Admin Module › TC_ADMIN_12: Verify Qualifications dropdown menu is visible in top navigation bar 

    TimeoutError: locator.waitFor: Timeout 20000ms exceeded.
    Call log:
      - waiting for locator('button.orangehrm-login-button') to be visible


       at ..\pages\LoginPage.js:40

      38 |   async navigate() {
      39 |     await this.page.goto('/web/index.php/auth/login');
    > 40 |     await this.loginButton.waitFor({ state: 'visible', timeout: 20000 });
         |                            ^
      41 |   }
      42 |
      43 |   // ── Actions ──
        at LoginPage.navigate (D:\OrangeHRM-Automation-using-Playwright-and-JavaScript\pages\LoginPage.js:40:28)
        at D:\OrangeHRM-Automation-using-Playwright-and-JavaScript\tests\admin.spec.js:12:5

    attachment #1: screenshot (image/png) ──────────────────────────────────────────────────────────
    ..\Results\Evidence\admin-OrangeHRM-Admin-Modu-37c32-sible-in-top-navigation-bar-chromium\test-failed-1.png
    ────────────────────────────────────────────────────────────────────────────────────────────────

    attachment #2: video (video/webm) ──────────────────────────────────────────────────────────────
    ..\Results\Evidence\admin-OrangeHRM-Admin-Modu-37c32-sible-in-top-navigation-bar-chromium\video.webm
    ────────────────────────────────────────────────────────────────────────────────────────────────

    Error Context: ..\Results\Evidence\admin-OrangeHRM-Admin-Modu-37c32-sible-in-top-navigation-bar-chromium\error-context.md

    attachment #4: trace (application/zip) ─────────────────────────────────────────────────────────
    ..\Results\Evidence\admin-OrangeHRM-Admin-Modu-37c32-sible-in-top-navigation-bar-chromium\trace.zip
    Usage:

        npx playwright show-trace ..\Results\Evidence\admin-OrangeHRM-Admin-Modu-37c32-sible-in-top-navigation-bar-chromium\trace.zip

    ────────────────────────────────────────────────────────────────────────────────────────────────
]]>
</error>
</testcase>
<testcase name="OrangeHRM Admin Module › TC_ADMIN_13: Verify Nationalities tab item is visible in top navigation bar" classname="admin.spec.js">
<skipped>
</skipped>
</testcase>
<testcase name="OrangeHRM Admin Module › TC_ADMIN_14: Verify Corporate Branding tab item is visible in top navigation bar" classname="admin.spec.js">
<skipped>
</skipped>
</testcase>
<testcase name="OrangeHRM Admin Module › TC_ADMIN_15: Verify Configuration dropdown menu is visible in top navigation bar" classname="admin.spec.js">
<skipped>
</skipped>
</testcase>
<testcase name="OrangeHRM Admin Module › TC_ADMIN_16: Verify validation error on adding user with empty password" classname="admin.spec.js">
<skipped>
</skipped>
</testcase>
<testcase name="OrangeHRM Admin Module › TC_ADMIN_17: Verify validation error on adding user with mismatched confirm password" classname="admin.spec.js">
<skipped>
</skipped>
</testcase>
<testcase name="OrangeHRM Admin Module › TC_ADMIN_18: Verify autocomplete dropdown is hidden by default" classname="admin.spec.js">
<skipped>
</skipped>
</testcase>
<testcase name="OrangeHRM Admin Module › TC_ADMIN_19: Verify cancel button returns to user grid page" classname="admin.spec.js">
<skipped>
</skipped>
</testcase>
<testcase name="OrangeHRM Admin Module › TC_ADMIN_20: Verify select all checkbox is visible on table header" classname="admin.spec.js">
<skipped>
</skipped>
</testcase>
<testcase name="OrangeHRM Admin Module › TC_ADMIN_21: Verify row checkbox can be hovered and clicked" classname="admin.spec.js">
<skipped>
</skipped>
</testcase>
<testcase name="OrangeHRM Admin Module › TC_ADMIN_22: Verify records count display text exists above table" classname="admin.spec.js">
<skipped>
</skipped>
</testcase>
<testcase name="OrangeHRM Admin Module › TC_ADMIN_23: Verify Admin breadcrumb title contains User Management" classname="admin.spec.js">
<skipped>
</skipped>
</testcase>
<testcase name="OrangeHRM Admin Module › TC_ADMIN_24: Verify table column headers Username, User Role, Employee Name, Status, Actions exist" classname="admin.spec.js">
<skipped>
</skipped>
</testcase>
<testcase name="OrangeHRM Admin Module › TC_ADMIN_25: Verify search button tag name is button" classname="admin.spec.js">
<skipped>
</skipped>
</testcase>
</testsuite>
<testsuite name="buzz.spec.js" timestamp="2026-08-14T12:11:25.539Z" hostname="chromium" tests="28" failures="0" skipped="0" time="370.127" errors="1">
<testcase name="OrangeHRM Buzz Module › TC_BUZZ_01: Verify Buzz page loads feed correctly" classname="buzz.spec.js" time="15.351">
</testcase>
<testcase name="OrangeHRM Buzz Module › TC_BUZZ_02: Verify successful creation of new post" classname="buzz.spec.js" time="17.555">
</testcase>
<testcase name="OrangeHRM Buzz Module › TC_BUZZ_03: Verify feed filtering tabs are functional" classname="buzz.spec.js" time="16.715">
</testcase>
<testcase name="OrangeHRM Buzz Module › TC_BUZZ_04: Verify post button is disabled/ignored when post text is empty" classname="buzz.spec.js" time="9.501">
</testcase>
<testcase name="OrangeHRM Buzz Module › TC_BUZZ_05: Verify Share Photos button is visible" classname="buzz.spec.js" time="5.797">
</testcase>
<testcase name="OrangeHRM Buzz Module › TC_BUZZ_06: Verify Share Video button is visible" classname="buzz.spec.js" time="6.69">
</testcase>
<testcase name="OrangeHRM Buzz Module › TC_BUZZ_07: Verify post textarea placeholder is What&apos;s on your mind?" classname="buzz.spec.js" time="7.064">
</testcase>
<testcase name="OrangeHRM Buzz Module › TC_BUZZ_08: Verify Most Recent Posts tab is visible by default" classname="buzz.spec.js" time="10.089">
</testcase>
<testcase name="OrangeHRM Buzz Module › TC_BUZZ_09: Verify Most Commented Posts tab filters newsfeed" classname="buzz.spec.js" time="14.4">
</testcase>
<testcase name="OrangeHRM Buzz Module › TC_BUZZ_10: Verify newsfeed contains cards with profile avatars" classname="buzz.spec.js" time="11.597">
</testcase>
<testcase name="OrangeHRM Buzz Module › TC_BUZZ_11: Verify user profile name link is visible on each post card" classname="buzz.spec.js" time="10.248">
</testcase>
<testcase name="OrangeHRM Buzz Module › TC_BUZZ_12: Verify timestamp elapsed duration text exists on post" classname="buzz.spec.js" time="7.815">
</testcase>
<testcase name="OrangeHRM Buzz Module › TC_BUZZ_13: Verify clicking Like button toggles like state" classname="buzz.spec.js" time="12.45">
</testcase>
<testcase name="OrangeHRM Buzz Module › TC_BUZZ_14: Verify Comment icon button exists on feed posts" classname="buzz.spec.js" time="10.591">
</testcase>
<testcase name="OrangeHRM Buzz Module › TC_BUZZ_15: Verify Share icon button exists on feed posts" classname="buzz.spec.js" time="7.091">
</testcase>
<testcase name="OrangeHRM Buzz Module › TC_BUZZ_16: Verify Buzz page URL path is correct" classname="buzz.spec.js" time="7.594">
</testcase>
<testcase name="OrangeHRM Buzz Module › TC_BUZZ_17: Verify Share Photos button opens dialog pop-up" classname="buzz.spec.js" time="58.431">
<system-out>
<![CDATA[
[[ATTACHMENT|..\..\Evidence\buzz-OrangeHRM-Buzz-Module-fa2e7--button-opens-dialog-pop-up-chromium\test-failed-1.png]]

[[ATTACHMENT|..\..\Evidence\buzz-OrangeHRM-Buzz-Module-fa2e7--button-opens-dialog-pop-up-chromium\video.webm]]

[[ATTACHMENT|..\..\Evidence\buzz-OrangeHRM-Buzz-Module-fa2e7--button-opens-dialog-pop-up-chromium\error-context.md]]

[[ATTACHMENT|..\..\Evidence\buzz-OrangeHRM-Buzz-Module-fa2e7--button-opens-dialog-pop-up-chromium\trace.zip]]

[[ATTACHMENT|..\..\Evidence\buzz-OrangeHRM-Buzz-Module-fa2e7--button-opens-dialog-pop-up-chromium-retry1\test-failed-1.png]]

[[ATTACHMENT|..\..\Evidence\buzz-OrangeHRM-Buzz-Module-fa2e7--button-opens-dialog-pop-up-chromium-retry1\video.webm]]

[[ATTACHMENT|..\..\Evidence\buzz-OrangeHRM-Buzz-Module-fa2e7--button-opens-dialog-pop-up-chromium-retry1\error-context.md]]

[[ATTACHMENT|..\..\Evidence\buzz-OrangeHRM-Buzz-Module-fa2e7--button-opens-dialog-pop-up-chromium-retry1\trace.zip]]
]]>
</system-out>
<error message="locator.waitFor: Timeout 20000ms exceeded." type="TimeoutError">
<![CDATA[  [chromium] › buzz.spec.js:105:3 › OrangeHRM Buzz Module › TC_BUZZ_17: Verify Share Photos button opens dialog pop-up 

    TimeoutError: locator.waitFor: Timeout 20000ms exceeded.
    Call log:
      - waiting for locator('button.orangehrm-login-button') to be visible


       at ..\pages\LoginPage.js:40

      38 |   async navigate() {
      39 |     await this.page.goto('/web/index.php/auth/login');
    > 40 |     await this.loginButton.waitFor({ state: 'visible', timeout: 20000 });
         |                            ^
      41 |   }
      42 |
      43 |   // ── Actions ──
        at LoginPage.navigate (D:\OrangeHRM-Automation-using-Playwright-and-JavaScript\pages\LoginPage.js:40:28)
        at D:\OrangeHRM-Automation-using-Playwright-and-JavaScript\tests\buzz.spec.js:7:5

    attachment #1: screenshot (image/png) ──────────────────────────────────────────────────────────
    ..\Results\Evidence\buzz-OrangeHRM-Buzz-Module-fa2e7--button-opens-dialog-pop-up-chromium\test-failed-1.png
    ────────────────────────────────────────────────────────────────────────────────────────────────

    attachment #2: video (video/webm) ──────────────────────────────────────────────────────────────
    ..\Results\Evidence\buzz-OrangeHRM-Buzz-Module-fa2e7--button-opens-dialog-pop-up-chromium\video.webm
    ────────────────────────────────────────────────────────────────────────────────────────────────

    Error Context: ..\Results\Evidence\buzz-OrangeHRM-Buzz-Module-fa2e7--button-opens-dialog-pop-up-chromium\error-context.md

    attachment #4: trace (application/zip) ─────────────────────────────────────────────────────────
    ..\Results\Evidence\buzz-OrangeHRM-Buzz-Module-fa2e7--button-opens-dialog-pop-up-chromium\trace.zip
    Usage:

        npx playwright show-trace ..\Results\Evidence\buzz-OrangeHRM-Buzz-Module-fa2e7--button-opens-dialog-pop-up-chromium\trace.zip

    ────────────────────────────────────────────────────────────────────────────────────────────────

    Retry #1 ───────────────────────────────────────────────────────────────────────────────────────

    TimeoutError: page.goto: Timeout 30000ms exceeded.
    Call log:
      - navigating to "https://opensource-demo.orangehrmlive.com/web/index.php/auth/login", waiting until "load"


       at ..\pages\LoginPage.js:39

      37 |   // ── Navigation ──
      38 |   async navigate() {
    > 39 |     await this.page.goto('/web/index.php/auth/login');
         |                     ^
      40 |     await this.loginButton.waitFor({ state: 'visible', timeout: 20000 });
      41 |   }
      42 |
        at LoginPage.navigate (D:\OrangeHRM-Automation-using-Playwright-and-JavaScript\pages\LoginPage.js:39:21)
        at D:\OrangeHRM-Automation-using-Playwright-and-JavaScript\tests\buzz.spec.js:7:21

    attachment #1: screenshot (image/png) ──────────────────────────────────────────────────────────
    ..\Results\Evidence\buzz-OrangeHRM-Buzz-Module-fa2e7--button-opens-dialog-pop-up-chromium-retry1\test-failed-1.png
    ────────────────────────────────────────────────────────────────────────────────────────────────

    attachment #2: video (video/webm) ──────────────────────────────────────────────────────────────
    ..\Results\Evidence\buzz-OrangeHRM-Buzz-Module-fa2e7--button-opens-dialog-pop-up-chromium-retry1\video.webm
    ────────────────────────────────────────────────────────────────────────────────────────────────

    Error Context: ..\Results\Evidence\buzz-OrangeHRM-Buzz-Module-fa2e7--button-opens-dialog-pop-up-chromium-retry1\error-context.md

    attachment #4: trace (application/zip) ─────────────────────────────────────────────────────────
    ..\Results\Evidence\buzz-OrangeHRM-Buzz-Module-fa2e7--button-opens-dialog-pop-up-chromium-retry1\trace.zip
    Usage:

        npx playwright show-trace ..\Results\Evidence\buzz-OrangeHRM-Buzz-Module-fa2e7--button-opens-dialog-pop-up-chromium-retry1\trace.zip

    ────────────────────────────────────────────────────────────────────────────────────────────────
]]>
</error>
</testcase>
<testcase name="OrangeHRM Buzz Module › TC_BUZZ_18: Verify Share Video button opens dialog pop-up" classname="buzz.spec.js" time="13.413">
</testcase>
<testcase name="OrangeHRM Buzz Module › TC_BUZZ_19: Verify post options dropdown (dot menu) is functional" classname="buzz.spec.js" time="14.697">
</testcase>
<testcase name="OrangeHRM Buzz Module › TC_BUZZ_20: Verify feed scroll behavior is responsive" classname="buzz.spec.js" time="12.187">
</testcase>
<testcase name="OrangeHRM Buzz Module › TC_BUZZ_21: Verify post content area does not overflow card width" classname="buzz.spec.js" time="11.265">
</testcase>
<testcase name="OrangeHRM Buzz Module › TC_BUZZ_22: Verify video link validation error message when empty video link is posted" classname="buzz.spec.js" time="9.423">
</testcase>
<testcase name="OrangeHRM Buzz Module › TC_BUZZ_23: Verify profile card elements are visible in left column of Buzz page" classname="buzz.spec.js" time="10.351">
</testcase>
<testcase name="OrangeHRM Buzz Module › TC_BUZZ_24: Verify post textarea accepts special characters and emojis" classname="buzz.spec.js" time="15.44">
</testcase>
<testcase name="OrangeHRM Buzz Module › TC_BUZZ_25: Verify Buzz title in topbar matches breadcrumb text" classname="buzz.spec.js" time="14.869">
</testcase>
<testcase name="OrangeHRM Buzz Module › TC_BUZZ_26: Verify creating a post with an extremely long text body does not crash the feed (edge case)" classname="buzz.spec.js" time="11.556">
</testcase>
<testcase name="OrangeHRM Buzz Module › TC_BUZZ_27: Verify a newly created post appears near the top of the Most Recent Posts feed (positive)" classname="buzz.spec.js" time="15.492">
</testcase>
<testcase name="OrangeHRM Buzz Module › TC_BUZZ_28: Verify a script tag entered in the post textarea is rendered as plain text and not executed (negative)" classname="buzz.spec.js" time="12.455">
</testcase>
</testsuite>
<testsuite name="changePassword.spec.js" timestamp="2026-08-14T12:11:25.539Z" hostname="chromium" tests="28" failures="0" skipped="0" time="212.544" errors="0">
<testcase name="OrangeHRM Change Password Module › TC_PASSWORD_01: Verify navigation to Change Password page and input elements" classname="changePassword.spec.js" time="7.026">
</testcase>
<testcase name="OrangeHRM Change Password Module › TC_PASSWORD_02: Verify validation messages on empty form submission" classname="changePassword.spec.js" time="18.134">
<system-out>
<![CDATA[
[[ATTACHMENT|..\..\Evidence\changePassword-OrangeHRM-C-a3a10-es-on-empty-form-submission-chromium\test-failed-1.png]]

[[ATTACHMENT|..\..\Evidence\changePassword-OrangeHRM-C-a3a10-es-on-empty-form-submission-chromium\video.webm]]

[[ATTACHMENT|..\..\Evidence\changePassword-OrangeHRM-C-a3a10-es-on-empty-form-submission-chromium\error-context.md]]

[[ATTACHMENT|..\..\Evidence\changePassword-OrangeHRM-C-a3a10-es-on-empty-form-submission-chromium\trace.zip]]
]]>
</system-out>
</testcase>
<testcase name="OrangeHRM Change Password Module › TC_PASSWORD_03: Verify mismatch error for new and confirm passwords" classname="changePassword.spec.js" time="8.889">
</testcase>
<testcase name="OrangeHRM Change Password Module › TC_PASSWORD_04: Verify cancel button redirects back to dashboard" classname="changePassword.spec.js" time="9.748">
</testcase>
<testcase name="OrangeHRM Change Password Module › TC_PASSWORD_05: Verify page URL contains updatePassword" classname="changePassword.spec.js" time="7.888">
</testcase>
<testcase name="OrangeHRM Change Password Module › TC_PASSWORD_06: Verify heading title has class orangehrm-main-title" classname="changePassword.spec.js" time="7.734">
</testcase>
<testcase name="OrangeHRM Change Password Module › TC_PASSWORD_07: Verify current password field type attribute is password" classname="changePassword.spec.js" time="6.344">
</testcase>
<testcase name="OrangeHRM Change Password Module › TC_PASSWORD_08: Verify new password field type attribute is password" classname="changePassword.spec.js" time="7.683">
</testcase>
<testcase name="OrangeHRM Change Password Module › TC_PASSWORD_09: Verify confirm password field type attribute is password" classname="changePassword.spec.js" time="6.762">
</testcase>
<testcase name="OrangeHRM Change Password Module › TC_PASSWORD_10: Verify validation error on entering short new password" classname="changePassword.spec.js" time="7.75">
</testcase>
<testcase name="OrangeHRM Change Password Module › TC_PASSWORD_11: Verify current password input autocomplete settings" classname="changePassword.spec.js" time="7.288">
</testcase>
<testcase name="OrangeHRM Change Password Module › TC_PASSWORD_12: Verify cancel button tag name is button" classname="changePassword.spec.js" time="7.169">
</testcase>
<testcase name="OrangeHRM Change Password Module › TC_PASSWORD_13: Verify save button tag name is button" classname="changePassword.spec.js" time="6.134">
</testcase>
<testcase name="OrangeHRM Change Password Module › TC_PASSWORD_14: Verify cancel button has default ghost class" classname="changePassword.spec.js" time="6.113">
</testcase>
<testcase name="OrangeHRM Change Password Module › TC_PASSWORD_15: Verify save button has secondary submit class" classname="changePassword.spec.js" time="7.45">
</testcase>
<testcase name="OrangeHRM Change Password Module › TC_PASSWORD_16: Verify cursor hover properties on cancel button" classname="changePassword.spec.js" time="6.995">
</testcase>
<testcase name="OrangeHRM Change Password Module › TC_PASSWORD_17: Verify cursor hover properties on save button" classname="changePassword.spec.js" time="8.47">
</testcase>
<testcase name="OrangeHRM Change Password Module › TC_PASSWORD_18: Verify tab index flow from current password input" classname="changePassword.spec.js" time="8.816">
</testcase>
<testcase name="OrangeHRM Change Password Module › TC_PASSWORD_19: Verify tab index flow from new password input" classname="changePassword.spec.js" time="6.986">
</testcase>
<testcase name="OrangeHRM Change Password Module › TC_PASSWORD_20: Verify tab index flow from confirm password input" classname="changePassword.spec.js" time="6.315">
</testcase>
<testcase name="OrangeHRM Change Password Module › TC_PASSWORD_21: Verify HTML lang tag exists in document root" classname="changePassword.spec.js" time="6.626">
</testcase>
<testcase name="OrangeHRM Change Password Module › TC_PASSWORD_22: Verify secure connection protocol is HTTPS" classname="changePassword.spec.js" time="6.42">
</testcase>
<testcase name="OrangeHRM Change Password Module › TC_PASSWORD_23: Verify page title contains OrangeHRM" classname="changePassword.spec.js" time="5.253">
</testcase>
<testcase name="OrangeHRM Change Password Module › TC_PASSWORD_24: Verify form element wrapping exists" classname="changePassword.spec.js" time="6.223">
</testcase>
<testcase name="OrangeHRM Change Password Module › TC_PASSWORD_25: Verify Username input or label exists in userarea" classname="changePassword.spec.js" time="5.677">
</testcase>
<testcase name="OrangeHRM Change Password Module › TC_PASSWORD_26: Verify Required validation is shown when Current Password is left empty (negative)" classname="changePassword.spec.js" time="7.053">
</testcase>
<testcase name="OrangeHRM Change Password Module › TC_PASSWORD_27: Verify a new password just below the minimum length boundary is rejected (negative/edge case)" classname="changePassword.spec.js" time="7.6">
</testcase>
<testcase name="OrangeHRM Change Password Module › TC_PASSWORD_28: Verify New Password field correctly accepts and displays typed characters (positive)" classname="changePassword.spec.js" time="7.998">
</testcase>
</testsuite>
<testsuite name="dashboard.spec.js" timestamp="2026-08-14T12:11:25.539Z" hostname="chromium" tests="28" failures="0" skipped="0" time="232.279" errors="0">
<testcase name="OrangeHRM Dashboard Module › TC_DASH_01: Verify dashboard page loads after login" classname="dashboard.spec.js" time="5.642">
</testcase>
<testcase name="OrangeHRM Dashboard Module › TC_DASH_02: Verify dashboard widgets are visible" classname="dashboard.spec.js" time="6.393">
</testcase>
<testcase name="OrangeHRM Dashboard Module › TC_DASH_03: Verify Time at Work widget is displayed" classname="dashboard.spec.js" time="4.781">
</testcase>
<testcase name="OrangeHRM Dashboard Module › TC_DASH_04: Verify My Actions widget is displayed" classname="dashboard.spec.js" time="5.765">
</testcase>
<testcase name="OrangeHRM Dashboard Module › TC_DASH_05: Verify Quick Launch widget is displayed" classname="dashboard.spec.js" time="7.572">
</testcase>
<testcase name="OrangeHRM Dashboard Module › TC_DASH_06: Verify sidebar contains all main navigation items" classname="dashboard.spec.js" time="9.915">
</testcase>
<testcase name="OrangeHRM Dashboard Module › TC_DASH_07: Verify logged-in user name is displayed in header" classname="dashboard.spec.js" time="12.888">
</testcase>
<testcase name="OrangeHRM Dashboard Module › TC_DASH_08: Verify user dropdown shows About, Support, Change Password, Logout" classname="dashboard.spec.js" time="12.468">
</testcase>
<testcase name="OrangeHRM Dashboard Module › TC_DASH_09: Verify sidebar collapse and expand functionality" classname="dashboard.spec.js" time="11.283">
</testcase>
<testcase name="OrangeHRM Dashboard Module › TC_DASH_10: Verify Employees on Leave Today widget is displayed" classname="dashboard.spec.js" time="9.195">
</testcase>
<testcase name="OrangeHRM Dashboard Module › TC_DASH_11: Verify sidebar search filters navigation items" classname="dashboard.spec.js" time="9.961">
</testcase>
<testcase name="OrangeHRM Dashboard Module › TC_DASH_12: Verify dashboard URL contains correct path" classname="dashboard.spec.js" time="12.488">
</testcase>
<testcase name="OrangeHRM Dashboard Module › TC_DASH_13: Verify user profile dropdown image has valid attributes" classname="dashboard.spec.js" time="10.829">
</testcase>
<testcase name="OrangeHRM Dashboard Module › TC_DASH_14: Verify corporate branding logo is visible in sidebar header" classname="dashboard.spec.js" time="9.275">
</testcase>
<testcase name="OrangeHRM Dashboard Module › TC_DASH_15: Verify sidebar search input is functional" classname="dashboard.spec.js" time="10.547">
</testcase>
<testcase name="OrangeHRM Dashboard Module › TC_DASH_16: Verify dashboard widgets have correct card container CSS classes" classname="dashboard.spec.js" time="9.693">
</testcase>
<testcase name="OrangeHRM Dashboard Module › TC_DASH_17: Verify Assign Leave link in Quick Launch redirects properly" classname="dashboard.spec.js" time="12.609">
</testcase>
<testcase name="OrangeHRM Dashboard Module › TC_DASH_18: Verify Leave List link in Quick Launch redirects properly" classname="dashboard.spec.js" time="10.089">
</testcase>
<testcase name="OrangeHRM Dashboard Module › TC_DASH_19: Verify Timesheets link in Quick Launch redirects properly" classname="dashboard.spec.js" time="7.569">
</testcase>
<testcase name="OrangeHRM Dashboard Module › TC_DASH_20: Verify Apply Leave link in Quick Launch redirects properly" classname="dashboard.spec.js" time="6.715">
</testcase>
<testcase name="OrangeHRM Dashboard Module › TC_DASH_21: Verify My Leave link in Quick Launch redirects properly" classname="dashboard.spec.js" time="5.897">
</testcase>
<testcase name="OrangeHRM Dashboard Module › TC_DASH_22: Verify My Timesheet link in Quick Launch redirects properly" classname="dashboard.spec.js" time="6.487">
</testcase>
<testcase name="OrangeHRM Dashboard Module › TC_DASH_23: Verify Support option opens support page" classname="dashboard.spec.js" time="6.491">
</testcase>
<testcase name="OrangeHRM Dashboard Module › TC_DASH_24: Verify About link displays modal pop-up" classname="dashboard.spec.js" time="5.958">
</testcase>
<testcase name="OrangeHRM Dashboard Module › TC_DASH_25: Verify dashboard topbar has header with correct tags" classname="dashboard.spec.js" time="5.269">
</testcase>
<testcase name="OrangeHRM Dashboard Module › TC_DASH_26: Verify Buzz Latest Posts widget is displayed on dashboard (positive)" classname="dashboard.spec.js" time="5.391">
</testcase>
<testcase name="OrangeHRM Dashboard Module › TC_DASH_27: Verify sidebar search with a non-existent module name shows no matching navigation link (negative)" classname="dashboard.spec.js" time="5.452">
</testcase>
<testcase name="OrangeHRM Dashboard Module › TC_DASH_28: Verify user dropdown menu closes after selecting Escape or clicking elsewhere (positive)" classname="dashboard.spec.js" time="5.657">
</testcase>
</testsuite>
<testsuite name="directory.spec.js" timestamp="2026-08-14T12:11:25.539Z" hostname="chromium" tests="28" failures="0" skipped="0" time="241.34" errors="1">
<testcase name="OrangeHRM Directory Module › TC_DIR_01: Verify Directory page load and header breadcrumb" classname="directory.spec.js" time="5.388">
</testcase>
<testcase name="OrangeHRM Directory Module › TC_DIR_02: Verify search functionality by Job Title" classname="directory.spec.js" time="9.874">
</testcase>
<testcase name="OrangeHRM Directory Module › TC_DIR_03: Verify reset button clears search parameters" classname="directory.spec.js" time="7.808">
</testcase>
<testcase name="OrangeHRM Directory Module › TC_DIR_04: Verify searching with invalid employee name returns no records" classname="directory.spec.js" time="6.609">
</testcase>
<testcase name="OrangeHRM Directory Module › TC_DIR_05: Verify Location dropdown filter is visible" classname="directory.spec.js" time="6.287">
</testcase>
<testcase name="OrangeHRM Directory Module › TC_DIR_06: Verify Job Title dropdown filter is visible" classname="directory.spec.js" time="6.164">
</testcase>
<testcase name="OrangeHRM Directory Module › TC_DIR_07: Verify Employee Name input field is visible" classname="directory.spec.js" time="5.792">
</testcase>
<testcase name="OrangeHRM Directory Module › TC_DIR_08: Verify Search button is visible" classname="directory.spec.js" time="5.937">
</testcase>
<testcase name="OrangeHRM Directory Module › TC_DIR_09: Verify Reset button is visible" classname="directory.spec.js" time="6.004">
</testcase>
<testcase name="OrangeHRM Directory Module › TC_DIR_10: Verify card grid container is visible in search results" classname="directory.spec.js" time="6.03">
</testcase>
<testcase name="OrangeHRM Directory Module › TC_DIR_11: Verify employee card has image element" classname="directory.spec.js" time="5.829">
</testcase>
<testcase name="OrangeHRM Directory Module › TC_DIR_12: Verify employee card has name header link" classname="directory.spec.js" time="5.752">
</testcase>
<testcase name="OrangeHRM Directory Module › TC_DIR_13: Verify employee card job title text block exists" classname="directory.spec.js" time="6.164">
</testcase>
<testcase name="OrangeHRM Directory Module › TC_DIR_14: Verify employee card location text block exists" classname="directory.spec.js" time="6.988">
</testcase>
<testcase name="OrangeHRM Directory Module › TC_DIR_15: Verify autocomplete options container is hidden on page load" classname="directory.spec.js" time="6.224">
</testcase>
<testcase name="OrangeHRM Directory Module › TC_DIR_16: Verify search by Location filter option functionality" classname="directory.spec.js" time="7.737">
</testcase>
<testcase name="OrangeHRM Directory Module › TC_DIR_17: Verify Location dropdown is reset to -- Select -- on Reset click" classname="directory.spec.js" time="7.916">
</testcase>
<testcase name="OrangeHRM Directory Module › TC_DIR_18: Verify Search button has type submit attribute" classname="directory.spec.js" time="6.466">
</testcase>
<testcase name="OrangeHRM Directory Module › TC_DIR_19: Verify search cards count text matches results length" classname="directory.spec.js" time="7.142">
</testcase>
<testcase name="OrangeHRM Directory Module › TC_DIR_20: Verify employee name input accepts keyboard tab navigation" classname="directory.spec.js" time="6.239">
</testcase>
<testcase name="OrangeHRM Directory Module › TC_DIR_21: Verify directory layout contains search parameters fold collapsible element" classname="directory.spec.js" time="5.75">
</testcase>
<testcase name="OrangeHRM Directory Module › TC_DIR_22: Verify search panel title is Directory" classname="directory.spec.js" time="5.851">
</testcase>
<testcase name="OrangeHRM Directory Module › TC_DIR_23: Verify employee list is scrollable" classname="directory.spec.js" time="5.93">
</testcase>
<testcase name="OrangeHRM Directory Module › TC_DIR_24: Verify reset button hover styling properties" classname="directory.spec.js" time="6.535">
</testcase>
<testcase name="OrangeHRM Directory Module › TC_DIR_25: Verify search input field placeholder matches default text hint" classname="directory.spec.js" time="6.173">
</testcase>
<testcase name="OrangeHRM Directory Module › TC_DIR_26: Verify searching employee name with special characters returns no records without error (negative)" classname="directory.spec.js" time="6.512">
</testcase>
<testcase name="OrangeHRM Directory Module › TC_DIR_27: Verify Reset button does not clear an unconfirmed Employee Name text entry (edge case)" classname="directory.spec.js" time="7.882">
</testcase>
<testcase name="OrangeHRM Directory Module › TC_DIR_28: Verify searching with a whitespace-only employee name does not throw an error (edge case)" classname="directory.spec.js" time="64.357">
<system-out>
<![CDATA[
[[ATTACHMENT|..\..\Evidence\directory-OrangeHRM-Direct-a51c9-t-throw-an-error-edge-case--chromium\video.webm]]

[[ATTACHMENT|..\..\Evidence\directory-OrangeHRM-Direct-a51c9-t-throw-an-error-edge-case--chromium\error-context.md]]

[[ATTACHMENT|..\..\Evidence\directory-OrangeHRM-Direct-a51c9-t-throw-an-error-edge-case--chromium\trace.zip]]

[[ATTACHMENT|..\..\Evidence\directory-OrangeHRM-Direct-a51c9-t-throw-an-error-edge-case--chromium-retry1\test-failed-1.png]]

[[ATTACHMENT|..\..\Evidence\directory-OrangeHRM-Direct-a51c9-t-throw-an-error-edge-case--chromium-retry1\video.webm]]

[[ATTACHMENT|..\..\Evidence\directory-OrangeHRM-Direct-a51c9-t-throw-an-error-edge-case--chromium-retry1\error-context.md]]

[[ATTACHMENT|..\..\Evidence\directory-OrangeHRM-Direct-a51c9-t-throw-an-error-edge-case--chromium-retry1\trace.zip]]
]]>
</system-out>
<error message="locator.click: Timeout 15000ms exceeded." type="TimeoutError">
<![CDATA[  [chromium] › directory.spec.js:176:3 › OrangeHRM Directory Module › TC_DIR_28: Verify searching with a whitespace-only employee name does not throw an error (edge case) 

    TimeoutError: locator.click: Timeout 15000ms exceeded.
    Call log:
      - waiting for locator('a.oxd-main-menu-item').filter({ hasText: 'Directory' })
        - locator resolved to <a data-v-6475d26d="" class="oxd-main-menu-item" href="/web/index.php/directory/viewDirectory">…</a>
      - attempting click action
        - waiting for element to be visible, enabled and stable
        - element is visible, enabled and stable
        - scrolling into view if needed
        - done scrolling
        - performing click action
        - click action done
        - waiting for scheduled navigations to finish


       at ..\pages\DashboardPage.js:69

      67 |   // ── Navigation Methods ──
      68 |   async navigateToModule(moduleName) {
    > 69 |     await this.sidebarLink(moduleName).click();
         |                                        ^
      70 |     await this.page.waitForLoadState('domcontentloaded');
      71 |   }
      72 |
        at DashboardPage.navigateToModule (D:\OrangeHRM-Automation-using-Playwright-and-JavaScript\pages\DashboardPage.js:69:40)
        at D:\OrangeHRM-Automation-using-Playwright-and-JavaScript\tests\directory.spec.js:11:25

    attachment #1: video (video/webm) ──────────────────────────────────────────────────────────────
    ..\Results\Evidence\directory-OrangeHRM-Direct-a51c9-t-throw-an-error-edge-case--chromium\video.webm
    ────────────────────────────────────────────────────────────────────────────────────────────────

    Error Context: ..\Results\Evidence\directory-OrangeHRM-Direct-a51c9-t-throw-an-error-edge-case--chromium\error-context.md

    attachment #3: trace (application/zip) ─────────────────────────────────────────────────────────
    ..\Results\Evidence\directory-OrangeHRM-Direct-a51c9-t-throw-an-error-edge-case--chromium\trace.zip
    Usage:

        npx playwright show-trace ..\Results\Evidence\directory-OrangeHRM-Direct-a51c9-t-throw-an-error-edge-case--chromium\trace.zip

    ────────────────────────────────────────────────────────────────────────────────────────────────

    Retry #1 ───────────────────────────────────────────────────────────────────────────────────────

    TimeoutError: page.goto: Timeout 30000ms exceeded.
    Call log:
      - navigating to "https://opensource-demo.orangehrmlive.com/web/index.php/auth/login", waiting until "load"


       at ..\pages\LoginPage.js:39

      37 |   // ── Navigation ──
      38 |   async navigate() {
    > 39 |     await this.page.goto('/web/index.php/auth/login');
         |                     ^
      40 |     await this.loginButton.waitFor({ state: 'visible', timeout: 20000 });
      41 |   }
      42 |
        at LoginPage.navigate (D:\OrangeHRM-Automation-using-Playwright-and-JavaScript\pages\LoginPage.js:39:21)
        at D:\OrangeHRM-Automation-using-Playwright-and-JavaScript\tests\directory.spec.js:7:21

    attachment #1: screenshot (image/png) ──────────────────────────────────────────────────────────
    ..\Results\Evidence\directory-OrangeHRM-Direct-a51c9-t-throw-an-error-edge-case--chromium-retry1\test-failed-1.png
    ────────────────────────────────────────────────────────────────────────────────────────────────

    attachment #2: video (video/webm) ──────────────────────────────────────────────────────────────
    ..\Results\Evidence\directory-OrangeHRM-Direct-a51c9-t-throw-an-error-edge-case--chromium-retry1\video.webm
    ────────────────────────────────────────────────────────────────────────────────────────────────

    Error Context: ..\Results\Evidence\directory-OrangeHRM-Direct-a51c9-t-throw-an-error-edge-case--chromium-retry1\error-context.md

    attachment #4: trace (application/zip) ─────────────────────────────────────────────────────────
    ..\Results\Evidence\directory-OrangeHRM-Direct-a51c9-t-throw-an-error-edge-case--chromium-retry1\trace.zip
    Usage:

        npx playwright show-trace ..\Results\Evidence\directory-OrangeHRM-Direct-a51c9-t-throw-an-error-edge-case--chromium-retry1\trace.zip

    ────────────────────────────────────────────────────────────────────────────────────────────────
]]>
</error>
</testcase>
</testsuite>
<testsuite name="forgotPassword.spec.js" timestamp="2026-08-14T12:11:25.539Z" hostname="chromium" tests="28" failures="0" skipped="0" time="198.511" errors="1">
<testcase name="OrangeHRM Forgot Password Module › TC_FORGOT_01: Verify forgot password link navigates correctly" classname="forgotPassword.spec.js" time="64.967">
<system-out>
<![CDATA[
[[ATTACHMENT|..\..\Evidence\forgotPassword-OrangeHRM-F-30529-rd-link-navigates-correctly-chromium\video.webm]]

[[ATTACHMENT|..\..\Evidence\forgotPassword-OrangeHRM-F-30529-rd-link-navigates-correctly-chromium\error-context.md]]

[[ATTACHMENT|..\..\Evidence\forgotPassword-OrangeHRM-F-30529-rd-link-navigates-correctly-chromium\trace.zip]]

[[ATTACHMENT|..\..\Evidence\forgotPassword-OrangeHRM-F-30529-rd-link-navigates-correctly-chromium-retry1\test-failed-1.png]]

[[ATTACHMENT|..\..\Evidence\forgotPassword-OrangeHRM-F-30529-rd-link-navigates-correctly-chromium-retry1\video.webm]]

[[ATTACHMENT|..\..\Evidence\forgotPassword-OrangeHRM-F-30529-rd-link-navigates-correctly-chromium-retry1\error-context.md]]

[[ATTACHMENT|..\..\Evidence\forgotPassword-OrangeHRM-F-30529-rd-link-navigates-correctly-chromium-retry1\trace.zip]]
]]>
</system-out>
<error message="locator.click: Timeout 15000ms exceeded." type="TimeoutError">
<![CDATA[  [chromium] › forgotPassword.spec.js:9:3 › OrangeHRM Forgot Password Module › TC_FORGOT_01: Verify forgot password link navigates correctly 

    TimeoutError: locator.click: Timeout 15000ms exceeded.
    Call log:
      - waiting for locator('.orangehrm-login-forgot-header')
        - locator resolved to <p data-v-7b563373="" data-v-0af708be="" class="oxd-text oxd-text--p orangehrm-login-forgot-header">Forgot your password? </p>
      - attempting click action
        - waiting for element to be visible, enabled and stable
        - element is visible, enabled and stable
        - scrolling into view if needed
        - done scrolling
        - performing click action
        - click action done
        - waiting for scheduled navigations to finish


       at ..\pages\LoginPage.js:65

      63 |
      64 |   async clickForgotPassword() {
    > 65 |     await this.forgotPasswordLink.click();
         |                                   ^
      66 |     await this.page.waitForURL('**/requestPasswordResetCode');
      67 |   }
      68 |
        at LoginPage.clickForgotPassword (D:\OrangeHRM-Automation-using-Playwright-and-JavaScript\pages\LoginPage.js:65:35)
        at D:\OrangeHRM-Automation-using-Playwright-and-JavaScript\tests\forgotPassword.spec.js:10:21

    attachment #1: video (video/webm) ──────────────────────────────────────────────────────────────
    ..\Results\Evidence\forgotPassword-OrangeHRM-F-30529-rd-link-navigates-correctly-chromium\video.webm
    ────────────────────────────────────────────────────────────────────────────────────────────────

    Error Context: ..\Results\Evidence\forgotPassword-OrangeHRM-F-30529-rd-link-navigates-correctly-chromium\error-context.md

    attachment #3: trace (application/zip) ─────────────────────────────────────────────────────────
    ..\Results\Evidence\forgotPassword-OrangeHRM-F-30529-rd-link-navigates-correctly-chromium\trace.zip
    Usage:

        npx playwright show-trace ..\Results\Evidence\forgotPassword-OrangeHRM-F-30529-rd-link-navigates-correctly-chromium\trace.zip

    ────────────────────────────────────────────────────────────────────────────────────────────────

    Retry #1 ───────────────────────────────────────────────────────────────────────────────────────

    TimeoutError: page.goto: Timeout 30000ms exceeded.
    Call log:
      - navigating to "https://opensource-demo.orangehrmlive.com/web/index.php/auth/login", waiting until "load"


       at ..\pages\LoginPage.js:39

      37 |   // ── Navigation ──
      38 |   async navigate() {
    > 39 |     await this.page.goto('/web/index.php/auth/login');
         |                     ^
      40 |     await this.loginButton.waitFor({ state: 'visible', timeout: 20000 });
      41 |   }
      42 |
        at LoginPage.navigate (D:\OrangeHRM-Automation-using-Playwright-and-JavaScript\pages\LoginPage.js:39:21)
        at D:\OrangeHRM-Automation-using-Playwright-and-JavaScript\tests\forgotPassword.spec.js:6:21

    attachment #1: screenshot (image/png) ──────────────────────────────────────────────────────────
    ..\Results\Evidence\forgotPassword-OrangeHRM-F-30529-rd-link-navigates-correctly-chromium-retry1\test-failed-1.png
    ────────────────────────────────────────────────────────────────────────────────────────────────

    attachment #2: video (video/webm) ──────────────────────────────────────────────────────────────
    ..\Results\Evidence\forgotPassword-OrangeHRM-F-30529-rd-link-navigates-correctly-chromium-retry1\video.webm
    ────────────────────────────────────────────────────────────────────────────────────────────────

    Error Context: ..\Results\Evidence\forgotPassword-OrangeHRM-F-30529-rd-link-navigates-correctly-chromium-retry1\error-context.md

    attachment #4: trace (application/zip) ─────────────────────────────────────────────────────────
    ..\Results\Evidence\forgotPassword-OrangeHRM-F-30529-rd-link-navigates-correctly-chromium-retry1\trace.zip
    Usage:

        npx playwright show-trace ..\Results\Evidence\forgotPassword-OrangeHRM-F-30529-rd-link-navigates-correctly-chromium-retry1\trace.zip

    ────────────────────────────────────────────────────────────────────────────────────────────────
]]>
</error>
</testcase>
<testcase name="OrangeHRM Forgot Password Module › TC_FORGOT_02: Verify cancel button on forgot password returns to login" classname="forgotPassword.spec.js" time="6.982">
</testcase>
<testcase name="OrangeHRM Forgot Password Module › TC_FORGOT_03: Verify password reset request with valid username" classname="forgotPassword.spec.js" time="11.839">
</testcase>
<testcase name="OrangeHRM Forgot Password Module › TC_FORGOT_04: Verify forgot password page heading text" classname="forgotPassword.spec.js" time="5.27">
</testcase>
<testcase name="OrangeHRM Forgot Password Module › TC_FORGOT_05: Verify URL contains auth/requestPasswordResetCode" classname="forgotPassword.spec.js" time="4.689">
</testcase>
<testcase name="OrangeHRM Forgot Password Module › TC_FORGOT_06: Verify username input displays non-empty hint text" classname="forgotPassword.spec.js" time="4.296">
</testcase>
<testcase name="OrangeHRM Forgot Password Module › TC_FORGOT_07: Verify Company branding banner is visible on reset password page" classname="forgotPassword.spec.js" time="3.509">
</testcase>
<testcase name="OrangeHRM Forgot Password Module › TC_FORGOT_08: Verify cancel button tag name is button" classname="forgotPassword.spec.js" time="3.746">
</testcase>
<testcase name="OrangeHRM Forgot Password Module › TC_FORGOT_09: Verify reset button tag name is button" classname="forgotPassword.spec.js" time="3.711">
</testcase>
<testcase name="OrangeHRM Forgot Password Module › TC_FORGOT_10: Verify validation error on submitting empty username" classname="forgotPassword.spec.js" time="4.435">
</testcase>
<testcase name="OrangeHRM Forgot Password Module › TC_FORGOT_11: Verify focus is not auto-assigned if click outside" classname="forgotPassword.spec.js" time="3.873">
</testcase>
<testcase name="OrangeHRM Forgot Password Module › TC_FORGOT_12: Verify description instructing user on password reset exists" classname="forgotPassword.spec.js" time="3.327">
</testcase>
<testcase name="OrangeHRM Forgot Password Module › TC_FORGOT_13: Verify page tab title on reset page contains OrangeHRM" classname="forgotPassword.spec.js" time="3.623">
</testcase>
<testcase name="OrangeHRM Forgot Password Module › TC_FORGOT_14: Verify secure HTTPS connection on forgot password page" classname="forgotPassword.spec.js" time="3.652">
</testcase>
<testcase name="OrangeHRM Forgot Password Module › TC_FORGOT_15: Verify autocomplete attribute is off on input field" classname="forgotPassword.spec.js" time="3.721">
</testcase>
<testcase name="OrangeHRM Forgot Password Module › TC_FORGOT_16: Verify reset password container wrapper exists" classname="forgotPassword.spec.js" time="4.115">
</testcase>
<testcase name="OrangeHRM Forgot Password Module › TC_FORGOT_17: Verify reset password title has correct CSS class name" classname="forgotPassword.spec.js" time="3.803">
</testcase>
<testcase name="OrangeHRM Forgot Password Module › TC_FORGOT_18: Verify cancel button has outline default class name" classname="forgotPassword.spec.js" time="4.405">
</testcase>
<testcase name="OrangeHRM Forgot Password Module › TC_FORGOT_19: Verify reset button has filled primary class name" classname="forgotPassword.spec.js" time="12.191">
</testcase>
<testcase name="OrangeHRM Forgot Password Module › TC_FORGOT_20: Verify cancel cursor is pointer on hover" classname="forgotPassword.spec.js" time="4.043">
</testcase>
<testcase name="OrangeHRM Forgot Password Module › TC_FORGOT_21: Verify reset cursor is pointer on hover" classname="forgotPassword.spec.js" time="3.735">
</testcase>
<testcase name="OrangeHRM Forgot Password Module › TC_FORGOT_22: Verify HTML lang tag exists on forgot password DOM" classname="forgotPassword.spec.js" time="3.365">
</testcase>
<testcase name="OrangeHRM Forgot Password Module › TC_FORGOT_23: Verify reset instruction text textContent length" classname="forgotPassword.spec.js" time="3.404">
</testcase>
<testcase name="OrangeHRM Forgot Password Module › TC_FORGOT_24: Verify tab key navigation from username to cancel button" classname="forgotPassword.spec.js" time="3.965">
</testcase>
<testcase name="OrangeHRM Forgot Password Module › TC_FORGOT_25: Verify tab key navigation from cancel to reset button" classname="forgotPassword.spec.js" time="4.372">
</testcase>
<testcase name="OrangeHRM Forgot Password Module › TC_FORGOT_26: Verify browser back navigation from reset password page returns to a functional login page (positive)" classname="forgotPassword.spec.js" time="4.836">
</testcase>
<testcase name="OrangeHRM Forgot Password Module › TC_FORGOT_27: Verify submitting an extremely long username on reset password does not crash the flow (negative)" classname="forgotPassword.spec.js" time="7.228">
</testcase>
<testcase name="OrangeHRM Forgot Password Module › TC_FORGOT_28: Verify reset password form handles a SQL-injection style username payload without a server error (edge case)" classname="forgotPassword.spec.js" time="7.409">
</testcase>
</testsuite>
<testsuite name="leave.spec.js" timestamp="2026-08-14T12:11:25.539Z" hostname="chromium" tests="27" failures="0" skipped="26" time="56.789" errors="1">
<testcase name="OrangeHRM Leave Module › TC_LEAVE_01: Apply leave request flow" classname="leave.spec.js" time="56.789">
<system-out>
<![CDATA[
[[ATTACHMENT|..\..\Evidence\leave-OrangeHRM-Leave-Modu-a8753-01-Apply-leave-request-flow-chromium\video.webm]]

[[ATTACHMENT|..\..\Evidence\leave-OrangeHRM-Leave-Modu-a8753-01-Apply-leave-request-flow-chromium\error-context.md]]

[[ATTACHMENT|..\..\Evidence\leave-OrangeHRM-Leave-Modu-a8753-01-Apply-leave-request-flow-chromium\trace.zip]]
[DEBUG] No rows found. URL: https://opensource-demo.orangehrmlive.com/web/index.php/leave/viewMyLeaveList
[DEBUG] Body Text: Admin
PIM
Leave
Time
Recruitment
My Info
Performance
Dashboard
Directory
Maintenance
Claim
Buzz
Leave
Upgrade

Bilol Abdurasul

Apply
My Leave
Entitlements 
Reports 
Configure 
Leave List
Assign Leave
My Leave List
From Date
To Date
Show Leave with Status
Select
Rejected
Cancelled
Pending Approval
Scheduled
Taken
Leave Type
-- Select --

* Required

Reset
Search


No Records Found
Date
Employee Name
Leave Type
Leave Balance (Days)
Number of Days
Status
Comments
Actions

OrangeHRM OS 5.9

© 2005 - 2026 OrangeHRM, Inc. All rights reserved.




[[ATTACHMENT|..\..\Evidence\leave-OrangeHRM-Leave-Modu-a8753-01-Apply-leave-request-flow-chromium-retry1\test-failed-1.png]]

[[ATTACHMENT|..\..\Evidence\leave-OrangeHRM-Leave-Modu-a8753-01-Apply-leave-request-flow-chromium-retry1\video.webm]]

[[ATTACHMENT|..\..\Evidence\leave-OrangeHRM-Leave-Modu-a8753-01-Apply-leave-request-flow-chromium-retry1\error-context.md]]

[[ATTACHMENT|..\..\Evidence\leave-OrangeHRM-Leave-Modu-a8753-01-Apply-leave-request-flow-chromium-retry1\trace.zip]]
]]>
</system-out>
<system-err>
<![CDATA[Failed to setup leave entitlement in beforeAll: page.goto: Timeout 30000ms exceeded.
Call log:
[2m  - navigating to "https://opensource-demo.orangehrmlive.com/web/index.php/auth/login", waiting until "load"[22m

    at [90mD:\OrangeHRM-Automation-using-Playwright-and-JavaScript\[39mtests\leave.spec.js:35:18 {
  name: [32m'TimeoutError'[39m,
  [32mSymbol(step)[39m: {
    location: {
      file: [32m'D:\\OrangeHRM-Automation-using-Playwright-and-JavaScript\\tests\\leave.spec.js'[39m,
      line: [33m35[39m,
      column: [33m18[39m
    },
    category: [32m'pw:api'[39m,
    title: [32m'Navigate to "/web/index.php/auth/login"'[39m,
    apiName: [32m'page.goto'[39m,
    params: {
      url: [32m'https://opensource-demo.orangehrmlive.com/web/index.php/auth/login'[39m,
      waitUntil: [32m'load'[39m,
      timeout: [33m30000[39m
    },
    group: [90mundefined[39m,
    stepId: [32m'pw:api@31'[39m,
    boxedStack: [90mundefined[39m,
    steps: [],
    attachmentIndices: [],
    info: TestStepInfoImpl {
      annotations: [],
      _testInfo: [36m[TestInfoImpl][39m,
      _stepId: [32m'pw:api@31'[39m,
      _title: [32m'Navigate to "/web/index.php/auth/login"'[39m,
      _parentStep: [36m[TestStepInfoImpl][39m,
      skip: [36m[Function (anonymous)][39m
    },
    complete: [36m[Function: complete][39m,
    endWallTime: [33m1786710305119[39m,
    error: {
      message: [32m'TimeoutError: page.goto: Timeout 30000ms exceeded.\n'[39m +
        [32m'Call log:\n'[39m +
        [32m'\x1B[2m  - navigating to "https://opensource-demo.orangehrmlive.com/web/index.php/auth/login", waiting until "load"\x1B[22m\n'[39m,
      stack: [32m'TimeoutError: page.goto: Timeout 30000ms exceeded.\n'[39m +
        [32m'Call log:\n'[39m +
        [32m'\x1B[2m  - navigating to "https://opensource-demo.orangehrmlive.com/web/index.php/auth/login", waiting until "load"\x1B[22m\n'[39m +
        [32m'\n'[39m +
        [32m'    at D:\\OrangeHRM-Automation-using-Playwright-and-JavaScript\\tests\\leave.spec.js:35:18'[39m,
      cause: [90mundefined[39m
    }
  }
}
]]>
</system-err>
<error message="locator.click: Timeout 15000ms exceeded." type="TimeoutError">
<![CDATA[  [chromium] › leave.spec.js:95:3 › OrangeHRM Leave Module › TC_LEAVE_01: Apply leave request flow ─

    TimeoutError: locator.click: Timeout 15000ms exceeded.
    Call log:
      - waiting for locator('.oxd-topbar-body-nav-tab-item').filter({ hasText: 'My Leave' })
        - locator resolved to <a href="#" class="oxd-topbar-body-nav-tab-item">My Leave</a>
      - attempting click action
        - waiting for element to be visible, enabled and stable
        - element is visible, enabled and stable
        - scrolling into view if needed
        - done scrolling
        - performing click action
        - click action done
        - waiting for scheduled navigations to finish
        - navigated to "https://opensource-demo.orangehrmlive.com/web/index.php/leave/applyLeave#"


       at ..\pages\LeavePage.js:71

      69 |   async getLatestLeaveStatus(startDate, endDate) {
      70 |     await this.myLeaveTab.waitFor({ state: 'visible', timeout: 20000 });
    > 71 |     await this.myLeaveTab.click();
         |                           ^
      72 |     await this.page.waitForSelector('.oxd-table-filter', { state: 'visible', timeout: 25000 });
      73 |     
      74 |     // Clear and fill date filters
        at LeavePage.getLatestLeaveStatus (D:\OrangeHRM-Automation-using-Playwright-and-JavaScript\pages\LeavePage.js:71:27)
        at D:\OrangeHRM-Automation-using-Playwright-and-JavaScript\tests\leave.spec.js:97:20

    attachment #1: video (video/webm) ──────────────────────────────────────────────────────────────
    ..\Results\Evidence\leave-OrangeHRM-Leave-Modu-a8753-01-Apply-leave-request-flow-chromium\video.webm
    ────────────────────────────────────────────────────────────────────────────────────────────────

    Error Context: ..\Results\Evidence\leave-OrangeHRM-Leave-Modu-a8753-01-Apply-leave-request-flow-chromium\error-context.md

    attachment #3: trace (application/zip) ─────────────────────────────────────────────────────────
    ..\Results\Evidence\leave-OrangeHRM-Leave-Modu-a8753-01-Apply-leave-request-flow-chromium\trace.zip
    Usage:

        npx playwright show-trace ..\Results\Evidence\leave-OrangeHRM-Leave-Modu-a8753-01-Apply-leave-request-flow-chromium\trace.zip

    ────────────────────────────────────────────────────────────────────────────────────────────────

    Retry #1 ───────────────────────────────────────────────────────────────────────────────────────

    Error: expect(received).not.toBeNull()

    Received: null

       96 |     await leavePage.applyLeave(startDate, endDate, testData.leaveDetails.comments);
       97 |     const status = await leavePage.getLatestLeaveStatus(startDate, endDate);
    >  98 |     expect(status).not.toBeNull();
          |                        ^
       99 |     // On the shared demo site, leave may be auto-approved, scheduled, or pending
      100 |     const validStatuses = ['pending approval', 'scheduled', 'taken', 'cancelled'];
      101 |     const lowerStatus = status.toLowerCase();
        at D:\OrangeHRM-Automation-using-Playwright-and-JavaScript\tests\leave.spec.js:98:24

    attachment #1: screenshot (image/png) ──────────────────────────────────────────────────────────
    ..\Results\Evidence\leave-OrangeHRM-Leave-Modu-a8753-01-Apply-leave-request-flow-chromium-retry1\test-failed-1.png
    ────────────────────────────────────────────────────────────────────────────────────────────────

    attachment #2: video (video/webm) ──────────────────────────────────────────────────────────────
    ..\Results\Evidence\leave-OrangeHRM-Leave-Modu-a8753-01-Apply-leave-request-flow-chromium-retry1\video.webm
    ────────────────────────────────────────────────────────────────────────────────────────────────

    Error Context: ..\Results\Evidence\leave-OrangeHRM-Leave-Modu-a8753-01-Apply-leave-request-flow-chromium-retry1\error-context.md

    attachment #4: trace (application/zip) ─────────────────────────────────────────────────────────
    ..\Results\Evidence\leave-OrangeHRM-Leave-Modu-a8753-01-Apply-leave-request-flow-chromium-retry1\trace.zip
    Usage:

        npx playwright show-trace ..\Results\Evidence\leave-OrangeHRM-Leave-Modu-a8753-01-Apply-leave-request-flow-chromium-retry1\trace.zip

    ────────────────────────────────────────────────────────────────────────────────────────────────
]]>
</error>
</testcase>
<testcase name="OrangeHRM Leave Module › TC_LEAVE_02: Verify leave type of applied leave request" classname="leave.spec.js">
<skipped>
</skipped>
</testcase>
<testcase name="OrangeHRM Leave Module › TC_LEAVE_03: Verify Top Navigation Tab Apply is visible" classname="leave.spec.js">
<skipped>
</skipped>
</testcase>
<testcase name="OrangeHRM Leave Module › TC_LEAVE_04: Verify Top Navigation Tab My Leave is visible" classname="leave.spec.js">
<skipped>
</skipped>
</testcase>
<testcase name="OrangeHRM Leave Module › TC_LEAVE_05: Verify Top Navigation Tab Entitlements dropdown is visible" classname="leave.spec.js">
<skipped>
</skipped>
</testcase>
<testcase name="OrangeHRM Leave Module › TC_LEAVE_06: Verify Top Navigation Tab Reports dropdown is visible" classname="leave.spec.js">
<skipped>
</skipped>
</testcase>
<testcase name="OrangeHRM Leave Module › TC_LEAVE_07: Verify Top Navigation Tab Configure dropdown is visible" classname="leave.spec.js">
<skipped>
</skipped>
</testcase>
<testcase name="OrangeHRM Leave Module › TC_LEAVE_08: Verify Top Navigation Tab Leave List is visible" classname="leave.spec.js">
<skipped>
</skipped>
</testcase>
<testcase name="OrangeHRM Leave Module › TC_LEAVE_09: Verify Top Navigation Tab Assign Leave is visible" classname="leave.spec.js">
<skipped>
</skipped>
</testcase>
<testcase name="OrangeHRM Leave Module › TC_LEAVE_10: Verify validation error on empty Leave Type in Apply form" classname="leave.spec.js">
<skipped>
</skipped>
</testcase>
<testcase name="OrangeHRM Leave Module › TC_LEAVE_11: Verify From Date input field is visible" classname="leave.spec.js">
<skipped>
</skipped>
</testcase>
<testcase name="OrangeHRM Leave Module › TC_LEAVE_12: Verify To Date input field is visible" classname="leave.spec.js">
<skipped>
</skipped>
</testcase>
<testcase name="OrangeHRM Leave Module › TC_LEAVE_13: Verify comments textarea has correct maximum character details" classname="leave.spec.js">
<skipped>
</skipped>
</testcase>
<testcase name="OrangeHRM Leave Module › TC_LEAVE_14: Verify calendar icon buttons exist next to date input fields" classname="leave.spec.js">
<skipped>
</skipped>
</testcase>
<testcase name="OrangeHRM Leave Module › TC_LEAVE_15: Verify Show with Status multiselect chips exist in My Leave list filters" classname="leave.spec.js">
<skipped>
</skipped>
</testcase>
<testcase name="OrangeHRM Leave Module › TC_LEAVE_16: Verify Leave Type dropdown filter is present in My Leave tab" classname="leave.spec.js">
<skipped>
</skipped>
</testcase>
<testcase name="OrangeHRM Leave Module › TC_LEAVE_17: Verify Reset button clears date inputs in My Leave filters" classname="leave.spec.js">
<skipped>
</skipped>
</testcase>
<testcase name="OrangeHRM Leave Module › TC_LEAVE_18: Verify table headers in My Leave results page" classname="leave.spec.js">
<skipped>
</skipped>
</testcase>
<testcase name="OrangeHRM Leave Module › TC_LEAVE_19: Verify date validation error message if To Date is before From Date" classname="leave.spec.js">
<skipped>
</skipped>
</testcase>
<testcase name="OrangeHRM Leave Module › TC_LEAVE_20: Verify calendar widget opens when From Date input is clicked" classname="leave.spec.js">
<skipped>
</skipped>
</testcase>
<testcase name="OrangeHRM Leave Module › TC_LEAVE_21: Verify calendar widget opens when To Date input is clicked" classname="leave.spec.js">
<skipped>
</skipped>
</testcase>
<testcase name="OrangeHRM Leave Module › TC_LEAVE_22: Verify Leave page header title displays Leave" classname="leave.spec.js">
<skipped>
</skipped>
</testcase>
<testcase name="OrangeHRM Leave Module › TC_LEAVE_23: Verify Leave Balance card is shown for specific leave types" classname="leave.spec.js">
<skipped>
</skipped>
</testcase>
<testcase name="OrangeHRM Leave Module › TC_LEAVE_24: Verify My Leave list table rows can be scrolled and are visible" classname="leave.spec.js">
<skipped>
</skipped>
</testcase>
<testcase name="OrangeHRM Leave Module › TC_LEAVE_25: Verify search button on My Leave filters page has correct CSS layout" classname="leave.spec.js">
<skipped>
</skipped>
</testcase>
<testcase name="OrangeHRM Leave Module › TC_LEAVE_26: Verify Leave Type dropdown displays default placeholder text before selection (positive)" classname="leave.spec.js">
<skipped>
</skipped>
</testcase>
<testcase name="OrangeHRM Leave Module › TC_LEAVE_27: Verify Comments textarea accepts multi-line text input (positive)" classname="leave.spec.js">
<skipped>
</skipped>
</testcase>
</testsuite>
<testsuite name="login.spec.js" timestamp="2026-08-14T12:11:25.539Z" hostname="chromium" tests="29" failures="0" skipped="0" time="172.983" errors="1">
<testcase name="OrangeHRM Login Module › TC_LOGIN_01: Verify successful login with valid credentials" classname="login.spec.js" time="5.95">
</testcase>
<testcase name="OrangeHRM Login Module › TC_LOGIN_02: Verify login with invalid credentials" classname="login.spec.js" time="4.672">
</testcase>
<testcase name="OrangeHRM Login Module › TC_LOGIN_03: Verify error with valid username and wrong password" classname="login.spec.js" time="58.797">
<system-out>
<![CDATA[
[[ATTACHMENT|..\..\Evidence\login-OrangeHRM-Login-Modu-01f09-username-and-wrong-password-chromium\test-failed-1.png]]

[[ATTACHMENT|..\..\Evidence\login-OrangeHRM-Login-Modu-01f09-username-and-wrong-password-chromium\video.webm]]

[[ATTACHMENT|..\..\Evidence\login-OrangeHRM-Login-Modu-01f09-username-and-wrong-password-chromium\error-context.md]]

[[ATTACHMENT|..\..\Evidence\login-OrangeHRM-Login-Modu-01f09-username-and-wrong-password-chromium\trace.zip]]

[[ATTACHMENT|..\..\Evidence\login-OrangeHRM-Login-Modu-01f09-username-and-wrong-password-chromium-retry1\test-failed-1.png]]

[[ATTACHMENT|..\..\Evidence\login-OrangeHRM-Login-Modu-01f09-username-and-wrong-password-chromium-retry1\video.webm]]

[[ATTACHMENT|..\..\Evidence\login-OrangeHRM-Login-Modu-01f09-username-and-wrong-password-chromium-retry1\error-context.md]]

[[ATTACHMENT|..\..\Evidence\login-OrangeHRM-Login-Modu-01f09-username-and-wrong-password-chromium-retry1\trace.zip]]
]]>
</system-out>
<error message="locator.waitFor: Timeout 20000ms exceeded." type="TimeoutError">
<![CDATA[  [chromium] › login.spec.js:30:3 › OrangeHRM Login Module › TC_LOGIN_03: Verify error with valid username and wrong password 

    TimeoutError: locator.waitFor: Timeout 20000ms exceeded.
    Call log:
      - waiting for locator('button.orangehrm-login-button') to be visible


       at ..\pages\LoginPage.js:40

      38 |   async navigate() {
      39 |     await this.page.goto('/web/index.php/auth/login');
    > 40 |     await this.loginButton.waitFor({ state: 'visible', timeout: 20000 });
         |                            ^
      41 |   }
      42 |
      43 |   // ── Actions ──
        at LoginPage.navigate (D:\OrangeHRM-Automation-using-Playwright-and-JavaScript\pages\LoginPage.js:40:28)
        at D:\OrangeHRM-Automation-using-Playwright-and-JavaScript\tests\login.spec.js:11:5

    attachment #1: screenshot (image/png) ──────────────────────────────────────────────────────────
    ..\Results\Evidence\login-OrangeHRM-Login-Modu-01f09-username-and-wrong-password-chromium\test-failed-1.png
    ────────────────────────────────────────────────────────────────────────────────────────────────

    attachment #2: video (video/webm) ──────────────────────────────────────────────────────────────
    ..\Results\Evidence\login-OrangeHRM-Login-Modu-01f09-username-and-wrong-password-chromium\video.webm
    ────────────────────────────────────────────────────────────────────────────────────────────────

    Error Context: ..\Results\Evidence\login-OrangeHRM-Login-Modu-01f09-username-and-wrong-password-chromium\error-context.md

    attachment #4: trace (application/zip) ─────────────────────────────────────────────────────────
    ..\Results\Evidence\login-OrangeHRM-Login-Modu-01f09-username-and-wrong-password-chromium\trace.zip
    Usage:

        npx playwright show-trace ..\Results\Evidence\login-OrangeHRM-Login-Modu-01f09-username-and-wrong-password-chromium\trace.zip

    ────────────────────────────────────────────────────────────────────────────────────────────────

    Retry #1 ───────────────────────────────────────────────────────────────────────────────────────

    TimeoutError: page.goto: Timeout 30000ms exceeded.
    Call log:
      - navigating to "https://opensource-demo.orangehrmlive.com/web/index.php/auth/login", waiting until "load"


       at ..\pages\LoginPage.js:39

      37 |   // ── Navigation ──
      38 |   async navigate() {
    > 39 |     await this.page.goto('/web/index.php/auth/login');
         |                     ^
      40 |     await this.loginButton.waitFor({ state: 'visible', timeout: 20000 });
      41 |   }
      42 |
        at LoginPage.navigate (D:\OrangeHRM-Automation-using-Playwright-and-JavaScript\pages\LoginPage.js:39:21)
        at D:\OrangeHRM-Automation-using-Playwright-and-JavaScript\tests\login.spec.js:11:21

    attachment #1: screenshot (image/png) ──────────────────────────────────────────────────────────
    ..\Results\Evidence\login-OrangeHRM-Login-Modu-01f09-username-and-wrong-password-chromium-retry1\test-failed-1.png
    ────────────────────────────────────────────────────────────────────────────────────────────────

    attachment #2: video (video/webm) ──────────────────────────────────────────────────────────────
    ..\Results\Evidence\login-OrangeHRM-Login-Modu-01f09-username-and-wrong-password-chromium-retry1\video.webm
    ────────────────────────────────────────────────────────────────────────────────────────────────

    Error Context: ..\Results\Evidence\login-OrangeHRM-Login-Modu-01f09-username-and-wrong-password-chromium-retry1\error-context.md

    attachment #4: trace (application/zip) ─────────────────────────────────────────────────────────
    ..\Results\Evidence\login-OrangeHRM-Login-Modu-01f09-username-and-wrong-password-chromium-retry1\trace.zip
    Usage:

        npx playwright show-trace ..\Results\Evidence\login-OrangeHRM-Login-Modu-01f09-username-and-wrong-password-chromium-retry1\trace.zip

    ────────────────────────────────────────────────────────────────────────────────────────────────
]]>
</error>
</testcase>
<testcase name="OrangeHRM Login Module › TC_LOGIN_04: Verify password field masks the input characters" classname="login.spec.js" time="5.743">
</testcase>
<testcase name="OrangeHRM Login Module › TC_LOGIN_05: Verify login page UI elements are visible" classname="login.spec.js" time="4.249">
</testcase>
<testcase name="OrangeHRM Login Module › TC_LOGIN_06: Verify credential hint box displays default credentials" classname="login.spec.js" time="4.68">
</testcase>
<testcase name="OrangeHRM Login Module › TC_LOGIN_07: Verify login page title contains OrangeHRM" classname="login.spec.js" time="3.531">
</testcase>
<testcase name="OrangeHRM Login Module › TC_LOGIN_08: Verify login page URL contains auth/login" classname="login.spec.js" time="3.367">
</testcase>
<testcase name="OrangeHRM Login Module › TC_LOGIN_09: Verify input placeholders display non-empty hint text" classname="login.spec.js" time="3.117">
</testcase>
<testcase name="OrangeHRM Login Module › TC_LOGIN_10: Verify username field is focused on page load" classname="login.spec.js" time="3.198">
</testcase>
<testcase name="OrangeHRM Login Module › TC_LOGIN_11: Verify tab key navigation flows logically from username to password" classname="login.spec.js" time="3.45">
</testcase>
<testcase name="OrangeHRM Login Module › TC_LOGIN_12: Verify login button is enabled by default" classname="login.spec.js" time="3.376">
</testcase>
<testcase name="OrangeHRM Login Module › TC_LOGIN_13: Verify brand logo has descriptive alt text" classname="login.spec.js" time="3.409">
</testcase>
<testcase name="OrangeHRM Login Module › TC_LOGIN_14: Verify brand logo height and width attributes are positive" classname="login.spec.js" time="3.392">
</testcase>
<testcase name="OrangeHRM Login Module › TC_LOGIN_15: Verify copyright footer contains correct organization name" classname="login.spec.js" time="3.817">
</testcase>
<testcase name="OrangeHRM Login Module › TC_LOGIN_16: Verify input fields are empty on default page load" classname="login.spec.js" time="4.372">
</testcase>
<testcase name="OrangeHRM Login Module › TC_LOGIN_17: Verify custom CSS properties on Username label" classname="login.spec.js" time="3.504">
</testcase>
<testcase name="OrangeHRM Login Module › TC_LOGIN_18: Verify login page layout is responsive under mobile width" classname="login.spec.js" time="3.688">
</testcase>
<testcase name="OrangeHRM Login Module › TC_LOGIN_19: Verify autocomplete tags are present on input fields" classname="login.spec.js" time="3.374">
</testcase>
<testcase name="OrangeHRM Login Module › TC_LOGIN_20: Verify error panel CSS classes contain validation properties" classname="login.spec.js" time="4.422">
</testcase>
<testcase name="OrangeHRM Login Module › TC_LOGIN_21: Verify login card is visible" classname="login.spec.js" time="2.972">
</testcase>
<testcase name="OrangeHRM Login Module › TC_LOGIN_22: Verify credential hint box contains header title" classname="login.spec.js" time="3.562">
</testcase>
<testcase name="OrangeHRM Login Module › TC_LOGIN_23: Verify forgot password link has pointer cursor on hover" classname="login.spec.js" time="3.783">
</testcase>
<testcase name="OrangeHRM Login Module › TC_LOGIN_24: Verify HTML tag has lang attribute set to en" classname="login.spec.js" time="3.477">
</testcase>
<testcase name="OrangeHRM Login Module › TC_LOGIN_25: Verify connection security protocol is HTTPS" classname="login.spec.js" time="3.707">
</testcase>
<testcase name="OrangeHRM Login Module › TC_LOGIN_26: Verify successful login persists session across page reload (positive)" classname="login.spec.js" time="6.43">
</testcase>
<testcase name="OrangeHRM Login Module › TC_LOGIN_27: Verify login fails with a numeric-only username (negative)" classname="login.spec.js" time="4.698">
</testcase>
<testcase name="OrangeHRM Login Module › TC_LOGIN_28: Verify pressing Enter with username filled but password empty triggers required validation (negative)" classname="login.spec.js" time="3.245">
</testcase>
<testcase name="OrangeHRM Login Module › TC_LOGIN_29: Verify login page handles an extremely long password input without crashing (edge case)" classname="login.spec.js" time="7.001">
</testcase>
</testsuite>
<testsuite name="logout.spec.js" timestamp="2026-08-14T12:11:25.539Z" hostname="chromium" tests="25" failures="0" skipped="0" time="175.804" errors="0">
<testcase name="OrangeHRM Logout Module › TC_LOGOUT_01: Verify logout functionality redirects to login page" classname="logout.spec.js" time="7.674">
</testcase>
<testcase name="OrangeHRM Logout Module › TC_LOGOUT_02: Verify dashboard is not accessible after logout" classname="logout.spec.js" time="7.976">
</testcase>
<testcase name="OrangeHRM Logout Module › TC_LOGOUT_03: Verify browser back button does not access dashboard after logout" classname="logout.spec.js" time="8.544">
</testcase>
<testcase name="OrangeHRM Logout Module › TC_LOGOUT_04: Verify user dropdown is collapsed by default" classname="logout.spec.js" time="4.714">
</testcase>
<testcase name="OrangeHRM Logout Module › TC_LOGOUT_05: Verify user dropdown lists Logout link on click" classname="logout.spec.js" time="4.726">
</testcase>
<testcase name="OrangeHRM Logout Module › TC_LOGOUT_06: Verify clicking outside user dropdown closes the dropdown menu" classname="logout.spec.js" time="5.609">
</testcase>
<testcase name="OrangeHRM Logout Module › TC_LOGOUT_07: Verify Logout dropdown item tag is anchor link" classname="logout.spec.js" time="4.763">
</testcase>
<testcase name="OrangeHRM Logout Module › TC_LOGOUT_08: Verify cookies are cleared or altered after logout" classname="logout.spec.js" time="6.08">
</testcase>
<testcase name="OrangeHRM Logout Module › TC_LOGOUT_09: Verify Admin page is not accessible after logout" classname="logout.spec.js" time="6.645">
</testcase>
<testcase name="OrangeHRM Logout Module › TC_LOGOUT_10: Verify PIM page is not accessible after logout" classname="logout.spec.js" time="7.731">
</testcase>
<testcase name="OrangeHRM Logout Module › TC_LOGOUT_11: Verify Leave page is not accessible after logout" classname="logout.spec.js" time="9.429">
</testcase>
<testcase name="OrangeHRM Logout Module › TC_LOGOUT_12: Verify Time page is not accessible after logout" classname="logout.spec.js" time="8.103">
</testcase>
<testcase name="OrangeHRM Logout Module › TC_LOGOUT_13: Verify Recruitment page is not accessible after logout" classname="logout.spec.js" time="7.155">
</testcase>
<testcase name="OrangeHRM Logout Module › TC_LOGOUT_14: Verify My Info page is not accessible after logout" classname="logout.spec.js" time="6.605">
</testcase>
<testcase name="OrangeHRM Logout Module › TC_LOGOUT_15: Verify Buzz page is not accessible after logout" classname="logout.spec.js" time="7.396">
</testcase>
<testcase name="OrangeHRM Logout Module › TC_LOGOUT_16: Verify Directory page is not accessible after logout" classname="logout.spec.js" time="6.945">
</testcase>
<testcase name="OrangeHRM Logout Module › TC_LOGOUT_17: Verify Performance page is not accessible after logout" classname="logout.spec.js" time="7.083">
</testcase>
<testcase name="OrangeHRM Logout Module › TC_LOGOUT_18: Verify Maintenance page is not accessible after logout" classname="logout.spec.js" time="7.577">
</testcase>
<testcase name="OrangeHRM Logout Module › TC_LOGOUT_19: Verify Claim page is not accessible after logout" classname="logout.spec.js" time="7.263">
</testcase>
<testcase name="OrangeHRM Logout Module › TC_LOGOUT_20: Verify browser forward button does not re-authenticate user after logout" classname="logout.spec.js" time="6.604">
</testcase>
<testcase name="OrangeHRM Logout Module › TC_LOGOUT_21: Verify session storage is cleared on logout" classname="logout.spec.js" time="6.01">
</testcase>
<testcase name="OrangeHRM Logout Module › TC_LOGOUT_22: Verify localStorage does not contain sensitive tokens after logout" classname="logout.spec.js" time="6.052">
</testcase>
<testcase name="OrangeHRM Logout Module › TC_LOGOUT_23: Verify logout link text matches exact text Logout" classname="logout.spec.js" time="5.315">
</testcase>
<testcase name="OrangeHRM Logout Module › TC_LOGOUT_24: Verify user profile details container elements are not visible after logout" classname="logout.spec.js" time="14.282">
</testcase>
<testcase name="OrangeHRM Logout Module › TC_LOGOUT_25: Verify logout cursor is a pointer" classname="logout.spec.js" time="5.523">
</testcase>
</testsuite>
<testsuite name="myinfo.spec.js" timestamp="2026-08-14T12:11:25.539Z" hostname="chromium" tests="28" failures="0" skipped="2" time="282.55" errors="0">
<testcase name="OrangeHRM My Info Module › TC_MYINFO_01: Update personal details" classname="myinfo.spec.js" time="14.511">
</testcase>
<testcase name="OrangeHRM My Info Module › TC_MYINFO_02: Upload profile image" classname="myinfo.spec.js" time="14.55">
</testcase>
<testcase name="OrangeHRM My Info Module › TC_MYINFO_03: Verify first name field is pre-populated" classname="myinfo.spec.js" time="8.376">
</testcase>
<testcase name="OrangeHRM My Info Module › TC_MYINFO_04: Verify My Info page heading displays Personal Details" classname="myinfo.spec.js" time="8.051">
</testcase>
<testcase name="OrangeHRM My Info Module › TC_MYINFO_05: Verify Contact Details sub-tab is visible" classname="myinfo.spec.js" time="6.296">
</testcase>
<testcase name="OrangeHRM My Info Module › TC_MYINFO_06: Verify Emergency Contacts sub-tab is visible" classname="myinfo.spec.js" time="6.474">
</testcase>
<testcase name="OrangeHRM My Info Module › TC_MYINFO_07: Verify Dependents sub-tab is visible" classname="myinfo.spec.js" time="7.141">
</testcase>
<testcase name="OrangeHRM My Info Module › TC_MYINFO_08: Verify Immigration sub-tab is visible" classname="myinfo.spec.js" time="11.939">
</testcase>
<testcase name="OrangeHRM My Info Module › TC_MYINFO_09: Verify Job sub-tab is visible" classname="myinfo.spec.js" time="17.286">
</testcase>
<testcase name="OrangeHRM My Info Module › TC_MYINFO_10: Verify Salary sub-tab is visible" classname="myinfo.spec.js" time="16.095">
</testcase>
<testcase name="OrangeHRM My Info Module › TC_MYINFO_11: Verify Tax Exemptions sub-tab is visible" classname="myinfo.spec.js">
<properties>
<property name="skip" value="Tax Exemptions tab is not part of this employee profile&apos;s configuration">
</property>
</properties>
<skipped>
</skipped>
</testcase>
<testcase name="OrangeHRM My Info Module › TC_MYINFO_12: Verify Report-to sub-tab is visible" classname="myinfo.spec.js" time="7.572">
</testcase>
<testcase name="OrangeHRM My Info Module › TC_MYINFO_13: Verify Qualifications sub-tab is visible" classname="myinfo.spec.js" time="7.698">
</testcase>
<testcase name="OrangeHRM My Info Module › TC_MYINFO_14: Verify Memberships sub-tab is visible" classname="myinfo.spec.js" time="8.465">
</testcase>
<testcase name="OrangeHRM My Info Module › TC_MYINFO_15: Verify middle name field is visible" classname="myinfo.spec.js" time="8.939">
</testcase>
<testcase name="OrangeHRM My Info Module › TC_MYINFO_16: Verify last name field is visible" classname="myinfo.spec.js" time="9.847">
</testcase>
<testcase name="OrangeHRM My Info Module › TC_MYINFO_17: Verify Employee ID field is visible" classname="myinfo.spec.js" time="7.752">
</testcase>
<testcase name="OrangeHRM My Info Module › TC_MYINFO_18: Verify Driver&apos;s License Number field is visible" classname="myinfo.spec.js" time="8.768">
</testcase>
<testcase name="OrangeHRM My Info Module › TC_MYINFO_19: Verify SSN Number field is visible" classname="myinfo.spec.js" time="7.13">
</testcase>
<testcase name="OrangeHRM My Info Module › TC_MYINFO_20: Verify SIN Number field is visible" classname="myinfo.spec.js" time="7.143">
</testcase>
<testcase name="OrangeHRM My Info Module › TC_MYINFO_21: Verify Nationality dropdown is visible" classname="myinfo.spec.js" time="6.702">
</testcase>
<testcase name="OrangeHRM My Info Module › TC_MYINFO_22: Verify Marital Status dropdown is visible" classname="myinfo.spec.js" time="7.984">
</testcase>
<testcase name="OrangeHRM My Info Module › TC_MYINFO_23: Verify Gender radio buttons exist" classname="myinfo.spec.js" time="16.277">
</testcase>
<testcase name="OrangeHRM My Info Module › TC_MYINFO_24: Verify Custom Fields heading is visible" classname="myinfo.spec.js" time="16.365">
</testcase>
<testcase name="OrangeHRM My Info Module › TC_MYINFO_25: Verify Attachments Add button is visible" classname="myinfo.spec.js" time="16.1">
</testcase>
<testcase name="OrangeHRM My Info Module › TC_MYINFO_26: Verify My Info page URL points to Personal Details view by default (positive)" classname="myinfo.spec.js" time="7.51">
</testcase>
<testcase name="OrangeHRM My Info Module › TC_MYINFO_27: Verify an overly long nickname value is accepted without crashing the Personal Details form (edge case)" classname="myinfo.spec.js">
[...]
</testcase>
<testcase name="OrangeHRM Time Module › TC_TIME_02: Verify access to My Timesheets page" classname="time.spec.js" time="18.773">
</testcase>
<testcase name="OrangeHRM Time Module › TC_TIME_03: Verify access to Punch In/Out attendance page" classname="time.spec.js" time="17.819">
</testcase>
<testcase name="OrangeHRM Time Module › TC_TIME_04: Verify search button validation with empty/invalid inputs in employee timesheets" classname="time.spec.js" time="14.418">
</testcase>
<testcase name="OrangeHRM Time Module › TC_TIME_05: Verify top navigation contains Reports tab" classname="time.spec.js" time="8.434">
</testcase>
<testcase name="OrangeHRM Time Module › TC_TIME_06: Verify top navigation contains Project Info tab" classname="time.spec.js" time="8.169">
</testcase>
<testcase name="OrangeHRM Time Module › TC_TIME_07: Verify Customers option exists under Project Info" classname="time.spec.js" time="9.52">
</testcase>
<testcase name="OrangeHRM Time Module › TC_TIME_08: Verify Projects option exists under Project Info" classname="time.spec.js" time="8.289">
</testcase>
<testcase name="OrangeHRM Time Module › TC_TIME_09: Verify Project Info menu contains exactly Customers and Projects options" classname="time.spec.js" time="7.426">
</testcase>
<testcase name="OrangeHRM Time Module › TC_TIME_10: Verify Project Reports option exists under Reports menu" classname="time.spec.js" time="8.228">
</testcase>
<testcase name="OrangeHRM Time Module › TC_TIME_11: Verify Employee Reports option exists under Reports menu" classname="time.spec.js" time="8.73">
</testcase>
<testcase name="OrangeHRM Time Module › TC_TIME_12: Verify Attendance Summary option exists under Reports menu" classname="time.spec.js" time="8.702">
</testcase>
<testcase name="OrangeHRM Time Module › TC_TIME_13: Verify employee name search input field exists on Employee Timesheets page" classname="time.spec.js" time="8.328">
</testcase>
<testcase name="OrangeHRM Time Module › TC_TIME_14: Verify punch page has date input element" classname="time.spec.js" time="10.479">
</testcase>
<testcase name="OrangeHRM Time Module › TC_TIME_15: Verify punch page has time input element" classname="time.spec.js" time="10.453">
</testcase>
<testcase name="OrangeHRM Time Module › TC_TIME_16: Verify punch page note textarea is functional" classname="time.spec.js" time="8.114">
</testcase>
<testcase name="OrangeHRM Time Module › TC_TIME_17: Verify attendance table headers in My Records page" classname="time.spec.js" time="8.541">
</testcase>
<testcase name="OrangeHRM Time Module › TC_TIME_18: Verify My Records date picker input elements exist" classname="time.spec.js" time="8.723">
</testcase>
<testcase name="OrangeHRM Time Module › TC_TIME_19: Verify calendar pop-up opens on clicking date input in My Records page" classname="time.spec.js" time="8.02">
</testcase>
<testcase name="OrangeHRM Time Module › TC_TIME_20: Verify Date filter and View button are present in My Records page" classname="time.spec.js" time="9.794">
</testcase>
<testcase name="OrangeHRM Time Module › TC_TIME_21: Verify view records button text contains View" classname="time.spec.js" time="11.243">
</testcase>
<testcase name="OrangeHRM Time Module › TC_TIME_22: Verify breadcrumb title text details are visible" classname="time.spec.js" time="7.007">
</testcase>
<testcase name="OrangeHRM Time Module › TC_TIME_23: Verify Timesheets menu is visible in sub-navigation bar" classname="time.spec.js" time="7.433">
</testcase>
<testcase name="OrangeHRM Time Module › TC_TIME_24: Verify Attendance menu is visible in sub-navigation bar" classname="time.spec.js" time="7.31">
</testcase>
<testcase name="OrangeHRM Time Module › TC_TIME_25: Verify Punch In button exists in Punch page when logged out or punched out" classname="time.spec.js" time="7.617">
</testcase>
<testcase name="OrangeHRM Time Module › TC_TIME_26: Verify Employee Records option is visible under Attendance menu (positive)" classname="time.spec.js" time="6.706">
</testcase>
<testcase name="OrangeHRM Time Module › TC_TIME_27: Verify Employee Timesheets search with a non-existent employee name shows required validation (negative)" classname="time.spec.js" time="61.418">
<system-out>
<![CDATA[
[[ATTACHMENT|..\..\Evidence\time-OrangeHRM-Time-Module-ed6ff-quired-validation-negative--chromium\test-failed-1.png]]

[[ATTACHMENT|..\..\Evidence\time-OrangeHRM-Time-Module-ed6ff-quired-validation-negative--chromium\video.webm]]

[[ATTACHMENT|..\..\Evidence\time-OrangeHRM-Time-Module-ed6ff-quired-validation-negative--chromium\error-context.md]]

[[ATTACHMENT|..\..\Evidence\time-OrangeHRM-Time-Module-ed6ff-quired-validation-negative--chromium\trace.zip]]

[[ATTACHMENT|..\..\Evidence\time-OrangeHRM-Time-Module-ed6ff-quired-validation-negative--chromium-retry1\test-failed-1.png]]

[[ATTACHMENT|..\..\Evidence\time-OrangeHRM-Time-Module-ed6ff-quired-validation-negative--chromium-retry1\video.webm]]

[[ATTACHMENT|..\..\Evidence\time-OrangeHRM-Time-Module-ed6ff-quired-validation-negative--chromium-retry1\error-context.md]]

[[ATTACHMENT|..\..\Evidence\time-OrangeHRM-Time-Module-ed6ff-quired-validation-negative--chromium-retry1\trace.zip]]
]]>
</system-out>
<error message="locator.waitFor: Timeout 20000ms exceeded." type="TimeoutError">
<![CDATA[  [chromium] › time.spec.js:175:3 › OrangeHRM Time Module › TC_TIME_27: Verify Employee Timesheets search with a non-existent employee name shows required validation (negative) 

    TimeoutError: locator.waitFor: Timeout 20000ms exceeded.
    Call log:
      - waiting for locator('button.orangehrm-login-button') to be visible


       at ..\pages\LoginPage.js:40

      38 |   async navigate() {
      39 |     await this.page.goto('/web/index.php/auth/login');
    > 40 |     await this.loginButton.waitFor({ state: 'visible', timeout: 20000 });
         |                            ^
      41 |   }
      42 |
      43 |   // ── Actions ──
        at LoginPage.navigate (D:\OrangeHRM-Automation-using-Playwright-and-JavaScript\pages\LoginPage.js:40:28)
        at D:\OrangeHRM-Automation-using-Playwright-and-JavaScript\tests\time.spec.js:7:5

    attachment #1: screenshot (image/png) ──────────────────────────────────────────────────────────
    ..\Results\Evidence\time-OrangeHRM-Time-Module-ed6ff-quired-validation-negative--chromium\test-failed-1.png
    ────────────────────────────────────────────────────────────────────────────────────────────────

    attachment #2: video (video/webm) ──────────────────────────────────────────────────────────────
    ..\Results\Evidence\time-OrangeHRM-Time-Module-ed6ff-quired-validation-negative--chromium\video.webm
    ────────────────────────────────────────────────────────────────────────────────────────────────

    Error Context: ..\Results\Evidence\time-OrangeHRM-Time-Module-ed6ff-quired-validation-negative--chromium\error-context.md

    attachment #4: trace (application/zip) ─────────────────────────────────────────────────────────
    ..\Results\Evidence\time-OrangeHRM-Time-Module-ed6ff-quired-validation-negative--chromium\trace.zip
    Usage:

        npx playwright show-trace ..\Results\Evidence\time-OrangeHRM-Time-Module-ed6ff-quired-validation-negative--chromium\trace.zip

    ────────────────────────────────────────────────────────────────────────────────────────────────

    Retry #1 ───────────────────────────────────────────────────────────────────────────────────────

    TimeoutError: page.goto: Timeout 30000ms exceeded.
    Call log:
      - navigating to "https://opensource-demo.orangehrmlive.com/web/index.php/auth/login", waiting until "load"


       at ..\pages\LoginPage.js:39

      37 |   // ── Navigation ──
      38 |   async navigate() {
    > 39 |     await this.page.goto('/web/index.php/auth/login');
         |                     ^
      40 |     await this.loginButton.waitFor({ state: 'visible', timeout: 20000 });
      41 |   }
      42 |
        at LoginPage.navigate (D:\OrangeHRM-Automation-using-Playwright-and-JavaScript\pages\LoginPage.js:39:21)
        at D:\OrangeHRM-Automation-using-Playwright-and-JavaScript\tests\time.spec.js:7:21

    attachment #1: screenshot (image/png) ──────────────────────────────────────────────────────────
    ..\Results\Evidence\time-OrangeHRM-Time-Module-ed6ff-quired-validation-negative--chromium-retry1\test-failed-1.png
    ────────────────────────────────────────────────────────────────────────────────────────────────

    attachment #2: video (video/webm) ──────────────────────────────────────────────────────────────
    ..\Results\Evidence\time-OrangeHRM-Time-Module-ed6ff-quired-validation-negative--chromium-retry1\video.webm
    ────────────────────────────────────────────────────────────────────────────────────────────────

    Error Context: ..\Results\Evidence\time-OrangeHRM-Time-Module-ed6ff-quired-validation-negative--chromium-retry1\error-context.md

    attachment #4: trace (application/zip) ─────────────────────────────────────────────────────────
    ..\Results\Evidence\time-OrangeHRM-Time-Module-ed6ff-quired-validation-negative--chromium-retry1\trace.zip
    Usage:

        npx playwright show-trace ..\Results\Evidence\time-OrangeHRM-Time-Module-ed6ff-quired-validation-negative--chromium-retry1\trace.zip

    ────────────────────────────────────────────────────────────────────────────────────────────────
]]>
</error>
</testcase>
</testsuite>
<testsuite name="validations.spec.js" timestamp="2026-08-14T12:11:25.539Z" hostname="chromium" tests="29" failures="0" skipped="0" time="244.082" errors="1">
<testcase name="OrangeHRM Login Validations › TC_VALID_01: Verify required field validations for empty fields" classname="validations.spec.js" time="59.365">
<system-out>
<![CDATA[
[[ATTACHMENT|..\..\Evidence\validations-OrangeHRM-Logi-98a6e-alidations-for-empty-fields-chromium\test-failed-1.png]]

[[ATTACHMENT|..\..\Evidence\validations-OrangeHRM-Logi-98a6e-alidations-for-empty-fields-chromium\video.webm]]

[[ATTACHMENT|..\..\Evidence\validations-OrangeHRM-Logi-98a6e-alidations-for-empty-fields-chromium\error-context.md]]

[[ATTACHMENT|..\..\Evidence\validations-OrangeHRM-Logi-98a6e-alidations-for-empty-fields-chromium\trace.zip]]

[[ATTACHMENT|..\..\Evidence\validations-OrangeHRM-Logi-98a6e-alidations-for-empty-fields-chromium-retry1\test-failed-1.png]]

[[ATTACHMENT|..\..\Evidence\validations-OrangeHRM-Logi-98a6e-alidations-for-empty-fields-chromium-retry1\video.webm]]

[[ATTACHMENT|..\..\Evidence\validations-OrangeHRM-Logi-98a6e-alidations-for-empty-fields-chromium-retry1\error-context.md]]

[[ATTACHMENT|..\..\Evidence\validations-OrangeHRM-Logi-98a6e-alidations-for-empty-fields-chromium-retry1\trace.zip]]
]]>
</system-out>
<error message="locator.waitFor: Timeout 20000ms exceeded." type="TimeoutError">
<![CDATA[  [chromium] › validations.spec.js:9:3 › OrangeHRM Login Validations › TC_VALID_01: Verify required field validations for empty fields 

    TimeoutError: locator.waitFor: Timeout 20000ms exceeded.
    Call log:
      - waiting for locator('button.orangehrm-login-button') to be visible


       at ..\pages\LoginPage.js:40

      38 |   async navigate() {
      39 |     await this.page.goto('/web/index.php/auth/login');
    > 40 |     await this.loginButton.waitFor({ state: 'visible', timeout: 20000 });
         |                            ^
      41 |   }
      42 |
      43 |   // ── Actions ──
        at LoginPage.navigate (D:\OrangeHRM-Automation-using-Playwright-and-JavaScript\pages\LoginPage.js:40:28)
        at D:\OrangeHRM-Automation-using-Playwright-and-JavaScript\tests\validations.spec.js:6:5

    attachment #1: screenshot (image/png) ──────────────────────────────────────────────────────────
    ..\Results\Evidence\validations-OrangeHRM-Logi-98a6e-alidations-for-empty-fields-chromium\test-failed-1.png
    ────────────────────────────────────────────────────────────────────────────────────────────────

    attachment #2: video (video/webm) ──────────────────────────────────────────────────────────────
    ..\Results\Evidence\validations-OrangeHRM-Logi-98a6e-alidations-for-empty-fields-chromium\video.webm
    ────────────────────────────────────────────────────────────────────────────────────────────────

    Error Context: ..\Results\Evidence\validations-OrangeHRM-Logi-98a6e-alidations-for-empty-fields-chromium\error-context.md

    attachment #4: trace (application/zip) ─────────────────────────────────────────────────────────
    ..\Results\Evidence\validations-OrangeHRM-Logi-98a6e-alidations-for-empty-fields-chromium\trace.zip
    Usage:

        npx playwright show-trace ..\Results\Evidence\validations-OrangeHRM-Logi-98a6e-alidations-for-empty-fields-chromium\trace.zip

    ────────────────────────────────────────────────────────────────────────────────────────────────

    Retry #1 ───────────────────────────────────────────────────────────────────────────────────────

    TimeoutError: page.goto: Timeout 30000ms exceeded.
    Call log:
      - navigating to "https://opensource-demo.orangehrmlive.com/web/index.php/auth/login", waiting until "load"


       at ..\pages\LoginPage.js:39

      37 |   // ── Navigation ──
      38 |   async navigate() {
    > 39 |     await this.page.goto('/web/index.php/auth/login');
         |                     ^
      40 |     await this.loginButton.waitFor({ state: 'visible', timeout: 20000 });
      41 |   }
      42 |
        at LoginPage.navigate (D:\OrangeHRM-Automation-using-Playwright-and-JavaScript\pages\LoginPage.js:39:21)
        at D:\OrangeHRM-Automation-using-Playwright-and-JavaScript\tests\validations.spec.js:6:21

    attachment #1: screenshot (image/png) ──────────────────────────────────────────────────────────
    ..\Results\Evidence\validations-OrangeHRM-Logi-98a6e-alidations-for-empty-fields-chromium-retry1\test-failed-1.png
    ────────────────────────────────────────────────────────────────────────────────────────────────

    attachment #2: video (video/webm) ──────────────────────────────────────────────────────────────
    ..\Results\Evidence\validations-OrangeHRM-Logi-98a6e-alidations-for-empty-fields-chromium-retry1\video.webm
    ────────────────────────────────────────────────────────────────────────────────────────────────

    Error Context: ..\Results\Evidence\validations-OrangeHRM-Logi-98a6e-alidations-for-empty-fields-chromium-retry1\error-context.md

    attachment #4: trace (application/zip) ─────────────────────────────────────────────────────────
    ..\Results\Evidence\validations-OrangeHRM-Logi-98a6e-alidations-for-empty-fields-chromium-retry1\trace.zip
    Usage:

        npx playwright show-trace ..\Results\Evidence\validations-OrangeHRM-Logi-98a6e-alidations-for-empty-fields-chromium-retry1\trace.zip

    ────────────────────────────────────────────────────────────────────────────────────────────────
]]>
</error>
</testcase>
<testcase name="OrangeHRM Login Validations › TC_VALID_02: Verify validation when only password is entered" classname="validations.spec.js" time="6.102">
</testcase>
<testcase name="OrangeHRM Login Validations › TC_VALID_03: Verify validation when only username is entered" classname="validations.spec.js" time="4.315">
</testcase>
<testcase name="OrangeHRM Login Validations › TC_VALID_04: Verify login fails with special characters in credentials" classname="validations.spec.js" time="4.675">
</testcase>
<testcase name="OrangeHRM Login Validations › TC_VALID_05: Verify validation error message when username has only spaces" classname="validations.spec.js" time="18.803">
</testcase>
<testcase name="OrangeHRM Login Validations › TC_VALID_06: Verify validation error message when password has only spaces" classname="validations.spec.js" time="19">
</testcase>
<testcase name="OrangeHRM Login Validations › TC_VALID_07: Verify login fails with SQL Injection payload in username" classname="validations.spec.js" time="6.161">
</testcase>
<testcase name="OrangeHRM Login Validations › TC_VALID_08: Verify login fails with SQL Injection payload in password" classname="validations.spec.js" time="5.316">
</testcase>
<testcase name="OrangeHRM Login Validations › TC_VALID_09: Verify error validation text elements have correct text color (red)" classname="validations.spec.js" time="3.546">
</testcase>
<testcase name="OrangeHRM Login Validations › TC_VALID_10: Verify username field does not exceed max length limit of HTML standards" classname="validations.spec.js" time="3.637">
</testcase>
<testcase name="OrangeHRM Login Validations › TC_VALID_11: Verify password field does not exceed max length limit of HTML standards" classname="validations.spec.js" time="3.577">
</testcase>
<testcase name="OrangeHRM Login Validations › TC_VALID_12: Verify error message font weight is responsive" classname="validations.spec.js" time="4.399">
</testcase>
<testcase name="OrangeHRM Login Validations › TC_VALID_13: Verify input error borders are styled on required error trigger" classname="validations.spec.js" time="3.923">
</testcase>
<testcase name="OrangeHRM Login Validations › TC_VALID_14: Verify form submits only when all validation requirements are met" classname="validations.spec.js" time="3.889">
</testcase>
<testcase name="OrangeHRM Login Validations › TC_VALID_15: Verify username input case-sensitivity" classname="validations.spec.js" time="19.475">
</testcase>
<testcase name="OrangeHRM Login Validations › TC_VALID_16: Verify password input case-sensitivity" classname="validations.spec.js" time="4.964">
</testcase>
<testcase name="OrangeHRM Login Validations › TC_VALID_17: Verify error alert has company icon or style container" classname="validations.spec.js" time="4.827">
</testcase>
<testcase name="OrangeHRM Login Validations › TC_VALID_18: Verify login page form submission tag exists" classname="validations.spec.js" time="3.613">
</testcase>
<testcase name="OrangeHRM Login Validations › TC_VALID_19: Verify login button is of type submit" classname="validations.spec.js" time="3.487">
</testcase>
<testcase name="OrangeHRM Login Validations › TC_VALID_20: Verify field label tags are capitalized" classname="validations.spec.js" time="3.609">
</testcase>
<testcase name="OrangeHRM Login Validations › TC_VALID_21: Verify password input field has password autocomplete settings" classname="validations.spec.js" time="3.426">
</testcase>
<testcase name="OrangeHRM Login Validations › TC_VALID_22: Verify spacing styles around form input groupings" classname="validations.spec.js" time="3.209">
</testcase>
<testcase name="OrangeHRM Login Validations › TC_VALID_23: Verify login button displays hover class transitions" classname="validations.spec.js" time="3.367">
</testcase>
<testcase name="OrangeHRM Login Validations › TC_VALID_24: Verify HTML lang details exist on login viewport" classname="validations.spec.js" time="3.185">
</testcase>
<testcase name="OrangeHRM Login Validations › TC_VALID_25: Verify validation on long username does not crash backend" classname="validations.spec.js" time="11.613">
</testcase>
<testcase name="OrangeHRM Login Validations › TC_VALID_26: Verify login fails safely with an XSS script payload in the password field (negative)" classname="validations.spec.js" time="4.241">
</testcase>
<testcase name="OrangeHRM Login Validations › TC_VALID_27: Verify login fails with unicode and emoji characters in the username (negative)" classname="validations.spec.js" time="4.639">
</testcase>
<testcase name="OrangeHRM Login Validations › TC_VALID_28: Verify login fails when username contains only control/whitespace characters (edge case)" classname="validations.spec.js" time="18.756">
</testcase>
<testcase name="OrangeHRM Login Validations › TC_VALID_29: Verify login fails with an extremely long password without a server error (negative)" classname="validations.spec.js" time="4.963">
</testcase>
</testsuite>
</testsuites>