<testsuites id="" name="" tests="380" failures="7" skipped="15" errors="0" time="937.39805">
<testsuite name="admin.spec.js" timestamp="2026-08-14T06:17:28.326Z" hostname="chromium" tests="25" failures="0" skipped="0" time="326.735" errors="0">
<testcase name="OrangeHRM Admin Module › TC_ADMIN_01: Add new user (Pre-requisite: Add Employee first)" classname="admin.spec.js" time="29.397">
</testcase>
<testcase name="OrangeHRM Admin Module › TC_ADMIN_02: Search user by username" classname="admin.spec.js" time="11.254">
</testcase>
<testcase name="OrangeHRM Admin Module › TC_ADMIN_03: Update user details" classname="admin.spec.js" time="29.396">
</testcase>
<testcase name="OrangeHRM Admin Module › TC_ADMIN_04: Verify user role displays correctly in search results" classname="admin.spec.js" time="21.817">
</testcase>
<testcase name="OrangeHRM Admin Module › TC_ADMIN_05: Verify Admin page has Add button visible" classname="admin.spec.js" time="22.605">
</testcase>
<testcase name="OrangeHRM Admin Module › TC_ADMIN_06: Delete existing user and cleanup employee" classname="admin.spec.js" time="41.369">
</testcase>
<testcase name="OrangeHRM Admin Module › TC_ADMIN_07: Verify resetting the search form clears username field" classname="admin.spec.js" time="9.083">
</testcase>
<testcase name="OrangeHRM Admin Module › TC_ADMIN_08: Verify search with non-existent username returns zero records" classname="admin.spec.js" time="9.736">
</testcase>
<testcase name="OrangeHRM Admin Module › TC_ADMIN_09: Verify Admin sub-menu bar contains User Management item" classname="admin.spec.js" time="10.788">
</testcase>
<testcase name="OrangeHRM Admin Module › TC_ADMIN_10: Verify Job dropdown menu is visible in top navigation bar" classname="admin.spec.js" time="9.861">
</testcase>
<testcase name="OrangeHRM Admin Module › TC_ADMIN_11: Verify Organization dropdown menu is visible in top navigation bar" classname="admin.spec.js" time="9.517">
</testcase>
<testcase name="OrangeHRM Admin Module › TC_ADMIN_12: Verify Qualifications dropdown menu is visible in top navigation bar" classname="admin.spec.js" time="7.928">
</testcase>
<testcase name="OrangeHRM Admin Module › TC_ADMIN_13: Verify Nationalities tab item is visible in top navigation bar" classname="admin.spec.js" time="6.785">
</testcase>
<testcase name="OrangeHRM Admin Module › TC_ADMIN_14: Verify Corporate Branding tab item is visible in top navigation bar" classname="admin.spec.js" time="10.672">
</testcase>
<testcase name="OrangeHRM Admin Module › TC_ADMIN_15: Verify Configuration dropdown menu is visible in top navigation bar" classname="admin.spec.js" time="10.214">
</testcase>
<testcase name="OrangeHRM Admin Module › TC_ADMIN_16: Verify validation error on adding user with empty password" classname="admin.spec.js" time="9.309">
</testcase>
<testcase name="OrangeHRM Admin Module › TC_ADMIN_17: Verify validation error on adding user with mismatched confirm password" classname="admin.spec.js" time="8.067">
</testcase>
<testcase name="OrangeHRM Admin Module › TC_ADMIN_18: Verify autocomplete dropdown is hidden by default" classname="admin.spec.js" time="7.297">
</testcase>
<testcase name="OrangeHRM Admin Module › TC_ADMIN_19: Verify cancel button returns to user grid page" classname="admin.spec.js" time="8.223">
</testcase>
<testcase name="OrangeHRM Admin Module › TC_ADMIN_20: Verify select all checkbox is visible on table header" classname="admin.spec.js" time="6.089">
</testcase>
<testcase name="OrangeHRM Admin Module › TC_ADMIN_21: Verify row checkbox can be hovered and clicked" classname="admin.spec.js" time="7.166">
</testcase>
<testcase name="OrangeHRM Admin Module › TC_ADMIN_22: Verify records count display text exists above table" classname="admin.spec.js" time="7.493">
</testcase>
<testcase name="OrangeHRM Admin Module › TC_ADMIN_23: Verify Admin breadcrumb title contains User Management" classname="admin.spec.js" time="9.154">
</testcase>
<testcase name="OrangeHRM Admin Module › TC_ADMIN_24: Verify table column headers Username, User Role, Employee Name, Status, Actions exist" classname="admin.spec.js" time="7.976">
</testcase>
<testcase name="OrangeHRM Admin Module › TC_ADMIN_25: Verify search button tag name is button" classname="admin.spec.js" time="15.539">
</testcase>
</testsuite>
<testsuite name="buzz.spec.js" timestamp="2026-08-14T06:17:28.326Z" hostname="chromium" tests="28" failures="0" skipped="0" time="260.97" errors="0">
<testcase name="OrangeHRM Buzz Module › TC_BUZZ_01: Verify Buzz page loads feed correctly" classname="buzz.spec.js" time="9.772">
</testcase>
<testcase name="OrangeHRM Buzz Module › TC_BUZZ_02: Verify successful creation of new post" classname="buzz.spec.js" time="14.112">
</testcase>
<testcase name="OrangeHRM Buzz Module › TC_BUZZ_03: Verify feed filtering tabs are functional" classname="buzz.spec.js" time="7.634">
</testcase>
<testcase name="OrangeHRM Buzz Module › TC_BUZZ_04: Verify post button is disabled/ignored when post text is empty" classname="buzz.spec.js" time="12.168">
</testcase>
<testcase name="OrangeHRM Buzz Module › TC_BUZZ_05: Verify Share Photos button is visible" classname="buzz.spec.js" time="9.611">
</testcase>
<testcase name="OrangeHRM Buzz Module › TC_BUZZ_06: Verify Share Video button is visible" classname="buzz.spec.js" time="6.96">
</testcase>
<testcase name="OrangeHRM Buzz Module › TC_BUZZ_07: Verify post textarea placeholder is What&apos;s on your mind?" classname="buzz.spec.js" time="10.649">
</testcase>
<testcase name="OrangeHRM Buzz Module › TC_BUZZ_08: Verify Most Recent Posts tab is visible by default" classname="buzz.spec.js" time="7.495">
</testcase>
<testcase name="OrangeHRM Buzz Module › TC_BUZZ_09: Verify Most Commented Posts tab filters newsfeed" classname="buzz.spec.js" time="8.74">
</testcase>
<testcase name="OrangeHRM Buzz Module › TC_BUZZ_10: Verify newsfeed contains cards with profile avatars" classname="buzz.spec.js" time="9.749">
</testcase>
<testcase name="OrangeHRM Buzz Module › TC_BUZZ_11: Verify user profile name link is visible on each post card" classname="buzz.spec.js" time="9.201">
</testcase>
<testcase name="OrangeHRM Buzz Module › TC_BUZZ_12: Verify timestamp elapsed duration text exists on post" classname="buzz.spec.js" time="8.43">
</testcase>
<testcase name="OrangeHRM Buzz Module › TC_BUZZ_13: Verify clicking Like button toggles like state" classname="buzz.spec.js" time="7.731">
</testcase>
<testcase name="OrangeHRM Buzz Module › TC_BUZZ_14: Verify Comment icon button exists on feed posts" classname="buzz.spec.js" time="7.881">
</testcase>
<testcase name="OrangeHRM Buzz Module › TC_BUZZ_15: Verify Share icon button exists on feed posts" classname="buzz.spec.js" time="7.324">
</testcase>
<testcase name="OrangeHRM Buzz Module › TC_BUZZ_16: Verify Buzz page URL path is correct" classname="buzz.spec.js" time="7.397">
</testcase>
<testcase name="OrangeHRM Buzz Module › TC_BUZZ_17: Verify Share Photos button opens dialog pop-up" classname="buzz.spec.js" time="7.074">
</testcase>
<testcase name="OrangeHRM Buzz Module › TC_BUZZ_18: Verify Share Video button opens dialog pop-up" classname="buzz.spec.js" time="8.159">
</testcase>
<testcase name="OrangeHRM Buzz Module › TC_BUZZ_19: Verify post options dropdown (dot menu) is functional" classname="buzz.spec.js" time="7.119">
</testcase>
<testcase name="OrangeHRM Buzz Module › TC_BUZZ_20: Verify feed scroll behavior is responsive" classname="buzz.spec.js" time="9.222">
</testcase>
<testcase name="OrangeHRM Buzz Module › TC_BUZZ_21: Verify post content area does not overflow card width" classname="buzz.spec.js" time="9.22">
</testcase>
<testcase name="OrangeHRM Buzz Module › TC_BUZZ_22: Verify video link validation error message when empty video link is posted" classname="buzz.spec.js" time="9.939">
</testcase>
<testcase name="OrangeHRM Buzz Module › TC_BUZZ_23: Verify profile card elements are visible in left column of Buzz page" classname="buzz.spec.js" time="8.383">
</testcase>
<testcase name="OrangeHRM Buzz Module › TC_BUZZ_24: Verify post textarea accepts special characters and emojis" classname="buzz.spec.js" time="7.788">
</testcase>
<testcase name="OrangeHRM Buzz Module › TC_BUZZ_25: Verify Buzz title in topbar matches breadcrumb text" classname="buzz.spec.js" time="7.497">
</testcase>
<testcase name="OrangeHRM Buzz Module › TC_BUZZ_26: Verify creating a post with an extremely long text body does not crash the feed (edge case)" classname="buzz.spec.js" time="10.404">
</testcase>
<testcase name="OrangeHRM Buzz Module › TC_BUZZ_27: Verify a newly created post appears near the top of the Most Recent Posts feed (positive)" classname="buzz.spec.js" time="15.79">
</testcase>
<testcase name="OrangeHRM Buzz Module › TC_BUZZ_28: Verify a script tag entered in the post textarea is rendered as plain text and not executed (negative)" classname="buzz.spec.js" time="15.521">
</testcase>
</testsuite>
<testsuite name="changePassword.spec.js" timestamp="2026-08-14T06:17:28.326Z" hostname="chromium" tests="28" failures="0" skipped="0" time="482.635" errors="0">
<testcase name="OrangeHRM Change Password Module › TC_PASSWORD_01: Verify navigation to Change Password page and input elements" classname="changePassword.spec.js" time="13.603">
</testcase>
<testcase name="OrangeHRM Change Password Module › TC_PASSWORD_02: Verify validation messages on empty form submission" classname="changePassword.spec.js" time="14.065">
</testcase>
<testcase name="OrangeHRM Change Password Module › TC_PASSWORD_03: Verify mismatch error for new and confirm passwords" classname="changePassword.spec.js" time="13.548">
</testcase>
<testcase name="OrangeHRM Change Password Module › TC_PASSWORD_04: Verify cancel button redirects back to dashboard" classname="changePassword.spec.js" time="11.544">
</testcase>
<testcase name="OrangeHRM Change Password Module › TC_PASSWORD_05: Verify page URL contains updatePassword" classname="changePassword.spec.js" time="11.772">
</testcase>
<testcase name="OrangeHRM Change Password Module › TC_PASSWORD_06: Verify heading title has class orangehrm-main-title" classname="changePassword.spec.js" time="11.996">
</testcase>
<testcase name="OrangeHRM Change Password Module › TC_PASSWORD_07: Verify current password field type attribute is password" classname="changePassword.spec.js" time="12.701">
</testcase>
<testcase name="OrangeHRM Change Password Module › TC_PASSWORD_08: Verify new password field type attribute is password" classname="changePassword.spec.js" time="11.319">
</testcase>
<testcase name="OrangeHRM Change Password Module › TC_PASSWORD_09: Verify confirm password field type attribute is password" classname="changePassword.spec.js" time="16.253">
</testcase>
<testcase name="OrangeHRM Change Password Module › TC_PASSWORD_10: Verify validation error on entering short new password" classname="changePassword.spec.js" time="20.372">
</testcase>
<testcase name="OrangeHRM Change Password Module › TC_PASSWORD_11: Verify current password input autocomplete settings" classname="changePassword.spec.js" time="20.621">
</testcase>
<testcase name="OrangeHRM Change Password Module › TC_PASSWORD_12: Verify cancel button tag name is button" classname="changePassword.spec.js" time="21.79">
</testcase>
<testcase name="OrangeHRM Change Password Module › TC_PASSWORD_13: Verify save button tag name is button" classname="changePassword.spec.js" time="19.926">
</testcase>
<testcase name="OrangeHRM Change Password Module › TC_PASSWORD_14: Verify cancel button has default ghost class" classname="changePassword.spec.js" time="19.663">
</testcase>
<testcase name="OrangeHRM Change Password Module › TC_PASSWORD_15: Verify save button has secondary submit class" classname="changePassword.spec.js" time="17.763">
</testcase>
<testcase name="OrangeHRM Change Password Module › TC_PASSWORD_16: Verify cursor hover properties on cancel button" classname="changePassword.spec.js" time="17.667">
</testcase>
<testcase name="OrangeHRM Change Password Module › TC_PASSWORD_17: Verify cursor hover properties on save button" classname="changePassword.spec.js" time="20.243">
</testcase>
<testcase name="OrangeHRM Change Password Module › TC_PASSWORD_18: Verify tab index flow from current password input" classname="changePassword.spec.js" time="19.616">
</testcase>
<testcase name="OrangeHRM Change Password Module › TC_PASSWORD_19: Verify tab index flow from new password input" classname="changePassword.spec.js" time="20.737">
</testcase>
<testcase name="OrangeHRM Change Password Module › TC_PASSWORD_20: Verify tab index flow from confirm password input" classname="changePassword.spec.js" time="18.411">
</testcase>
<testcase name="OrangeHRM Change Password Module › TC_PASSWORD_21: Verify HTML lang tag exists in document root" classname="changePassword.spec.js" time="19.316">
</testcase>
<testcase name="OrangeHRM Change Password Module › TC_PASSWORD_22: Verify secure connection protocol is HTTPS" classname="changePassword.spec.js" time="17.437">
</testcase>
<testcase name="OrangeHRM Change Password Module › TC_PASSWORD_23: Verify page title contains OrangeHRM" classname="changePassword.spec.js" time="19.792">
</testcase>
<testcase name="OrangeHRM Change Password Module › TC_PASSWORD_24: Verify form element wrapping exists" classname="changePassword.spec.js" time="17.548">
</testcase>
<testcase name="OrangeHRM Change Password Module › TC_PASSWORD_25: Verify Username input or label exists in userarea" classname="changePassword.spec.js" time="19.751">
</testcase>
<testcase name="OrangeHRM Change Password Module › TC_PASSWORD_26: Verify Required validation is shown when Current Password is left empty (negative)" classname="changePassword.spec.js" time="20.465">
</testcase>
<testcase name="OrangeHRM Change Password Module › TC_PASSWORD_27: Verify a new password just below the minimum length boundary is rejected (negative/edge case)" classname="changePassword.spec.js" time="19.884">
</testcase>
<testcase name="OrangeHRM Change Password Module › TC_PASSWORD_28: Verify New Password field correctly accepts and displays typed characters (positive)" classname="changePassword.spec.js" time="14.832">
</testcase>
</testsuite>
<testsuite name="dashboard.spec.js" timestamp="2026-08-14T06:17:28.326Z" hostname="chromium" tests="28" failures="0" skipped="0" time="222.402" errors="0">
<testcase name="OrangeHRM Dashboard Module › TC_DASH_01: Verify dashboard page loads after login" classname="dashboard.spec.js" time="11.103">
</testcase>
<testcase name="OrangeHRM Dashboard Module › TC_DASH_02: Verify dashboard widgets are visible" classname="dashboard.spec.js" time="12.017">
</testcase>
<testcase name="OrangeHRM Dashboard Module › TC_DASH_03: Verify Time at Work widget is displayed" classname="dashboard.spec.js" time="8.478">
</testcase>
<testcase name="OrangeHRM Dashboard Module › TC_DASH_04: Verify My Actions widget is displayed" classname="dashboard.spec.js" time="8.187">
</testcase>
<testcase name="OrangeHRM Dashboard Module › TC_DASH_05: Verify Quick Launch widget is displayed" classname="dashboard.spec.js" time="7.859">
</testcase>
<testcase name="OrangeHRM Dashboard Module › TC_DASH_06: Verify sidebar contains all main navigation items" classname="dashboard.spec.js" time="6.803">
</testcase>
<testcase name="OrangeHRM Dashboard Module › TC_DASH_07: Verify logged-in user name is displayed in header" classname="dashboard.spec.js" time="8.393">
</testcase>
<testcase name="OrangeHRM Dashboard Module › TC_DASH_08: Verify user dropdown shows About, Support, Change Password, Logout" classname="dashboard.spec.js" time="7.92">
</testcase>
<testcase name="OrangeHRM Dashboard Module › TC_DASH_09: Verify sidebar collapse and expand functionality" classname="dashboard.spec.js" time="9.036">
</testcase>
<testcase name="OrangeHRM Dashboard Module › TC_DASH_10: Verify Employees on Leave Today widget is displayed" classname="dashboard.spec.js" time="7.919">
</testcase>
<testcase name="OrangeHRM Dashboard Module › TC_DASH_11: Verify sidebar search filters navigation items" classname="dashboard.spec.js" time="9.656">
</testcase>
<testcase name="OrangeHRM Dashboard Module › TC_DASH_12: Verify dashboard URL contains correct path" classname="dashboard.spec.js" time="7.277">
</testcase>
<testcase name="OrangeHRM Dashboard Module › TC_DASH_13: Verify user profile dropdown image has valid attributes" classname="dashboard.spec.js" time="6.332">
</testcase>
<testcase name="OrangeHRM Dashboard Module › TC_DASH_14: Verify corporate branding logo is visible in sidebar header" classname="dashboard.spec.js" time="7.152">
</testcase>
<testcase name="OrangeHRM Dashboard Module › TC_DASH_15: Verify sidebar search input is functional" classname="dashboard.spec.js" time="7.052">
</testcase>
<testcase name="OrangeHRM Dashboard Module › TC_DASH_16: Verify dashboard widgets have correct card container CSS classes" classname="dashboard.spec.js" time="6.18">
</testcase>
<testcase name="OrangeHRM Dashboard Module › TC_DASH_17: Verify Assign Leave link in Quick Launch redirects properly" classname="dashboard.spec.js" time="6.21">
</testcase>
<testcase name="OrangeHRM Dashboard Module › TC_DASH_18: Verify Leave List link in Quick Launch redirects properly" classname="dashboard.spec.js" time="5.586">
</testcase>
<testcase name="OrangeHRM Dashboard Module › TC_DASH_19: Verify Timesheets link in Quick Launch redirects properly" classname="dashboard.spec.js" time="7.799">
</testcase>
<testcase name="OrangeHRM Dashboard Module › TC_DASH_20: Verify Apply Leave link in Quick Launch redirects properly" classname="dashboard.spec.js" time="6.696">
</testcase>
<testcase name="OrangeHRM Dashboard Module › TC_DASH_21: Verify My Leave link in Quick Launch redirects properly" classname="dashboard.spec.js" time="7.759">
</testcase>
<testcase name="OrangeHRM Dashboard Module › TC_DASH_22: Verify My Timesheet link in Quick Launch redirects properly" classname="dashboard.spec.js" time="8.745">
</testcase>
<testcase name="OrangeHRM Dashboard Module › TC_DASH_23: Verify Support option opens support page" classname="dashboard.spec.js" time="10.457">
</testcase>
<testcase name="OrangeHRM Dashboard Module › TC_DASH_24: Verify About link displays modal pop-up" classname="dashboard.spec.js" time="8.076">
</testcase>
<testcase name="OrangeHRM Dashboard Module › TC_DASH_25: Verify dashboard topbar has header with correct tags" classname="dashboard.spec.js" time="8.199">
</testcase>
<testcase name="OrangeHRM Dashboard Module › TC_DASH_26: Verify Buzz Latest Posts widget is displayed on dashboard (positive)" classname="dashboard.spec.js" time="7.192">
</testcase>
<testcase name="OrangeHRM Dashboard Module › TC_DASH_27: Verify sidebar search with a non-existent module name shows no matching navigation link (negative)" classname="dashboard.spec.js" time="7.014">
</testcase>
<testcase name="OrangeHRM Dashboard Module › TC_DASH_28: Verify user dropdown menu closes after selecting Escape or clicking elsewhere (positive)" classname="dashboard.spec.js" time="7.305">
</testcase>
</testsuite>
<testsuite name="directory.spec.js" timestamp="2026-08-14T06:17:28.326Z" hostname="chromium" tests="28" failures="0" skipped="0" time="253.759" errors="0">
<testcase name="OrangeHRM Directory Module › TC_DIR_01: Verify Directory page load and header breadcrumb" classname="directory.spec.js" time="9.214">
</testcase>
<testcase name="OrangeHRM Directory Module › TC_DIR_02: Verify search functionality by Job Title" classname="directory.spec.js" time="12.393">
</testcase>
<testcase name="OrangeHRM Directory Module › TC_DIR_03: Verify reset button clears search parameters" classname="directory.spec.js" time="9.612">
</testcase>
<testcase name="OrangeHRM Directory Module › TC_DIR_04: Verify searching with invalid employee name returns no records" classname="directory.spec.js" time="8.868">
</testcase>
<testcase name="OrangeHRM Directory Module › TC_DIR_05: Verify Location dropdown filter is visible" classname="directory.spec.js" time="8.577">
</testcase>
<testcase name="OrangeHRM Directory Module › TC_DIR_06: Verify Job Title dropdown filter is visible" classname="directory.spec.js" time="7.228">
</testcase>
<testcase name="OrangeHRM Directory Module › TC_DIR_07: Verify Employee Name input field is visible" classname="directory.spec.js" time="6.761">
</testcase>
<testcase name="OrangeHRM Directory Module › TC_DIR_08: Verify Search button is visible" classname="directory.spec.js" time="7.399">
</testcase>
<testcase name="OrangeHRM Directory Module › TC_DIR_09: Verify Reset button is visible" classname="directory.spec.js" time="7.027">
</testcase>
<testcase name="OrangeHRM Directory Module › TC_DIR_10: Verify card grid container is visible in search results" classname="directory.spec.js" time="7.67">
</testcase>
<testcase name="OrangeHRM Directory Module › TC_DIR_11: Verify employee card has image element" classname="directory.spec.js" time="6.644">
</testcase>
<testcase name="OrangeHRM Directory Module › TC_DIR_12: Verify employee card has name header link" classname="directory.spec.js" time="7.532">
</testcase>
<testcase name="OrangeHRM Directory Module › TC_DIR_13: Verify employee card job title text block exists" classname="directory.spec.js" time="7.768">
</testcase>
<testcase name="OrangeHRM Directory Module › TC_DIR_14: Verify employee card location text block exists" classname="directory.spec.js" time="8.018">
</testcase>
<testcase name="OrangeHRM Directory Module › TC_DIR_15: Verify autocomplete options container is hidden on page load" classname="directory.spec.js" time="7.983">
</testcase>
<testcase name="OrangeHRM Directory Module › TC_DIR_16: Verify search by Location filter option functionality" classname="directory.spec.js" time="8.506">
</testcase>
<testcase name="OrangeHRM Directory Module › TC_DIR_17: Verify Location dropdown is reset to -- Select -- on Reset click" classname="directory.spec.js" time="9.829">
</testcase>
<testcase name="OrangeHRM Directory Module › TC_DIR_18: Verify Search button has type submit attribute" classname="directory.spec.js" time="9.181">
</testcase>
<testcase name="OrangeHRM Directory Module › TC_DIR_19: Verify search cards count text matches results length" classname="directory.spec.js" time="9.945">
</testcase>
<testcase name="OrangeHRM Directory Module › TC_DIR_20: Verify employee name input accepts keyboard tab navigation" classname="directory.spec.js" time="10.046">
</testcase>
<testcase name="OrangeHRM Directory Module › TC_DIR_21: Verify directory layout contains search parameters fold collapsible element" classname="directory.spec.js" time="10.851">
</testcase>
<testcase name="OrangeHRM Directory Module › TC_DIR_22: Verify search panel title is Directory" classname="directory.spec.js" time="10.574">
</testcase>
<testcase name="OrangeHRM Directory Module › TC_DIR_23: Verify employee list is scrollable" classname="directory.spec.js" time="9.179">
</testcase>
<testcase name="OrangeHRM Directory Module › TC_DIR_24: Verify reset button hover styling properties" classname="directory.spec.js" time="11.672">
</testcase>
<testcase name="OrangeHRM Directory Module › TC_DIR_25: Verify search input field placeholder matches default text hint" classname="directory.spec.js" time="11.149">
</testcase>
<testcase name="OrangeHRM Directory Module › TC_DIR_26: Verify searching employee name with special characters returns no records without error (negative)" classname="directory.spec.js" time="9.239">
</testcase>
<testcase name="OrangeHRM Directory Module › TC_DIR_27: Verify Reset button does not clear an unconfirmed Employee Name text entry (edge case)" classname="directory.spec.js" time="10.055">
</testcase>
<testcase name="OrangeHRM Directory Module › TC_DIR_28: Verify searching with a whitespace-only employee name does not throw an error (edge case)" classname="directory.spec.js" time="10.839">
</testcase>
</testsuite>
<testsuite name="forgotPassword.spec.js" timestamp="2026-08-14T06:17:28.326Z" hostname="chromium" tests="28" failures="0" skipped="0" time="145.755" errors="0">
<testcase name="OrangeHRM Forgot Password Module › TC_FORGOT_01: Verify forgot password link navigates correctly" classname="forgotPassword.spec.js" time="5.052">
</testcase>
<testcase name="OrangeHRM Forgot Password Module › TC_FORGOT_02: Verify cancel button on forgot password returns to login" classname="forgotPassword.spec.js" time="6.507">
</testcase>
<testcase name="OrangeHRM Forgot Password Module › TC_FORGOT_03: Verify password reset request with valid username" classname="forgotPassword.spec.js" time="9.072">
</testcase>
<testcase name="OrangeHRM Forgot Password Module › TC_FORGOT_04: Verify forgot password page heading text" classname="forgotPassword.spec.js" time="4.899">
</testcase>
<testcase name="OrangeHRM Forgot Password Module › TC_FORGOT_05: Verify URL contains auth/requestPasswordResetCode" classname="forgotPassword.spec.js" time="4.435">
</testcase>
<testcase name="OrangeHRM Forgot Password Module › TC_FORGOT_06: Verify username input displays non-empty hint text" classname="forgotPassword.spec.js" time="4.018">
</testcase>
<testcase name="OrangeHRM Forgot Password Module › TC_FORGOT_07: Verify Company branding banner is visible on reset password page" classname="forgotPassword.spec.js" time="3.746">
</testcase>
<testcase name="OrangeHRM Forgot Password Module › TC_FORGOT_08: Verify cancel button tag name is button" classname="forgotPassword.spec.js" time="5.463">
</testcase>
<testcase name="OrangeHRM Forgot Password Module › TC_FORGOT_09: Verify reset button tag name is button" classname="forgotPassword.spec.js" time="5.557">
</testcase>
<testcase name="OrangeHRM Forgot Password Module › TC_FORGOT_10: Verify validation error on submitting empty username" classname="forgotPassword.spec.js" time="5.804">
</testcase>
<testcase name="OrangeHRM Forgot Password Module › TC_FORGOT_11: Verify focus is not auto-assigned if click outside" classname="forgotPassword.spec.js" time="5.589">
</testcase>
<testcase name="OrangeHRM Forgot Password Module › TC_FORGOT_12: Verify description instructing user on password reset exists" classname="forgotPassword.spec.js" time="4.133">
</testcase>
<testcase name="OrangeHRM Forgot Password Module › TC_FORGOT_13: Verify page tab title on reset page contains OrangeHRM" classname="forgotPassword.spec.js" time="4.034">
</testcase>
<testcase name="OrangeHRM Forgot Password Module › TC_FORGOT_14: Verify secure HTTPS connection on forgot password page" classname="forgotPassword.spec.js" time="3.644">
</testcase>
<testcase name="OrangeHRM Forgot Password Module › TC_FORGOT_15: Verify autocomplete attribute is off on input field" classname="forgotPassword.spec.js" time="4.265">
</testcase>
<testcase name="OrangeHRM Forgot Password Module › TC_FORGOT_16: Verify reset password container wrapper exists" classname="forgotPassword.spec.js" time="3.911">
</testcase>
<testcase name="OrangeHRM Forgot Password Module › TC_FORGOT_17: Verify reset password title has correct CSS class name" classname="forgotPassword.spec.js" time="4.03">
</testcase>
<testcase name="OrangeHRM Forgot Password Module › TC_FORGOT_18: Verify cancel button has outline default class name" classname="forgotPassword.spec.js" time="4.398">
</testcase>
<testcase name="OrangeHRM Forgot Password Module › TC_FORGOT_19: Verify reset button has filled primary class name" classname="forgotPassword.spec.js" time="4.278">
</testcase>
<testcase name="OrangeHRM Forgot Password Module › TC_FORGOT_20: Verify cancel cursor is pointer on hover" classname="forgotPassword.spec.js" time="3.871">
</testcase>
<testcase name="OrangeHRM Forgot Password Module › TC_FORGOT_21: Verify reset cursor is pointer on hover" classname="forgotPassword.spec.js" time="4.735">
</testcase>
<testcase name="OrangeHRM Forgot Password Module › TC_FORGOT_22: Verify HTML lang tag exists on forgot password DOM" classname="forgotPassword.spec.js" time="3.774">
</testcase>
<testcase name="OrangeHRM Forgot Password Module › TC_FORGOT_23: Verify reset instruction text textContent length" classname="forgotPassword.spec.js" time="4.055">
</testcase>
<testcase name="OrangeHRM Forgot Password Module › TC_FORGOT_24: Verify tab key navigation from username to cancel button" classname="forgotPassword.spec.js" time="4.794">
</testcase>
<testcase name="OrangeHRM Forgot Password Module › TC_FORGOT_25: Verify tab key navigation from cancel to reset button" classname="forgotPassword.spec.js" time="4.533">
</testcase>
<testcase name="OrangeHRM Forgot Password Module › TC_FORGOT_26: Verify browser back navigation from reset password page returns to a functional login page (positive)" classname="forgotPassword.spec.js" time="4.277">
</testcase>
<testcase name="OrangeHRM Forgot Password Module › TC_FORGOT_27: Verify submitting an extremely long username on reset password does not crash the flow (negative)" classname="forgotPassword.spec.js" time="12.261">
</testcase>
<testcase name="OrangeHRM Forgot Password Module › TC_FORGOT_28: Verify reset password form handles a SQL-injection style username payload without a server error (edge case)" classname="forgotPassword.spec.js" time="10.62">
</testcase>
</testsuite>
<testsuite name="leave.spec.js" timestamp="2026-08-14T06:17:28.326Z" hostname="chromium" tests="27" failures="0" skipped="0" time="522.213" errors="0">
<testcase name="OrangeHRM Leave Module › TC_LEAVE_01: Apply leave request flow" classname="leave.spec.js" time="17.554">
</testcase>
<testcase name="OrangeHRM Leave Module › TC_LEAVE_02: Verify leave type of applied leave request" classname="leave.spec.js" time="9.766">
</testcase>
<testcase name="OrangeHRM Leave Module › TC_LEAVE_03: Verify Top Navigation Tab Apply is visible" classname="leave.spec.js" time="8.79">
</testcase>
<testcase name="OrangeHRM Leave Module › TC_LEAVE_04: Verify Top Navigation Tab My Leave is visible" classname="leave.spec.js" time="8.759">
</testcase>
<testcase name="OrangeHRM Leave Module › TC_LEAVE_05: Verify Top Navigation Tab Entitlements dropdown is visible" classname="leave.spec.js" time="11.479">
</testcase>
<testcase name="OrangeHRM Leave Module › TC_LEAVE_06: Verify Top Navigation Tab Reports dropdown is visible" classname="leave.spec.js" time="18.532">
</testcase>
<testcase name="OrangeHRM Leave Module › TC_LEAVE_07: Verify Top Navigation Tab Configure dropdown is visible" classname="leave.spec.js" time="17.961">
</testcase>
<testcase name="OrangeHRM Leave Module › TC_LEAVE_08: Verify Top Navigation Tab Leave List is visible" classname="leave.spec.js" time="12.31">
</testcase>
<testcase name="OrangeHRM Leave Module › TC_LEAVE_09: Verify Top Navigation Tab Assign Leave is visible" classname="leave.spec.js" time="15.684">
</testcase>
<testcase name="OrangeHRM Leave Module › TC_LEAVE_10: Verify validation error on empty Leave Type in Apply form" classname="leave.spec.js" time="21.813">
</testcase>
<testcase name="OrangeHRM Leave Module › TC_LEAVE_11: Verify From Date input field is visible" classname="leave.spec.js" time="10.571">
</testcase>
<testcase name="OrangeHRM Leave Module › TC_LEAVE_12: Verify To Date input field is visible" classname="leave.spec.js" time="10.042">
</testcase>
<testcase name="OrangeHRM Leave Module › TC_LEAVE_13: Verify comments textarea has correct maximum character details" classname="leave.spec.js" time="15.697">
</testcase>
<testcase name="OrangeHRM Leave Module › TC_LEAVE_14: Verify calendar icon buttons exist next to date input fields" classname="leave.spec.js" time="13.391">
</testcase>
<testcase name="OrangeHRM Leave Module › TC_LEAVE_15: Verify Show with Status multiselect chips exist in My Leave list filters" classname="leave.spec.js" time="17.907">
</testcase>
<testcase name="OrangeHRM Leave Module › TC_LEAVE_16: Verify Leave Type dropdown filter is present in My Leave tab" classname="leave.spec.js" time="22.317">
</testcase>
<testcase name="OrangeHRM Leave Module › TC_LEAVE_17: Verify Reset button clears date inputs in My Leave filters" classname="leave.spec.js" time="20.225">
</testcase>
<testcase name="OrangeHRM Leave Module › TC_LEAVE_18: Verify table headers in My Leave results page" classname="leave.spec.js" time="18.46">
</testcase>
<testcase name="OrangeHRM Leave Module › TC_LEAVE_19: Verify date validation error message if To Date is before From Date" classname="leave.spec.js" time="13.012">
</testcase>
<testcase name="OrangeHRM Leave Module › TC_LEAVE_20: Verify calendar widget opens when From Date input is clicked" classname="leave.spec.js" time="47.632">
</testcase>
<testcase name="OrangeHRM Leave Module › TC_LEAVE_21: Verify calendar widget opens when To Date input is clicked" classname="leave.spec.js" time="17.452">
</testcase>
<testcase name="OrangeHRM Leave Module › TC_LEAVE_22: Verify Leave page header title displays Leave" classname="leave.spec.js" time="15.054">
</testcase>
<testcase name="OrangeHRM Leave Module › TC_LEAVE_23: Verify Leave Balance card is shown for specific leave types" classname="leave.spec.js" time="31.187">
</testcase>
<testcase name="OrangeHRM Leave Module › TC_LEAVE_24: Verify My Leave list table rows can be scrolled and are visible" classname="leave.spec.js" time="26.481">
</testcase>
<testcase name="OrangeHRM Leave Module › TC_LEAVE_25: Verify search button on My Leave filters page has correct CSS layout" classname="leave.spec.js" time="34.268">
</testcase>
<testcase name="OrangeHRM Leave Module › TC_LEAVE_26: Verify Leave Type dropdown displays default placeholder text before selection (positive)" classname="leave.spec.js" time="43.001">
</testcase>
<testcase name="OrangeHRM Leave Module › TC_LEAVE_27: Verify Comments textarea accepts multi-line text input (positive)" classname="leave.spec.js" time="22.868">
</testcase>
</testsuite>
<testsuite name="login.spec.js" timestamp="2026-08-14T06:17:28.326Z" hostname="chromium" tests="29" failures="1" skipped="0" time="162.26" errors="0">
<testcase name="OrangeHRM Login Module › TC_LOGIN_01: Verify successful login with valid credentials" classname="login.spec.js" time="19.078">
</testcase>
<testcase name="OrangeHRM Login Module › TC_LOGIN_02: Verify login with invalid credentials" classname="login.spec.js" time="5.34">
</testcase>
<testcase name="OrangeHRM Login Module › TC_LOGIN_03: Verify error with valid username and wrong password" classname="login.spec.js" time="5.204">
</testcase>
<testcase name="OrangeHRM Login Module › TC_LOGIN_04: Verify password field masks the input characters" classname="login.spec.js" time="3.34">
</testcase>
<testcase name="OrangeHRM Login Module › TC_LOGIN_05: Verify login page UI elements are visible" classname="login.spec.js" time="4.292">
</testcase>
<testcase name="OrangeHRM Login Module › TC_LOGIN_06: Verify credential hint box displays default credentials" classname="login.spec.js" time="3.907">
</testcase>
<testcase name="OrangeHRM Login Module › TC_LOGIN_07: Verify login page title contains OrangeHRM" classname="login.spec.js" time="4.14">
</testcase>
<testcase name="OrangeHRM Login Module › TC_LOGIN_08: Verify login page URL contains auth/login" classname="login.spec.js" time="4.274">
</testcase>
<testcase name="OrangeHRM Login Module › TC_LOGIN_09: Verify input placeholders display non-empty hint text" classname="login.spec.js" time="3.891">
</testcase>
<testcase name="OrangeHRM Login Module › TC_LOGIN_10: Verify username field is focused on page load" classname="login.spec.js" time="3.783">
</testcase>
<testcase name="OrangeHRM Login Module › TC_LOGIN_11: Verify tab key navigation flows logically from username to password" classname="login.spec.js" time="3.691">
</testcase>
<testcase name="OrangeHRM Login Module › TC_LOGIN_12: Verify login button is enabled by default" classname="login.spec.js" time="3.758">
</testcase>
<testcase name="OrangeHRM Login Module › TC_LOGIN_13: Verify brand logo has descriptive alt text" classname="login.spec.js" time="5.166">
</testcase>
<testcase name="OrangeHRM Login Module › TC_LOGIN_14: Verify brand logo height and width attributes are positive" classname="login.spec.js" time="18.122">
<system-out>
<![CDATA[
[[ATTACHMENT|..\..\Evidence\login-OrangeHRM-Login-Modu-d904b-dth-attributes-are-positive-chromium\test-failed-1.png]]

[[ATTACHMENT|..\..\Evidence\login-OrangeHRM-Login-Modu-d904b-dth-attributes-are-positive-chromium\video.webm]]

[[ATTACHMENT|..\..\Evidence\login-OrangeHRM-Login-Modu-d904b-dth-attributes-are-positive-chromium\error-context.md]]

[[ATTACHMENT|..\..\Evidence\login-OrangeHRM-Login-Modu-d904b-dth-attributes-are-positive-chromium\trace.zip]]

[[ATTACHMENT|..\..\Evidence\login-OrangeHRM-Login-Modu-d904b-dth-attributes-are-positive-chromium-retry1\test-failed-1.png]]

[[ATTACHMENT|..\..\Evidence\login-OrangeHRM-Login-Modu-d904b-dth-attributes-are-positive-chromium-retry1\video.webm]]

[[ATTACHMENT|..\..\Evidence\login-OrangeHRM-Login-Modu-d904b-dth-attributes-are-positive-chromium-retry1\error-context.md]]

[[ATTACHMENT|..\..\Evidence\login-OrangeHRM-Login-Modu-d904b-dth-attributes-are-positive-chromium-retry1\trace.zip]]
]]>
</system-out>
<failure message="expect(received).toBeGreaterThan(expected)" type="expect.toBeGreaterThan">
<![CDATA[  [chromium] › login.spec.js:96:3 › OrangeHRM Login Module › TC_LOGIN_14: Verify brand logo height and width attributes are positive 

    Error: expect(received).toBeGreaterThan(expected)

    Expected: > 0
    Received:   0

       99 |     if (boundingBox) {
      100 |       expect(boundingBox.width).toBeGreaterThan(0);
    > 101 |       expect(boundingBox.height).toBeGreaterThan(0);
          |                                  ^
      102 |     }
      103 |   });
      104 |
        at D:\OrangeHRM-Automation-using-Playwright-and-JavaScript\tests\login.spec.js:101:34

    attachment #1: screenshot (image/png) ──────────────────────────────────────────────────────────
    ..\Results\Evidence\login-OrangeHRM-Login-Modu-d904b-dth-attributes-are-positive-chromium\test-failed-1.png
    ────────────────────────────────────────────────────────────────────────────────────────────────

    attachment #2: video (video/webm) ──────────────────────────────────────────────────────────────
    ..\Results\Evidence\login-OrangeHRM-Login-Modu-d904b-dth-attributes-are-positive-chromium\video.webm
    ────────────────────────────────────────────────────────────────────────────────────────────────

    Error Context: ..\Results\Evidence\login-OrangeHRM-Login-Modu-d904b-dth-attributes-are-positive-chromium\error-context.md

    attachment #4: trace (application/zip) ─────────────────────────────────────────────────────────
    ..\Results\Evidence\login-OrangeHRM-Login-Modu-d904b-dth-attributes-are-positive-chromium\trace.zip
    Usage:

        npx playwright show-trace ..\Results\Evidence\login-OrangeHRM-Login-Modu-d904b-dth-attributes-are-positive-chromium\trace.zip

    ────────────────────────────────────────────────────────────────────────────────────────────────

    Retry #1 ───────────────────────────────────────────────────────────────────────────────────────

    Error: expect(received).toBeGreaterThan(expected)

    Expected: > 0
    Received:   0

       99 |     if (boundingBox) {
      100 |       expect(boundingBox.width).toBeGreaterThan(0);
    > 101 |       expect(boundingBox.height).toBeGreaterThan(0);
          |                                  ^
      102 |     }
      103 |   });
      104 |
        at D:\OrangeHRM-Automation-using-Playwright-and-JavaScript\tests\login.spec.js:101:34

    attachment #1: screenshot (image/png) ──────────────────────────────────────────────────────────
    ..\Results\Evidence\login-OrangeHRM-Login-Modu-d904b-dth-attributes-are-positive-chromium-retry1\test-failed-1.png
    ────────────────────────────────────────────────────────────────────────────────────────────────

    attachment #2: video (video/webm) ──────────────────────────────────────────────────────────────
    ..\Results\Evidence\login-OrangeHRM-Login-Modu-d904b-dth-attributes-are-positive-chromium-retry1\video.webm
    ────────────────────────────────────────────────────────────────────────────────────────────────

    Error Context: ..\Results\Evidence\login-OrangeHRM-Login-Modu-d904b-dth-attributes-are-positive-chromium-retry1\error-context.md

    attachment #4: trace (application/zip) ─────────────────────────────────────────────────────────
    ..\Results\Evidence\login-OrangeHRM-Login-Modu-d904b-dth-attributes-are-positive-chromium-retry1\trace.zip
    Usage:

        npx playwright show-trace ..\Results\Evidence\login-OrangeHRM-Login-Modu-d904b-dth-attributes-are-positive-chromium-retry1\trace.zip

    ────────────────────────────────────────────────────────────────────────────────────────────────
]]>
</failure>
</testcase>
<testcase name="OrangeHRM Login Module › TC_LOGIN_15: Verify copyright footer contains correct organization name" classname="login.spec.js" time="4.622">
</testcase>
<testcase name="OrangeHRM Login Module › TC_LOGIN_16: Verify input fields are empty on default page load" classname="login.spec.js" time="4.226">
</testcase>
<testcase name="OrangeHRM Login Module › TC_LOGIN_17: Verify custom CSS properties on Username label" classname="login.spec.js" time="4.021">
</testcase>
<testcase name="OrangeHRM Login Module › TC_LOGIN_18: Verify login page layout is responsive under mobile width" classname="login.spec.js" time="3.985">
</testcase>
<testcase name="OrangeHRM Login Module › TC_LOGIN_19: Verify autocomplete tags are present on input fields" classname="login.spec.js" time="4.21">
</testcase>
<testcase name="OrangeHRM Login Module › TC_LOGIN_20: Verify error panel CSS classes contain validation properties" classname="login.spec.js" time="7.82">
</testcase>
<testcase name="OrangeHRM Login Module › TC_LOGIN_21: Verify login card is visible" classname="login.spec.js" time="4.087">
</testcase>
<testcase name="OrangeHRM Login Module › TC_LOGIN_22: Verify credential hint box contains header title" classname="login.spec.js" time="5.024">
</testcase>
<testcase name="OrangeHRM Login Module › TC_LOGIN_23: Verify forgot password link has pointer cursor on hover" classname="login.spec.js" time="5.46">
</testcase>
<testcase name="OrangeHRM Login Module › TC_LOGIN_24: Verify HTML tag has lang attribute set to en" classname="login.spec.js" time="3.505">
</testcase>
<testcase name="OrangeHRM Login Module › TC_LOGIN_25: Verify connection security protocol is HTTPS" classname="login.spec.js" time="4.678">
</testcase>
<testcase name="OrangeHRM Login Module › TC_LOGIN_26: Verify successful login persists session across page reload (positive)" classname="login.spec.js" time="7.652">
</testcase>
<testcase name="OrangeHRM Login Module › TC_LOGIN_27: Verify login fails with a numeric-only username (negative)" classname="login.spec.js" time="5.351">
</testcase>
<testcase name="OrangeHRM Login Module › TC_LOGIN_28: Verify pressing Enter with username filled but password empty triggers required validation (negative)" classname="login.spec.js" time="4.298">
</testcase>
<testcase name="OrangeHRM Login Module › TC_LOGIN_29: Verify login page handles an extremely long password input without crashing (edge case)" classname="login.spec.js" time="5.335">
</testcase>
</testsuite>
<testsuite name="logout.spec.js" timestamp="2026-08-14T06:17:28.326Z" hostname="chromium" tests="25" failures="0" skipped="0" time="390.352" errors="0">
<testcase name="OrangeHRM Logout Module › TC_LOGOUT_01: Verify logout functionality redirects to login page" classname="logout.spec.js" time="8.449">
</testcase>
<testcase name="OrangeHRM Logout Module › TC_LOGOUT_02: Verify dashboard is not accessible after logout" classname="logout.spec.js" time="12.696">
</testcase>
<testcase name="OrangeHRM Logout Module › TC_LOGOUT_03: Verify browser back button does not access dashboard after logout" classname="logout.spec.js" time="17.636">
</testcase>
<testcase name="OrangeHRM Logout Module › TC_LOGOUT_04: Verify user dropdown is collapsed by default" classname="logout.spec.js" time="6.419">
</testcase>
<testcase name="OrangeHRM Logout Module › TC_LOGOUT_05: Verify user dropdown lists Logout link on click" classname="logout.spec.js" time="9.458">
</testcase>
<testcase name="OrangeHRM Logout Module › TC_LOGOUT_06: Verify clicking outside user dropdown closes the dropdown menu" classname="logout.spec.js" time="11.654">
</testcase>
<testcase name="OrangeHRM Logout Module › TC_LOGOUT_07: Verify Logout dropdown item tag is anchor link" classname="logout.spec.js" time="8.774">
</testcase>
<testcase name="OrangeHRM Logout Module › TC_LOGOUT_08: Verify cookies are cleared or altered after logout" classname="logout.spec.js" time="14.748">
</testcase>
<testcase name="OrangeHRM Logout Module › TC_LOGOUT_09: Verify Admin page is not accessible after logout" classname="logout.spec.js" time="23.528">
</testcase>
<testcase name="OrangeHRM Logout Module › TC_LOGOUT_10: Verify PIM page is not accessible after logout" classname="logout.spec.js" time="19.048">
</testcase>
<testcase name="OrangeHRM Logout Module › TC_LOGOUT_11: Verify Leave page is not accessible after logout" classname="logout.spec.js" time="20.784">
</testcase>
<testcase name="OrangeHRM Logout Module › TC_LOGOUT_12: Verify Time page is not accessible after logout" classname="logout.spec.js" time="21.932">
</testcase>
<testcase name="OrangeHRM Logout Module › TC_LOGOUT_13: Verify Recruitment page is not accessible after logout" classname="logout.spec.js" time="19.72">
</testcase>
<testcase name="OrangeHRM Logout Module › TC_LOGOUT_14: Verify My Info page is not accessible after logout" classname="logout.spec.js" time="21.293">
</testcase>
<testcase name="OrangeHRM Logout Module › TC_LOGOUT_15: Verify Buzz page is not accessible after logout" classname="logout.spec.js" time="20.646">
</testcase>
<testcase name="OrangeHRM Logout Module › TC_LOGOUT_16: Verify Directory page is not accessible after logout" classname="logout.spec.js" time="19.965">
</testcase>
<testcase name="OrangeHRM Logout Module › TC_LOGOUT_17: Verify Performance page is not accessible after logout" classname="logout.spec.js" time="18.156">
</testcase>
<testcase name="OrangeHRM Logout Module › TC_LOGOUT_18: Verify Maintenance page is not accessible after logout" classname="logout.spec.js" time="16.972">
</testcase>
<testcase name="OrangeHRM Logout Module › TC_LOGOUT_19: Verify Claim page is not accessible after logout" classname="logout.spec.js" time="17.859">
</testcase>
<testcase name="OrangeHRM Logout Module › TC_LOGOUT_20: Verify browser forward button does not re-authenticate user after logout" classname="logout.spec.js" time="16.398">
</testcase>
<testcase name="OrangeHRM Logout Module › TC_LOGOUT_21: Verify session storage is cleared on logout" classname="logout.spec.js" time="12.462">
</testcase>
<testcase name="OrangeHRM Logout Module › TC_LOGOUT_22: Verify localStorage does not contain sensitive tokens after logout" classname="logout.spec.js" time="15.342">
</testcase>
<testcase name="OrangeHRM Logout Module › TC_LOGOUT_23: Verify logout link text matches exact text Logout" classname="logout.spec.js" time="10.242">
</testcase>
<testcase name="OrangeHRM Logout Module › TC_LOGOUT_24: Verify user profile details container elements are not visible after logout" classname="logout.spec.js" time="15.593">
</testcase>
<testcase name="OrangeHRM Logout Module › TC_LOGOUT_25: Verify logout cursor is a pointer" classname="logout.spec.js" time="10.578">
</testcase>
</testsuite>
<testsuite name="myinfo.spec.js" timestamp="2026-08-14T06:17:28.326Z" hostname="chromium" tests="28" failures="1" skipped="1" time="533.819" errors="0">
<testcase name="OrangeHRM My Info Module › TC_MYINFO_01: Update personal details" classname="myinfo.spec.js" time="28.994">
</testcase>
<testcase name="OrangeHRM My Info Module › TC_MYINFO_02: Upload profile image" classname="myinfo.spec.js" time="18.742">
</testcase>
<testcase name="OrangeHRM My Info Module › TC_MYINFO_03: Verify first name field is pre-populated" classname="myinfo.spec.js" time="13.195">
</testcase>
<testcase name="OrangeHRM My Info Module › TC_MYINFO_04: Verify My Info page heading displays Personal Details" classname="myinfo.spec.js" time="15.57">
</testcase>
<testcase name="OrangeHRM My Info Module › TC_MYINFO_05: Verify Contact Details sub-tab is visible" classname="myinfo.spec.js" time="16.214">
</testcase>
<testcase name="OrangeHRM My Info Module › TC_MYINFO_06: Verify Emergency Contacts sub-tab is visible" classname="myinfo.spec.js" time="18.998">
</testcase>
<testcase name="OrangeHRM My Info Module › TC_MYINFO_07: Verify Dependents sub-tab is visible" classname="myinfo.spec.js" time="15.507">
</testcase>
<testcase name="OrangeHRM My Info Module › TC_MYINFO_08: Verify Immigration sub-tab is visible" classname="myinfo.spec.js" time="16.586">
</testcase>
<testcase name="OrangeHRM My Info Module › TC_MYINFO_09: Verify Job sub-tab is visible" classname="myinfo.spec.js" time="14.63">
</testcase>
<testcase name="OrangeHRM My Info Module › TC_MYINFO_10: Verify Salary sub-tab is visible" classname="myinfo.spec.js" time="14.926">
</testcase>
<testcase name="OrangeHRM My Info Module › TC_MYINFO_11: Verify Tax Exemptions sub-tab is visible" classname="myinfo.spec.js" time="63.871">
<system-out>
<![CDATA[
[[ATTACHMENT|..\..\Evidence\myinfo-OrangeHRM-My-Info-M-7ffd1-emptions-sub-tab-is-visible-chromium\test-failed-1.png]]

[[ATTACHMENT|..\..\Evidence\myinfo-OrangeHRM-My-Info-M-7ffd1-emptions-sub-tab-is-visible-chromium\video.webm]]

[[ATTACHMENT|..\..\Evidence\myinfo-OrangeHRM-My-Info-M-7ffd1-emptions-sub-tab-is-visible-chromium\error-context.md]]

[[ATTACHMENT|..\..\Evidence\myinfo-OrangeHRM-My-Info-M-7ffd1-emptions-sub-tab-is-visible-chromium\trace.zip]]

[[ATTACHMENT|..\..\Evidence\myinfo-OrangeHRM-My-Info-M-7ffd1-emptions-sub-tab-is-visible-chromium-retry1\test-failed-1.png]]

[[ATTACHMENT|..\..\Evidence\myinfo-OrangeHRM-My-Info-M-7ffd1-emptions-sub-tab-is-visible-chromium-retry1\video.webm]]

[[ATTACHMENT|..\..\Evidence\myinfo-OrangeHRM-My-Info-M-7ffd1-emptions-sub-tab-is-visible-chromium-retry1\error-context.md]]

[[ATTACHMENT|..\..\Evidence\myinfo-OrangeHRM-My-Info-M-7ffd1-emptions-sub-tab-is-visible-chromium-retry1\trace.zip]]
]]>
</system-out>
<failure message="expect(locator).toBeVisible() failed" type="expect.toBeVisible">
<![CDATA[  [chromium] › myinfo.spec.js:94:3 › OrangeHRM My Info Module › TC_MYINFO_11: Verify Tax Exemptions sub-tab is visible 

    Error: expect(locator).toBeVisible() failed

    Locator: locator('a.orangehrm-tabs-item').filter({ hasText: 'Tax Exemptions' })
    Expected: visible
    Timeout: 15000ms
    Error: element(s) not found

    Call log:
      - Expect "toBeVisible" with timeout 15000ms
      - waiting for locator('a.orangehrm-tabs-item').filter({ hasText: 'Tax Exemptions' })


      94 |   test('TC_MYINFO_11: Verify Tax Exemptions sub-tab is visible', async ({ page }) => {
      95 |     const tab = page.locator('a.orangehrm-tabs-item', { hasText: 'Tax Exemptions' });
    > 96 |     await expect(tab).toBeVisible();
         |                       ^
      97 |   });
      98 |
      99 |   test('TC_MYINFO_12: Verify Report-to sub-tab is visible', async ({ page }) => {
        at D:\OrangeHRM-Automation-using-Playwright-and-JavaScript\tests\myinfo.spec.js:96:23

    attachment #1: screenshot (image/png) ──────────────────────────────────────────────────────────
    ..\Results\Evidence\myinfo-OrangeHRM-My-Info-M-7ffd1-emptions-sub-tab-is-visible-chromium\test-failed-1.png
    ────────────────────────────────────────────────────────────────────────────────────────────────

    attachment #2: video (video/webm) ──────────────────────────────────────────────────────────────
    ..\Results\Evidence\myinfo-OrangeHRM-My-Info-M-7ffd1-emptions-sub-tab-is-visible-chromium\video.webm
    ────────────────────────────────────────────────────────────────────────────────────────────────

    Error Context: ..\Results\Evidence\myinfo-OrangeHRM-My-Info-M-7ffd1-emptions-sub-tab-is-visible-chromium\error-context.md

    attachment #4: trace (application/zip) ─────────────────────────────────────────────────────────
    ..\Results\Evidence\myinfo-OrangeHRM-My-Info-M-7ffd1-emptions-sub-tab-is-visible-chromium\trace.zip
    Usage:

        npx playwright show-trace ..\Results\Evidence\myinfo-OrangeHRM-My-Info-M-7ffd1-emptions-sub-tab-is-visible-chromium\trace.zip

    ────────────────────────────────────────────────────────────────────────────────────────────────

    Retry #1 ───────────────────────────────────────────────────────────────────────────────────────

    Error: expect(locator).toBeVisible() failed

    Locator: locator('a.orangehrm-tabs-item').filter({ hasText: 'Tax Exemptions' })
    Expected: visible
    Timeout: 15000ms
    Error: element(s) not found

    Call log:
      - Expect "toBeVisible" with timeout 15000ms
      - waiting for locator('a.orangehrm-tabs-item').filter({ hasText: 'Tax Exemptions' })


      94 |   test('TC_MYINFO_11: Verify Tax Exemptions sub-tab is visible', async ({ page }) => {
      95 |     const tab = page.locator('a.orangehrm-tabs-item', { hasText: 'Tax Exemptions' });
    > 96 |     await expect(tab).toBeVisible();
         |                       ^
      97 |   });
      98 |
      99 |   test('TC_MYINFO_12: Verify Report-to sub-tab is visible', async ({ page }) => {
        at D:\OrangeHRM-Automation-using-Playwright-and-JavaScript\tests\myinfo.spec.js:96:23

    attachment #1: screenshot (image/png) ──────────────────────────────────────────────────────────
    ..\Results\Evidence\myinfo-OrangeHRM-My-Info-M-7ffd1-emptions-sub-tab-is-visible-chromium-retry1\test-failed-1.png
    ────────────────────────────────────────────────────────────────────────────────────────────────

    attachment #2: video (video/webm) ──────────────────────────────────────────────────────────────
    ..\Results\Evidence\myinfo-OrangeHRM-My-Info-M-7ffd1-emptions-sub-tab-is-visible-chromium-retry1\video.webm
    ────────────────────────────────────────────────────────────────────────────────────────────────

    Error Context: ..\Results\Evidence\myinfo-OrangeHRM-My-Info-M-7ffd1-emptions-sub-tab-is-visible-chromium-retry1\error-context.md

    attachment #4: trace (application/zip) ─────────────────────────────────────────────────────────
    ..\Results\Evidence\myinfo-OrangeHRM-My-Info-M-7ffd1-emptions-sub-tab-is-visible-chromium-retry1\trace.zip
    Usage:

        npx playwright show-trace ..\Results\Evidence\myinfo-OrangeHRM-My-Info-M-7ffd1-emptions-sub-tab-is-visible-chromium-retry1\trace.zip

    ────────────────────────────────────────────────────────────────────────────────────────────────
]]>
</failure>
</testcase>
<testcase name="OrangeHRM My Info Module › TC_MYINFO_12: Verify Report-to sub-tab is visible" classname="myinfo.spec.js" time="23.916">
</testcase>
<testcase name="OrangeHRM My Info Module › TC_MYINFO_13: Verify Qualifications sub-tab is visible" classname="myinfo.spec.js" time="21.507">
</testcase>
<testcase name="OrangeHRM My Info Module › TC_MYINFO_14: Verify Memberships sub-tab is visible" classname="myinfo.spec.js" time="20.985">
</testcase>
<testcase name="OrangeHRM My Info Module › TC_MYINFO_15: Verify middle name field is visible" classname="myinfo.spec.js" time="19.091">
</testcase>
<testcase name="OrangeHRM My Info Module › TC_MYINFO_16: Verify last name field is visible" classname="myinfo.spec.js" time="18.82">
</testcase>
<testcase name="OrangeHRM My Info Module › TC_MYINFO_17: Verify Employee ID field is visible" classname="myinfo.spec.js" time="14.278">
</testcase>
<testcase name="OrangeHRM My Info Module › TC_MYINFO_18: Verify Driver&apos;s License Number field is visible" classname="myinfo.spec.js" time="13.912">
</testcase>
<testcase name="OrangeHRM My Info Module › TC_MYINFO_19: Verify SSN Number field is visible" classname="myinfo.spec.js" time="13.582">
</testcase>
<testcase name="OrangeHRM My Info Module › TC_MYINFO_20: Verify SIN Number field is visible" classname="myinfo.spec.js" time="17.714">
</testcase>
<testcase name="OrangeHRM My Info Module › TC_MYINFO_21: Verify Nationality dropdown is visible" classname="myinfo.spec.js" time="20.02">
</testcase>
<testcase name="OrangeHRM My Info Module › TC_MYINFO_22: Verify Marital Status dropdown is visible" classname="myinfo.spec.js" time="12.062">
</testcase>
<testcase name="OrangeHRM My Info Module › TC_MYINFO_23: Verify Gender radio buttons exist" classname="myinfo.spec.js" time="16.221">
</testcase>
<testcase name="OrangeHRM My Info Module › TC_MYINFO_24: Verify Custom Fields heading is visible" classname="myinfo.spec.js" time="12.777">
</testcase>
<testcase name="OrangeHRM My Info Module › TC_MYINFO_25: Verify Attachments Add button is visible" classname="myinfo.spec.js" time="16.412">
</testcase>
<testcase name="OrangeHRM My Info Module › TC_MYINFO_26: Verify My Info page URL points to Personal Details view by default (positive)" classname="myinfo.spec.js" time="16.557">
</testcase>
<testcase name="OrangeHRM My Info Module › TC_MYINFO_27: Verify an overly long nickname value is accepted without crashing the Personal Details form (edge case)" classname="myinfo.spec.js">
<properties>
<property name="skip" value="Nickname field not visible for this employee profile">
</property>
</properties>
<skipped>
</skipped>
</testcase>
<testcase name="OrangeHRM My Info Module › TC_MYINFO_28: Verify Employee Id field displays a non-empty value (positive)" classname="myinfo.spec.js" time="17.912">
</testcase>
</testsuite>
<testsuite name="pim.spec.js" timestamp="2026-08-14T06:17:28.326Z" hostname="chromium" tests="25" failures="0" skipped="0" time="450.759" errors="0">
<testcase name="OrangeHRM PIM Module › TC_PIM_01: Add new employee" classname="pim.spec.js" time="40.126">
</testcase>
<testcase name="OrangeHRM PIM Module › TC_PIM_02: Search employee details" classname="pim.spec.js" time="20.214">
</testcase>
<testcase name="OrangeHRM PIM Module › TC_PIM_03: Update employee information" classname="pim.spec.js" time="30.331">
</testcase>
<testcase name="OrangeHRM PIM Module › TC_PIM_04: Delete employee records" classname="pim.spec.js" time="46.757">
</testcase>
<testcase name="OrangeHRM PIM Module › TC_PIM_05: Verify PIM search with non-existent employee ID returns no records" classname="pim.spec.js" time="18.71">
</testcase>
<testcase name="OrangeHRM PIM Module › TC_PIM_06: Verify PIM Employee List tab loads correctly" classname="pim.spec.js" time="19.652">
</testcase>
<testcase name="OrangeHRM PIM Module › TC_PIM_07: Verify PIM top menu has Configuration tab" classname="pim.spec.js" time="29.49">
</testcase>
<testcase name="OrangeHRM PIM Module › TC_PIM_08: Verify PIM top menu has Reports tab" classname="pim.spec.js" time="26.205">
</testcase>
<testcase name="OrangeHRM PIM Module › TC_PIM_09: Verify PIM top menu has Optional Fields menu" classname="pim.spec.js" time="30.239">
</testcase>
<testcase name="OrangeHRM PIM Module › TC_PIM_10: Verify PIM top menu has Custom Fields menu" classname="pim.spec.js" time="33.828">
</testcase>
<testcase name="OrangeHRM PIM Module › TC_PIM_11: Verify PIM top menu has Data Import menu" classname="pim.spec.js" time="17.903">
</testcase>
<testcase name="OrangeHRM PIM Module › TC_PIM_12: Verify PIM top menu has Reporting Methods menu" classname="pim.spec.js" time="16.236">
</testcase>
<testcase name="OrangeHRM PIM Module › TC_PIM_13: Verify PIM top menu has Termination Reasons menu" classname="pim.spec.js" time="6.457">
</testcase>
<testcase name="OrangeHRM PIM Module › TC_PIM_14: Verify validation error on empty First Name input" classname="pim.spec.js" time="30.6">
</testcase>
<testcase name="OrangeHRM PIM Module › TC_PIM_15: Verify validation error on empty Last Name input" classname="pim.spec.js" time="9.977">
</testcase>
<testcase name="OrangeHRM PIM Module › TC_PIM_16: Verify Create Login Details switch toggle is visible" classname="pim.spec.js" time="8.364">
</testcase>
<testcase name="OrangeHRM PIM Module › TC_PIM_17: Verify Cancel button on Add Employee form returns to employee list" classname="pim.spec.js" time="8.379">
</testcase>
<testcase name="OrangeHRM PIM Module › TC_PIM_18: Verify table checkboxes exist for employee rows" classname="pim.spec.js" time="7.6">
</testcase>
<testcase name="OrangeHRM PIM Module › TC_PIM_19: Verify reset button clears Employee Id search field" classname="pim.spec.js" time="6.988">
</testcase>
<testcase name="OrangeHRM PIM Module › TC_PIM_20: Verify PIM breadcrumb title contains PIM" classname="pim.spec.js" time="6.018">
</testcase>
<testcase name="OrangeHRM PIM Module › TC_PIM_21: Verify job title dropdown is functional in search form" classname="pim.spec.js" time="6.456">
</testcase>
<testcase name="OrangeHRM PIM Module › TC_PIM_22: Verify sub unit dropdown is functional in search form" classname="pim.spec.js" time="6.059">
</testcase>
<testcase name="OrangeHRM PIM Module › TC_PIM_23: Verify employment status dropdown is functional in search form" classname="pim.spec.js" time="6.12">
</testcase>
<testcase name="OrangeHRM PIM Module › TC_PIM_24: Verify supervisor name input autocomplete has autocomplete attributes" classname="pim.spec.js" time="8.239">
</testcase>
<testcase name="OrangeHRM PIM Module › TC_PIM_25: Verify add employee photoupload element has file type input attribute" classname="pim.spec.js" time="9.811">
</testcase>
</testsuite>
<testsuite name="recruitment.spec.js" timestamp="2026-08-14T06:17:28.326Z" hostname="chromium" tests="25" failures="1" skipped="14" time="379.595" errors="0">
<testcase name="OrangeHRM Recruitment Module › TC_REC_01: Add candidate details" classname="recruitment.spec.js" time="68.64">
</testcase>
<testcase name="OrangeHRM Recruitment Module › TC_REC_02: Search candidate records" classname="recruitment.spec.js" time="52.416">
</testcase>
<testcase name="OrangeHRM Recruitment Module › TC_REC_03: Verify Recruitment page has Add button visible" classname="recruitment.spec.js" time="32.773">
</testcase>
<testcase name="OrangeHRM Recruitment Module › TC_REC_04: Verify Candidates tab is functional" classname="recruitment.spec.js" time="61.394">
<system-out>
<![CDATA[
[[ATTACHMENT|..\..\Evidence\recruitment-OrangeHRM-Recr-be798-andidates-tab-is-functional-chromium\video.webm]]

[[ATTACHMENT|..\..\Evidence\recruitment-OrangeHRM-Recr-be798-andidates-tab-is-functional-chromium\error-context.md]]

[[ATTACHMENT|..\..\Evidence\recruitment-OrangeHRM-Recr-be798-andidates-tab-is-functional-chromium\trace.zip]]
]]>
</system-out>
</testcase>
<testcase name="OrangeHRM Recruitment Module › TC_REC_05: Verify top navigation contains Vacancies tab" classname="recruitment.spec.js" time="27.934">
</testcase>
<testcase name="OrangeHRM Recruitment Module › TC_REC_06: Verify job title dropdown filter is visible" classname="recruitment.spec.js" time="37.278">
</testcase>
<testcase name="OrangeHRM Recruitment Module › TC_REC_07: Verify vacancy dropdown filter is visible" classname="recruitment.spec.js" time="22.462">
</testcase>
<testcase name="OrangeHRM Recruitment Module › TC_REC_08: Verify hiring manager dropdown filter is visible" classname="recruitment.spec.js" time="17.161">
</testcase>
<testcase name="OrangeHRM Recruitment Module › TC_REC_09: Verify status dropdown filter is visible" classname="recruitment.spec.js" time="8.491">
</testcase>
<testcase name="OrangeHRM Recruitment Module › TC_REC_10: Verify method of application dropdown filter is visible" classname="recruitment.spec.js" time="6.381">
</testcase>
<testcase name="OrangeHRM Recruitment Module › TC_REC_11: Verify validation error on empty First Name input" classname="recruitment.spec.js" time="44.665">
<system-out>
<![CDATA[
[[ATTACHMENT|..\..\Evidence\recruitment-OrangeHRM-Recr-b6d26-r-on-empty-First-Name-input-chromium-retry1\test-failed-1.png]]

[[ATTACHMENT|..\..\Evidence\recruitment-OrangeHRM-Recr-b6d26-r-on-empty-First-Name-input-chromium-retry1\video.webm]]

[[ATTACHMENT|..\..\Evidence\recruitment-OrangeHRM-Recr-b6d26-r-on-empty-First-Name-input-chromium-retry1\error-context.md]]

[[ATTACHMENT|..\..\Evidence\recruitment-OrangeHRM-Recr-b6d26-r-on-empty-First-Name-input-chromium-retry1\trace.zip]]
]]>
</system-out>
<failure message="expect(locator).toHaveText(expected) failed" type="expect.toHaveText">
<![CDATA[  [chromium] › recruitment.spec.js:71:3 › OrangeHRM Recruitment Module › TC_REC_11: Verify validation error on empty First Name input 

    Retry #1 ───────────────────────────────────────────────────────────────────────────────────────

    Error: expect(locator).toHaveText(expected) failed

    Locator: locator('.oxd-input-group:has-text("Candidate Full Name") .oxd-input-group__message').first()
    Expected: "Required"
    Timeout: 15000ms
    Error: element(s) not found

    Call log:
      - Expect "toHaveText" with timeout 15000ms
      - waiting for locator('.oxd-input-group:has-text("Candidate Full Name") .oxd-input-group__message').first()


      73 |     await recruitmentPage.saveButton.click();
      74 |     const err = page.locator('.oxd-input-group:has-text("Candidate Full Name") .oxd-input-group__message').first();
    > 75 |     await expect(err).toHaveText('Required');
         |                       ^
      76 |   });
      77 |
      78 |   test('TC_REC_12: Verify validation error on empty Last Name input', async ({ recruitmentPage, page }) => {
        at D:\OrangeHRM-Automation-using-Playwright-and-JavaScript\tests\recruitment.spec.js:75:23

    attachment #1: screenshot (image/png) ──────────────────────────────────────────────────────────
    ..\Results\Evidence\recruitment-OrangeHRM-Recr-b6d26-r-on-empty-First-Name-input-chromium-retry1\test-failed-1.png
    ────────────────────────────────────────────────────────────────────────────────────────────────

    attachment #2: video (video/webm) ──────────────────────────────────────────────────────────────
    ..\Results\Evidence\recruitment-OrangeHRM-Recr-b6d26-r-on-empty-First-Name-input-chromium-retry1\video.webm
    ────────────────────────────────────────────────────────────────────────────────────────────────

    Error Context: ..\Results\Evidence\recruitment-OrangeHRM-Recr-b6d26-r-on-empty-First-Name-input-chromium-retry1\error-context.md

    attachment #4: trace (application/zip) ─────────────────────────────────────────────────────────
    ..\Results\Evidence\recruitment-OrangeHRM-Recr-b6d26-r-on-empty-First-Name-input-chromium-retry1\trace.zip
    Usage:

        npx playwright show-trace ..\Results\Evidence\recruitment-OrangeHRM-Recr-b6d26-r-on-empty-First-Name-input-chromium-retry1\trace.zip

    ────────────────────────────────────────────────────────────────────────────────────────────────
]]>
</failure>
</testcase>
<testcase name="OrangeHRM Recruitment Module › TC_REC_12: Verify validation error on empty Last Name input" classname="recruitment.spec.js">
<skipped>
</skipped>
</testcase>
<testcase name="OrangeHRM Recruitment Module › TC_REC_13: Verify validation error on empty Email input" classname="recruitment.spec.js">
<skipped>
</skipped>
</testcase>
<testcase name="OrangeHRM Recruitment Module › TC_REC_14: Verify validation error on invalid Email format" classname="recruitment.spec.js">
<skipped>
</skipped>
</testcase>
<testcase name="OrangeHRM Recruitment Module › TC_REC_15: Verify Cancel button on Add Candidate form returns to candidates page" classname="recruitment.spec.js">
<skipped>
</skipped>
</testcase>
<testcase name="OrangeHRM Recruitment Module › TC_REC_16: Verify Reset button clears Candidate Name input" classname="recruitment.spec.js">
<skipped>
</skipped>
</testcase>
<testcase name="OrangeHRM Recruitment Module › TC_REC_17: Verify Recruitment header breadcrumb displays Recruitment / Candidates" classname="recruitment.spec.js">
<skipped>
</skipped>
</testcase>
<testcase name="OrangeHRM Recruitment Module › TC_REC_18: Verify table checkboxes exist for recruitment rows" classname="recruitment.spec.js">
<skipped>
</skipped>
</testcase>
<testcase name="OrangeHRM Recruitment Module › TC_REC_19: Verify date of application filter inputs are visible" classname="recruitment.spec.js">
<skipped>
</skipped>
</testcase>
<testcase name="OrangeHRM Recruitment Module › TC_REC_20: Verify Keywords input is functional" classname="recruitment.spec.js">
<skipped>
</skipped>
</testcase>
<testcase name="OrangeHRM Recruitment Module › TC_REC_21: Verify select all checkbox is in the header" classname="recruitment.spec.js">
<skipped>
</skipped>
</testcase>
<testcase name="OrangeHRM Recruitment Module › TC_REC_22: Verify records text is visible above the table" classname="recruitment.spec.js">
<skipped>
</skipped>
</testcase>
<testcase name="OrangeHRM Recruitment Module › TC_REC_23: Verify file upload field accepts doc/docx/pdf file types" classname="recruitment.spec.js">
<skipped>
</skipped>
</testcase>
<testcase name="OrangeHRM Recruitment Module › TC_REC_24: Verify consent checkbox is visible in Add Candidate form" classname="recruitment.spec.js">
<skipped>
</skipped>
</testcase>
<testcase name="OrangeHRM Recruitment Module › TC_REC_25: Verify Vacancy dropdown has option elements loaded" classname="recruitment.spec.js">
<skipped>
</skipped>
</testcase>
</testsuite>
<testsuite name="time.spec.js" timestamp="2026-08-14T06:17:28.326Z" hostname="chromium" tests="27" failures="4" skipped="0" time="782.07" errors="0">
<testcase name="OrangeHRM Time Module › TC_TIME_01: Verify Time page loads with sub-navigation headers" classname="time.spec.js" time="19.636">
</testcase>
<testcase name="OrangeHRM Time Module › TC_TIME_02: Verify access to My Timesheets page" classname="time.spec.js" time="22.212">
</testcase>
<testcase name="OrangeHRM Time Module › TC_TIME_03: Verify access to Punch In/Out attendance page" classname="time.spec.js" time="19.409">
</testcase>
<testcase name="OrangeHRM Time Module › TC_TIME_04: Verify search button validation with empty/invalid inputs in employee timesheets" classname="time.spec.js" time="17.671">
</testcase>
<testcase name="OrangeHRM Time Module › TC_TIME_05: Verify top navigation contains Reports tab" classname="time.spec.js" time="9.105">
</testcase>
<testcase name="OrangeHRM Time Module › TC_TIME_06: Verify top navigation contains Project Info tab" classname="time.spec.js" time="9.28">
</testcase>
<testcase name="OrangeHRM Time Module › TC_TIME_07: Verify Customers option exists under Project Info" classname="time.spec.js" time="8.655">
</testcase>
<testcase name="OrangeHRM Time Module › TC_TIME_08: Verify Projects option exists under Project Info" classname="time.spec.js" time="14.672">
</testcase>
<testcase name="OrangeHRM Time Module › TC_TIME_09: Verify Activities option exists under Project Info" classname="time.spec.js" time="70.208">
<system-out>
<![CDATA[
[[ATTACHMENT|..\..\Evidence\time-OrangeHRM-Time-Module-38268-n-exists-under-Project-Info-chromium\test-failed-1.png]]

[[ATTACHMENT|..\..\Evidence\time-OrangeHRM-Time-Module-38268-n-exists-under-Project-Info-chromium\video.webm]]

[[ATTACHMENT|..\..\Evidence\time-OrangeHRM-Time-Module-38268-n-exists-under-Project-Info-chromium\error-context.md]]

[[ATTACHMENT|..\..\Evidence\time-OrangeHRM-Time-Module-38268-n-exists-under-Project-Info-chromium\trace.zip]]

[[ATTACHMENT|..\..\Evidence\time-OrangeHRM-Time-Module-38268-n-exists-under-Project-Info-chromium-retry1\test-failed-1.png]]

[[ATTACHMENT|..\..\Evidence\time-OrangeHRM-Time-Module-38268-n-exists-under-Project-Info-chromium-retry1\video.webm]]

[[ATTACHMENT|..\..\Evidence\time-OrangeHRM-Time-Module-38268-n-exists-under-Project-Info-chromium-retry1\error-context.md]]

[[ATTACHMENT|..\..\Evidence\time-OrangeHRM-Time-Module-38268-n-exists-under-Project-Info-chromium-retry1\trace.zip]]
]]>
</system-out>
<failure message="expect(locator).toBeVisible() failed" type="expect.toBeVisible">
<![CDATA[  [chromium] › time.spec.js:64:3 › OrangeHRM Time Module › TC_TIME_09: Verify Activities option exists under Project Info 

    Error: expect(locator).toBeVisible() failed

    Locator: locator('.oxd-dropdown-menu a').filter({ hasText: 'Activities' })
    Expected: visible
    Timeout: 15000ms
    Error: element(s) not found

    Call log:
      - Expect "toBeVisible" with timeout 15000ms
      - waiting for locator('.oxd-dropdown-menu a').filter({ hasText: 'Activities' })


      65 |     await timePage.projectInfoTab.click();
      66 |     const item = page.locator('.oxd-dropdown-menu a', { hasText: 'Activities' });
    > 67 |     await expect(item).toBeVisible();
         |                        ^
      68 |   });
      69 |
      70 |   test('TC_TIME_10: Verify Project Reports option exists under Reports menu', async ({ timePage, page }) => {
        at D:\OrangeHRM-Automation-using-Playwright-and-JavaScript\tests\time.spec.js:67:24

    attachment #1: screenshot (image/png) ──────────────────────────────────────────────────────────
    ..\Results\Evidence\time-OrangeHRM-Time-Module-38268-n-exists-under-Project-Info-chromium\test-failed-1.png
    ────────────────────────────────────────────────────────────────────────────────────────────────

    attachment #2: video (video/webm) ──────────────────────────────────────────────────────────────
    ..\Results\Evidence\time-OrangeHRM-Time-Module-38268-n-exists-under-Project-Info-chromium\video.webm
    ────────────────────────────────────────────────────────────────────────────────────────────────

    Error Context: ..\Results\Evidence\time-OrangeHRM-Time-Module-38268-n-exists-under-Project-Info-chromium\error-context.md

    attachment #4: trace (application/zip) ─────────────────────────────────────────────────────────
    ..\Results\Evidence\time-OrangeHRM-Time-Module-38268-n-exists-under-Project-Info-chromium\trace.zip
    Usage:

        npx playwright show-trace ..\Results\Evidence\time-OrangeHRM-Time-Module-38268-n-exists-under-Project-Info-chromium\trace.zip

    ────────────────────────────────────────────────────────────────────────────────────────────────

    Retry #1 ───────────────────────────────────────────────────────────────────────────────────────

    Error: expect(locator).toBeVisible() failed

    Locator: locator('.oxd-dropdown-menu a').filter({ hasText: 'Activities' })
    Expected: visible
    Timeout: 15000ms
    Error: element(s) not found

    Call log:
      - Expect "toBeVisible" with timeout 15000ms
      - waiting for locator('.oxd-dropdown-menu a').filter({ hasText: 'Activities' })


      65 |     await timePage.projectInfoTab.click();
      66 |     const item = page.locator('.oxd-dropdown-menu a', { hasText: 'Activities' });
    > 67 |     await expect(item).toBeVisible();
         |                        ^
      68 |   });
      69 |
      70 |   test('TC_TIME_10: Verify Project Reports option exists under Reports menu', async ({ timePage, page }) => {
        at D:\OrangeHRM-Automation-using-Playwright-and-JavaScript\tests\time.spec.js:67:24

    attachment #1: screenshot (image/png) ──────────────────────────────────────────────────────────
    ..\Results\Evidence\time-OrangeHRM-Time-Module-38268-n-exists-under-Project-Info-chromium-retry1\test-failed-1.png
    ────────────────────────────────────────────────────────────────────────────────────────────────

    attachment #2: video (video/webm) ──────────────────────────────────────────────────────────────
    ..\Results\Evidence\time-OrangeHRM-Time-Module-38268-n-exists-under-Project-Info-chromium-retry1\video.webm
    ────────────────────────────────────────────────────────────────────────────────────────────────

    Error Context: ..\Results\Evidence\time-OrangeHRM-Time-Module-38268-n-exists-under-Project-Info-chromium-retry1\error-context.md

    attachment #4: trace (application/zip) ─────────────────────────────────────────────────────────
    ..\Results\Evidence\time-OrangeHRM-Time-Module-38268-n-exists-under-Project-Info-chromium-retry1\trace.zip
    Usage:

        npx playwright show-trace ..\Results\Evidence\time-OrangeHRM-Time-Module-38268-n-exists-under-Project-Info-chromium-retry1\trace.zip

    ────────────────────────────────────────────────────────────────────────────────────────────────
]]>
</failure>
</testcase>
<testcase name="OrangeHRM Time Module › TC_TIME_10: Verify Project Reports option exists under Reports menu" classname="time.spec.js" time="18.825">
</testcase>
<testcase name="OrangeHRM Time Module › TC_TIME_11: Verify Employee Reports option exists under Reports menu" classname="time.spec.js" time="39.763">
</testcase>
<testcase name="OrangeHRM Time Module › TC_TIME_12: Verify Attendance Summary option exists under Reports menu" classname="time.spec.js" time="36.252">
</testcase>
<testcase name="OrangeHRM Time Module › TC_TIME_13: Verify employee name search input field exists on Employee Timesheets page" classname="time.spec.js" time="15.863">
</testcase>
<testcase name="OrangeHRM Time Module › TC_TIME_14: Verify punch page has date input element" classname="time.spec.js" time="16.612">
</testcase>
<testcase name="OrangeHRM Time Module › TC_TIME_15: Verify punch page has time input element" classname="time.spec.js" time="16.834">
</testcase>
<testcase name="OrangeHRM Time Module › TC_TIME_16: Verify punch page note textarea is functional" classname="time.spec.js" time="19.628">
</testcase>
<testcase name="OrangeHRM Time Module › TC_TIME_17: Verify attendance table headers in My Records page" classname="time.spec.js" time="17.31">
</testcase>
<testcase name="OrangeHRM Time Module › TC_TIME_18: Verify My Records date picker input elements exist" classname="time.spec.js" time="50.827">
<system-out>
<![CDATA[
[[ATTACHMENT|..\..\Evidence\time-OrangeHRM-Time-Module-cd0be-picker-input-elements-exist-chromium\test-failed-1.png]]

[[ATTACHMENT|..\..\Evidence\time-OrangeHRM-Time-Module-cd0be-picker-input-elements-exist-chromium\video.webm]]

[[ATTACHMENT|..\..\Evidence\time-OrangeHRM-Time-Module-cd0be-picker-input-elements-exist-chromium\error-context.md]]

[[ATTACHMENT|..\..\Evidence\time-OrangeHRM-Time-Module-cd0be-picker-input-elements-exist-chromium\trace.zip]]

[[ATTACHMENT|..\..\Evidence\time-OrangeHRM-Time-Module-cd0be-picker-input-elements-exist-chromium-retry1\test-failed-1.png]]

[[ATTACHMENT|..\..\Evidence\time-OrangeHRM-Time-Module-cd0be-picker-input-elements-exist-chromium-retry1\video.webm]]

[[ATTACHMENT|..\..\Evidence\time-OrangeHRM-Time-Module-cd0be-picker-input-elements-exist-chromium-retry1\error-context.md]]

[[ATTACHMENT|..\..\Evidence\time-OrangeHRM-Time-Module-cd0be-picker-input-elements-exist-chromium-retry1\trace.zip]]
]]>
</system-out>
<failure message="expect(received).toBeGreaterThan(expected)" type="expect.toBeGreaterThan">
<![CDATA[  [chromium] › time.spec.js:118:3 › OrangeHRM Time Module › TC_TIME_18: Verify My Records date picker input elements exist 

    Error: expect(received).toBeGreaterThan(expected)

    Expected: > 0
    Received:   0

      119 |     await timePage.navigateToAttendanceRecords();
      120 |     const dateInputs = page.locator('.oxd-date-input input');
    > 121 |     expect(await dateInputs.count()).toBeGreaterThan(0);
          |                                      ^
      122 |   });
      123 |
      124 |   test('TC_TIME_19: Verify calendar pop-up opens on clicking date input in My Records page', async ({ timePage, page }) => {
        at D:\OrangeHRM-Automation-using-Playwright-and-JavaScript\tests\time.spec.js:121:38

    attachment #1: screenshot (image/png) ──────────────────────────────────────────────────────────
    ..\Results\Evidence\time-OrangeHRM-Time-Module-cd0be-picker-input-elements-exist-chromium\test-failed-1.png
    ────────────────────────────────────────────────────────────────────────────────────────────────

    attachment #2: video (video/webm) ──────────────────────────────────────────────────────────────
    ..\Results\Evidence\time-OrangeHRM-Time-Module-cd0be-picker-input-elements-exist-chromium\video.webm
    ────────────────────────────────────────────────────────────────────────────────────────────────

    Error Context: ..\Results\Evidence\time-OrangeHRM-Time-Module-cd0be-picker-input-elements-exist-chromium\error-context.md

    attachment #4: trace (application/zip) ─────────────────────────────────────────────────────────
    ..\Results\Evidence\time-OrangeHRM-Time-Module-cd0be-picker-input-elements-exist-chromium\trace.zip
    Usage:

        npx playwright show-trace ..\Results\Evidence\time-OrangeHRM-Time-Module-cd0be-picker-input-elements-exist-chromium\trace.zip

    ────────────────────────────────────────────────────────────────────────────────────────────────

    Retry #1 ───────────────────────────────────────────────────────────────────────────────────────

    Error: expect(received).toBeGreaterThan(expected)

    Expected: > 0
    Received:   0

      119 |     await timePage.navigateToAttendanceRecords();
      120 |     const dateInputs = page.locator('.oxd-date-input input');
    > 121 |     expect(await dateInputs.count()).toBeGreaterThan(0);
          |                                      ^
      122 |   });
      123 |
      124 |   test('TC_TIME_19: Verify calendar pop-up opens on clicking date input in My Records page', async ({ timePage, page }) => {
        at D:\OrangeHRM-Automation-using-Playwright-and-JavaScript\tests\time.spec.js:121:38

    attachment #1: screenshot (image/png) ──────────────────────────────────────────────────────────
    ..\Results\Evidence\time-OrangeHRM-Time-Module-cd0be-picker-input-elements-exist-chromium-retry1\test-failed-1.png
    ────────────────────────────────────────────────────────────────────────────────────────────────

    attachment #2: video (video/webm) ──────────────────────────────────────────────────────────────
    ..\Results\Evidence\time-OrangeHRM-Time-Module-cd0be-picker-input-elements-exist-chromium-retry1\video.webm
    ────────────────────────────────────────────────────────────────────────────────────────────────

    Error Context: ..\Results\Evidence\time-OrangeHRM-Time-Module-cd0be-picker-input-elements-exist-chromium-retry1\error-context.md

    attachment #4: trace (application/zip) ─────────────────────────────────────────────────────────
    ..\Results\Evidence\time-OrangeHRM-Time-Module-cd0be-picker-input-elements-exist-chromium-retry1\trace.zip
    Usage:

        npx playwright show-trace ..\Results\Evidence\time-OrangeHRM-Time-Module-cd0be-picker-input-elements-exist-chromium-retry1\trace.zip

    ────────────────────────────────────────────────────────────────────────────────────────────────
]]>
</failure>
</testcase>
<testcase name="OrangeHRM Time Module › TC_TIME_19: Verify calendar pop-up opens on clicking date input in My Records page" classname="time.spec.js" time="32.021">
</testcase>
<testcase name="OrangeHRM Time Module › TC_TIME_20: Verify Reset button clears search filters in My Records page" classname="time.spec.js" time="83.528">
<system-out>
<![CDATA[
[[ATTACHMENT|..\..\Evidence\time-OrangeHRM-Time-Module-27504--filters-in-My-Records-page-chromium\test-failed-1.png]]

[[ATTACHMENT|..\..\Evidence\time-OrangeHRM-Time-Module-27504--filters-in-My-Records-page-chromium\video.webm]]

[[ATTACHMENT|..\..\Evidence\time-OrangeHRM-Time-Module-27504--filters-in-My-Records-page-chromium\error-context.md]]

[[ATTACHMENT|..\..\Evidence\time-OrangeHRM-Time-Module-27504--filters-in-My-Records-page-chromium\trace.zip]]

[[ATTACHMENT|..\..\Evidence\time-OrangeHRM-Time-Module-27504--filters-in-My-Records-page-chromium-retry1\test-failed-1.png]]

[[ATTACHMENT|..\..\Evidence\time-OrangeHRM-Time-Module-27504--filters-in-My-Records-page-chromium-retry1\video.webm]]

[[ATTACHMENT|..\..\Evidence\time-OrangeHRM-Time-Module-27504--filters-in-My-Records-page-chromium-retry1\error-context.md]]

[[ATTACHMENT|..\..\Evidence\time-OrangeHRM-Time-Module-27504--filters-in-My-Records-page-chromium-retry1\trace.zip]]
]]>
</system-out>
<failure message="expect(locator).toBeVisible() failed" type="expect.toBeVisible">
<![CDATA[  [chromium] › time.spec.js:132:3 › OrangeHRM Time Module › TC_TIME_20: Verify Reset button clears search filters in My Records page 

    Error: expect(locator).toBeVisible() failed

    Locator: locator('button').filter({ hasText: 'Reset' })
    Expected: visible
    Timeout: 15000ms
    Error: element(s) not found

    Call log:
      - Expect "toBeVisible" with timeout 15000ms
      - waiting for locator('button').filter({ hasText: 'Reset' })


      133 |     await timePage.navigateToAttendanceRecords();
      134 |     const reset = page.locator('button', { hasText: 'Reset' });
    > 135 |     await expect(reset).toBeVisible();
          |                         ^
      136 |   });
      137 |
      138 |   test('TC_TIME_21: Verify view records button text contains View', async ({ timePage, page }) => {
        at D:\OrangeHRM-Automation-using-Playwright-and-JavaScript\tests\time.spec.js:135:25

    attachment #1: screenshot (image/png) ──────────────────────────────────────────────────────────
    ..\Results\Evidence\time-OrangeHRM-Time-Module-27504--filters-in-My-Records-page-chromium\test-failed-1.png
    ────────────────────────────────────────────────────────────────────────────────────────────────

    attachment #2: video (video/webm) ──────────────────────────────────────────────────────────────
    ..\Results\Evidence\time-OrangeHRM-Time-Module-27504--filters-in-My-Records-page-chromium\video.webm
    ────────────────────────────────────────────────────────────────────────────────────────────────

    Error Context: ..\Results\Evidence\time-OrangeHRM-Time-Module-27504--filters-in-My-Records-page-chromium\error-context.md

    attachment #4: trace (application/zip) ─────────────────────────────────────────────────────────
    ..\Results\Evidence\time-OrangeHRM-Time-Module-27504--filters-in-My-Records-page-chromium\trace.zip
    Usage:

        npx playwright show-trace ..\Results\Evidence\time-OrangeHRM-Time-Module-27504--filters-in-My-Records-page-chromium\trace.zip

    ────────────────────────────────────────────────────────────────────────────────────────────────

    Retry #1 ───────────────────────────────────────────────────────────────────────────────────────

    Error: expect(locator).toBeVisible() failed

    Locator: locator('button').filter({ hasText: 'Reset' })
    Expected: visible
    Timeout: 15000ms
    Error: element(s) not found

    Call log:
      - Expect "toBeVisible" with timeout 15000ms
      - waiting for locator('button').filter({ hasText: 'Reset' })


      133 |     await timePage.navigateToAttendanceRecords();
      134 |     const reset = page.locator('button', { hasText: 'Reset' });
    > 135 |     await expect(reset).toBeVisible();
          |                         ^
      136 |   });
      137 |
      138 |   test('TC_TIME_21: Verify view records button text contains View', async ({ timePage, page }) => {
        at D:\OrangeHRM-Automation-using-Playwright-and-JavaScript\tests\time.spec.js:135:25

    attachment #1: screenshot (image/png) ──────────────────────────────────────────────────────────
    ..\Results\Evidence\time-OrangeHRM-Time-Module-27504--filters-in-My-Records-page-chromium-retry1\test-failed-1.png
    ────────────────────────────────────────────────────────────────────────────────────────────────

    attachment #2: video (video/webm) ──────────────────────────────────────────────────────────────
    ..\Results\Evidence\time-OrangeHRM-Time-Module-27504--filters-in-My-Records-page-chromium-retry1\video.webm
    ────────────────────────────────────────────────────────────────────────────────────────────────

    Error Context: ..\Results\Evidence\time-OrangeHRM-Time-Module-27504--filters-in-My-Records-page-chromium-retry1\error-context.md

    attachment #4: trace (application/zip) ─────────────────────────────────────────────────────────
    ..\Results\Evidence\time-OrangeHRM-Time-Module-27504--filters-in-My-Records-page-chromium-retry1\trace.zip
    Usage:

        npx playwright show-trace ..\Results\Evidence\time-OrangeHRM-Time-Module-27504--filters-in-My-Records-page-chromium-retry1\trace.zip

    ────────────────────────────────────────────────────────────────────────────────────────────────
]]>
</failure>
</testcase>
<testcase name="OrangeHRM Time Module › TC_TIME_21: Verify view records button text contains View" classname="time.spec.js" time="32.092">
</testcase>
<testcase name="OrangeHRM Time Module › TC_TIME_22: Verify breadcrumb title text details are visible" classname="time.spec.js" time="29.289">
</testcase>
<testcase name="OrangeHRM Time Module › TC_TIME_23: Verify Timesheets menu is visible in sub-navigation bar" classname="time.spec.js" time="27.686">
</testcase>
<testcase name="OrangeHRM Time Module › TC_TIME_24: Verify Attendance menu is visible in sub-navigation bar" classname="time.spec.js" time="31.902">
</testcase>
<testcase name="OrangeHRM Time Module › TC_TIME_25: Verify Punch In button exists in Punch page when logged out or punched out" classname="time.spec.js" time="58.754">
<system-out>
<![CDATA[
[[ATTACHMENT|..\..\Evidence\time-OrangeHRM-Time-Module-dc370-n-logged-out-or-punched-out-chromium\test-failed-1.png]]

[[ATTACHMENT|..\..\Evidence\time-OrangeHRM-Time-Module-dc370-n-logged-out-or-punched-out-chromium\video.webm]]

[[ATTACHMENT|..\..\Evidence\time-OrangeHRM-Time-Module-dc370-n-logged-out-or-punched-out-chromium\error-context.md]]

[[ATTACHMENT|..\..\Evidence\time-OrangeHRM-Time-Module-dc370-n-logged-out-or-punched-out-chromium\trace.zip]]

[[ATTACHMENT|..\..\Evidence\time-OrangeHRM-Time-Module-dc370-n-logged-out-or-punched-out-chromium-retry1\test-failed-1.png]]

[[ATTACHMENT|..\..\Evidence\time-OrangeHRM-Time-Module-dc370-n-logged-out-or-punched-out-chromium-retry1\video.webm]]

[[ATTACHMENT|..\..\Evidence\time-OrangeHRM-Time-Module-dc370-n-logged-out-or-punched-out-chromium-retry1\error-context.md]]

[[ATTACHMENT|..\..\Evidence\time-OrangeHRM-Time-Module-dc370-n-logged-out-or-punched-out-chromium-retry1\trace.zip]]
]]>
</system-out>
<failure message="expect(received).toBeGreaterThan(expected)" type="expect.toBeGreaterThan">
<![CDATA[  [chromium] › time.spec.js:157:3 › OrangeHRM Time Module › TC_TIME_25: Verify Punch In button exists in Punch page when logged out or punched out 

    Error: expect(received).toBeGreaterThan(expected)

    Expected: > 0
    Received:   0

      158 |     await timePage.navigateToPunchInOut();
      159 |     const inBtn = page.locator('button:has-text("In"), button:has-text("Out")');
    > 160 |     expect(await inBtn.count()).toBeGreaterThan(0);
          |                                 ^
      161 |   });
      162 |
      163 |   test('TC_TIME_26: Verify Employee Records option is visible under Attendance menu (positive)', async ({ timePage }) => {
        at D:\OrangeHRM-Automation-using-Playwright-and-JavaScript\tests\time.spec.js:160:33

    attachment #1: screenshot (image/png) ──────────────────────────────────────────────────────────
    ..\Results\Evidence\time-OrangeHRM-Time-Module-dc370-n-logged-out-or-punched-out-chromium\test-failed-1.png
    ────────────────────────────────────────────────────────────────────────────────────────────────

    attachment #2: video (video/webm) ──────────────────────────────────────────────────────────────
    ..\Results\Evidence\time-OrangeHRM-Time-Module-dc370-n-logged-out-or-punched-out-chromium\video.webm
    ────────────────────────────────────────────────────────────────────────────────────────────────

    Error Context: ..\Results\Evidence\time-OrangeHRM-Time-Module-dc370-n-logged-out-or-punched-out-chromium\error-context.md

    attachment #4: trace (application/zip) ─────────────────────────────────────────────────────────
    ..\Results\Evidence\time-OrangeHRM-Time-Module-dc370-n-logged-out-or-punched-out-chromium\trace.zip
    Usage:

        npx playwright show-trace ..\Results\Evidence\time-OrangeHRM-Time-Module-dc370-n-logged-out-or-punched-out-chromium\trace.zip

    ────────────────────────────────────────────────────────────────────────────────────────────────

    Retry #1 ───────────────────────────────────────────────────────────────────────────────────────

    Error: expect(received).toBeGreaterThan(expected)

    Expected: > 0
    Received:   0

      158 |     await timePage.navigateToPunchInOut();
      159 |     const inBtn = page.locator('button:has-text("In"), button:has-text("Out")');
    > 160 |     expect(await inBtn.count()).toBeGreaterThan(0);
          |                                 ^
      161 |   });
      162 |
      163 |   test('TC_TIME_26: Verify Employee Records option is visible under Attendance menu (positive)', async ({ timePage }) => {
        at D:\OrangeHRM-Automation-using-Playwright-and-JavaScript\tests\time.spec.js:160:33

    attachment #1: screenshot (image/png) ──────────────────────────────────────────────────────────
    ..\Results\Evidence\time-OrangeHRM-Time-Module-dc370-n-logged-out-or-punched-out-chromium-retry1\test-failed-1.png
    ────────────────────────────────────────────────────────────────────────────────────────────────

    attachment #2: video (video/webm) ──────────────────────────────────────────────────────────────
    ..\Results\Evidence\time-OrangeHRM-Time-Module-dc370-n-logged-out-or-punched-out-chromium-retry1\video.webm
    ────────────────────────────────────────────────────────────────────────────────────────────────

    Error Context: ..\Results\Evidence\time-OrangeHRM-Time-Module-dc370-n-logged-out-or-punched-out-chromium-retry1\error-context.md

    attachment #4: trace (application/zip) ─────────────────────────────────────────────────────────
    ..\Results\Evidence\time-OrangeHRM-Time-Module-dc370-n-logged-out-or-punched-out-chromium-retry1\trace.zip
    Usage:

        npx playwright show-trace ..\Results\Evidence\time-OrangeHRM-Time-Module-dc370-n-logged-out-or-punched-out-chromium-retry1\trace.zip

    ────────────────────────────────────────────────────────────────────────────────────────────────
]]>
</failure>
</testcase>
<testcase name="OrangeHRM Time Module › TC_TIME_26: Verify Employee Records option is visible under Attendance menu (positive)" classname="time.spec.js" time="34.451">
</testcase>
<testcase name="OrangeHRM Time Module › TC_TIME_27: Verify Employee Timesheets search with a non-existent employee name shows required validation (negative)" classname="time.spec.js" time="29.585">
</testcase>
</testsuite>
<testsuite name="validations.spec.js" timestamp="2026-08-14T06:17:28.326Z" hostname="chromium" tests="29" failures="0" skipped="0" time="277.591" errors="0">
<testcase name="OrangeHRM Login Validations › TC_VALID_01: Verify required field validations for empty fields" classname="validations.spec.js" time="8.796">
</testcase>
<testcase name="OrangeHRM Login Validations › TC_VALID_02: Verify validation when only password is entered" classname="validations.spec.js" time="6.139">
</testcase>
<testcase name="OrangeHRM Login Validations › TC_VALID_03: Verify validation when only username is entered" classname="validations.spec.js" time="6.012">
</testcase>
<testcase name="OrangeHRM Login Validations › TC_VALID_04: Verify login fails with special characters in credentials" classname="validations.spec.js" time="12.006">
</testcase>
<testcase name="OrangeHRM Login Validations › TC_VALID_05: Verify validation error message when username has only spaces" classname="validations.spec.js" time="21.079">
</testcase>
<testcase name="OrangeHRM Login Validations › TC_VALID_06: Verify validation error message when password has only spaces" classname="validations.spec.js" time="21.357">
</testcase>
<testcase name="OrangeHRM Login Validations › TC_VALID_07: Verify login fails with SQL Injection payload in username" classname="validations.spec.js" time="10.076">
</testcase>
<testcase name="OrangeHRM Login Validations › TC_VALID_08: Verify login fails with SQL Injection payload in password" classname="validations.spec.js" time="9.123">
</testcase>
<testcase name="OrangeHRM Login Validations › TC_VALID_09: Verify error validation text elements have correct text color (red)" classname="validations.spec.js" time="4.092">
</testcase>
<testcase name="OrangeHRM Login Validations › TC_VALID_10: Verify username field does not exceed max length limit of HTML standards" classname="validations.spec.js" time="4.235">
</testcase>
<testcase name="OrangeHRM Login Validations › TC_VALID_11: Verify password field does not exceed max length limit of HTML standards" classname="validations.spec.js" time="3.475">
</testcase>
<testcase name="OrangeHRM Login Validations › TC_VALID_12: Verify error message font weight is responsive" classname="validations.spec.js" time="3.826">
</testcase>
<testcase name="OrangeHRM Login Validations › TC_VALID_13: Verify input error borders are styled on required error trigger" classname="validations.spec.js" time="3.647">
</testcase>
<testcase name="OrangeHRM Login Validations › TC_VALID_14: Verify form submits only when all validation requirements are met" classname="validations.spec.js" time="22.124">
</testcase>
<testcase name="OrangeHRM Login Validations › TC_VALID_15: Verify username input case-sensitivity" classname="validations.spec.js" time="19.189">
</testcase>
<testcase name="OrangeHRM Login Validations › TC_VALID_16: Verify password input case-sensitivity" classname="validations.spec.js" time="5.45">
</testcase>
<testcase name="OrangeHRM Login Validations › TC_VALID_17: Verify error alert has company icon or style container" classname="validations.spec.js" time="6.936">
</testcase>
<testcase name="OrangeHRM Login Validations › TC_VALID_18: Verify login page form submission tag exists" classname="validations.spec.js" time="17.119">
</testcase>
<testcase name="OrangeHRM Login Validations › TC_VALID_19: Verify login button is of type submit" classname="validations.spec.js" time="14.382">
</testcase>
<testcase name="OrangeHRM Login Validations › TC_VALID_20: Verify field label tags are capitalized" classname="validations.spec.js" time="8.458">
</testcase>
<testcase name="OrangeHRM Login Validations › TC_VALID_21: Verify password input field has password autocomplete settings" classname="validations.spec.js" time="6.604">
</testcase>
<testcase name="OrangeHRM Login Validations › TC_VALID_22: Verify spacing styles around form input groupings" classname="validations.spec.js" time="7.447">
</testcase>
<testcase name="OrangeHRM Login Validations › TC_VALID_23: Verify login button displays hover class transitions" classname="validations.spec.js" time="6.377">
</testcase>
<testcase name="OrangeHRM Login Validations › TC_VALID_24: Verify HTML lang details exist on login viewport" classname="validations.spec.js" time="5.649">
</testcase>
<testcase name="OrangeHRM Login Validations › TC_VALID_25: Verify validation on long username does not crash backend" classname="validations.spec.js" time="6.681">
</testcase>
<testcase name="OrangeHRM Login Validations › TC_VALID_26: Verify login fails safely with an XSS script payload in the password field (negative)" classname="validations.spec.js" time="6.447">
</testcase>
<testcase name="OrangeHRM Login Validations › TC_VALID_27: Verify login fails with unicode and emoji characters in the username (negative)" classname="validations.spec.js" time="6.19">
</testcase>
<testcase name="OrangeHRM Login Validations › TC_VALID_28: Verify login fails when username contains only control/whitespace characters (edge case)" classname="validations.spec.js" time="19.9">
</testcase>
<testcase name="OrangeHRM Login Validations › TC_VALID_29: Verify login fails with an extremely long password without a server error (negative)" classname="validations.spec.js" time="4.775">
</testcase>
</testsuite>
</testsuites>